Using pre-set license
Built from '2022.3/staging' branch; Version is '2022.3.41f1 (0f988161febf) revision 1022081'; Using compiler version '192829333'; Build Type 'Release'
OS: 'Windows 11  (10.0.22631) 64bit CoreSingleLanguage' Language: 'es' Physical Memory: 7955 MB
BatchMode: 1, IsHumanControllingUs: 0, StartBugReporterOnCrash: 0, Is64bit: 1, IsPro: 1

COMMAND LINE ARGUMENTS:
C:\Program Files\Unity\Hub\Editor\2022.3.41f1\Editor\Unity.exe
-adb2
-batchMode
-noUpm
-name
AssetImportWorker2
-projectPath
C:/Users/Acer/Desktop/Computacion Grafica/VFX/EjercicioGrupal/Ejercicio2/Ejercicio2_ComputacionGrafica
-logFile
Logs/AssetImportWorker2.log
-srvPort
60114
Successfully changed project path to: C:/Users/Acer/Desktop/Computacion Grafica/VFX/EjercicioGrupal/Ejercicio2/Ejercicio2_ComputacionGrafica
C:/Users/Acer/Desktop/Computacion Grafica/VFX/EjercicioGrupal/Ejercicio2/Ejercicio2_ComputacionGrafica
[UnityMemory] Configuration Parameters - Can be set up in boot.config
    "memorysetup-bucket-allocator-granularity=16"
    "memorysetup-bucket-allocator-bucket-count=8"
    "memorysetup-bucket-allocator-block-size=33554432"
    "memorysetup-bucket-allocator-block-count=8"
    "memorysetup-main-allocator-block-size=16777216"
    "memorysetup-thread-allocator-block-size=16777216"
    "memorysetup-gfx-main-allocator-block-size=16777216"
    "memorysetup-gfx-thread-allocator-block-size=16777216"
    "memorysetup-cache-allocator-block-size=4194304"
    "memorysetup-typetree-allocator-block-size=2097152"
    "memorysetup-profiler-bucket-allocator-granularity=16"
    "memorysetup-profiler-bucket-allocator-bucket-count=8"
    "memorysetup-profiler-bucket-allocator-block-size=33554432"
    "memorysetup-profiler-bucket-allocator-block-count=8"
    "memorysetup-profiler-allocator-block-size=16777216"
    "memorysetup-profiler-editor-allocator-block-size=1048576"
    "memorysetup-temp-allocator-size-main=16777216"
    "memorysetup-job-temp-allocator-block-size=2097152"
    "memorysetup-job-temp-allocator-block-size-background=1048576"
    "memorysetup-job-temp-allocator-reduction-small-platforms=262144"
    "memorysetup-allocator-temp-initial-block-size-main=262144"
    "memorysetup-allocator-temp-initial-block-size-worker=262144"
    "memorysetup-temp-allocator-size-background-worker=32768"
    "memorysetup-temp-allocator-size-job-worker=262144"
    "memorysetup-temp-allocator-size-preload-manager=33554432"
    "memorysetup-temp-allocator-size-nav-mesh-worker=65536"
    "memorysetup-temp-allocator-size-audio-worker=65536"
    "memorysetup-temp-allocator-size-cloud-worker=32768"
    "memorysetup-temp-allocator-size-gi-baking-worker=262144"
    "memorysetup-temp-allocator-size-gfx=262144"
Player connection [1452]  Target information:

Player connection [1452]  * "[IP] 192.168.1.4 [Port] 0 [Flags] 2 [Guid] 3903083677 [EditorId] 3903083677 [Version] 1048832 [Id] WindowsEditor(7,LAPTOP-PM0FQCBJ) [Debug] 1 [PackageName] WindowsEditor [ProjectName] Editor" 

Player connection [1452] Host joined multi-casting on [225.0.0.222:54997]...
Player connection [1452] Host joined alternative multi-casting on [225.0.0.222:34997]...
[PhysX] Initialized MultithreadedTaskDispatcher with 12 workers.
Refreshing native plugins compatible for Editor in 22.33 ms, found 3 plugins.
Preloading 0 native plugins for Editor in 0.00 ms.
Initialize engine version: 2022.3.41f1 (0f988161febf)
[Subsystems] Discovering subsystems at path C:/Program Files/Unity/Hub/Editor/2022.3.41f1/Editor/Data/Resources/UnitySubsystems
[Subsystems] Discovering subsystems at path C:/Users/Acer/Desktop/Computacion Grafica/VFX/EjercicioGrupal/Ejercicio2/Ejercicio2_ComputacionGrafica/Assets
GfxDevice: creating device client; threaded=0; jobified=0
Direct3D:
    Version:  Direct3D 11.0 [level 11.1]
    Renderer: NVIDIA GeForce GTX 1650 (ID=0x1f9d)
    Vendor:   NVIDIA
    VRAM:     3950 MB
    Driver:   31.0.15.4633
Initialize mono
Mono path[0] = 'C:/Program Files/Unity/Hub/Editor/2022.3.41f1/Editor/Data/Managed'
Mono path[1] = 'C:/Program Files/Unity/Hub/Editor/2022.3.41f1/Editor/Data/MonoBleedingEdge/lib/mono/unityjit-win32'
Mono config path = 'C:/Program Files/Unity/Hub/Editor/2022.3.41f1/Editor/Data/MonoBleedingEdge/etc'
Using monoOptions --debugger-agent=transport=dt_socket,embedding=1,server=y,suspend=n,address=127.0.0.1:56088
Begin MonoManager ReloadAssembly
Registering precompiled unity dll's ...
Register platform support module: C:/Program Files/Unity/Hub/Editor/2022.3.41f1/Editor/Data/PlaybackEngines/AndroidPlayer/UnityEditor.Android.Extensions.dll
Register platform support module: C:/Program Files/Unity/Hub/Editor/2022.3.41f1/Editor/Data/PlaybackEngines/WindowsStandaloneSupport/UnityEditor.WindowsStandalone.Extensions.dll
Registered in 0.011659 seconds.
- Loaded All Assemblies, in  0.436 seconds
Native extension for WindowsStandalone target not found
Native extension for Android target not found
Android Extension - Scanning For ADB Devices 289 ms
Mono: successfully reloaded assembly
- Finished resetting the current domain, in  0.637 seconds
Domain Reload Profiling: 1073ms
	BeginReloadAssembly (140ms)
		ExecutionOrderSort (0ms)
		DisableScriptedObjects (0ms)
		BackupInstance (0ms)
		ReleaseScriptingObjects (0ms)
		CreateAndSetChildDomain (2ms)
	RebuildCommonClasses (42ms)
	RebuildNativeTypeToScriptingClass (10ms)
	initialDomainReloadingComplete (71ms)
	LoadAllAssembliesAndSetupDomain (171ms)
		LoadAssemblies (136ms)
		RebuildTransferFunctionScriptingTraits (0ms)
		AnalyzeDomain (168ms)
			TypeCache.Refresh (166ms)
				TypeCache.ScanAssembly (148ms)
			ScanForSourceGeneratedMonoScriptInfo (0ms)
			ResolveRequiredComponents (1ms)
	FinalizeReload (638ms)
		ReleaseScriptCaches (0ms)
		RebuildScriptCaches (0ms)
		SetupLoadedEditorAssemblies (589ms)
			LogAssemblyErrors (0ms)
			InitializePlatformSupportModulesInManaged (409ms)
			SetLoadedEditorAssemblies (4ms)
			RefreshPlugins (0ms)
			BeforeProcessingInitializeOnLoad (3ms)
			ProcessInitializeOnLoadAttributes (125ms)
			ProcessInitializeOnLoadMethodAttributes (48ms)
			AfterProcessingInitializeOnLoad (0ms)
			EditorAssembliesLoaded (0ms)
		ExecutionOrderSort2 (0ms)
		AwakeInstancesAfterBackupRestoration (0ms)
========================================================================
Worker process is ready to serve import requests
Caller must complete domain reload
Begin MonoManager ReloadAssembly
- Loaded All Assemblies, in  0.855 seconds
Native extension for WindowsStandalone target not found
Native extension for Android target not found
Package Manager log level set to [2]
[Package Manager] Server::EnsureServerProcessIsRunning -- launch failed, reason: Unity was launched with the -noUpm command-line argument
[Package Manager] UpmClient::Send -- Unable to send message (not connected to UPM process).
[Package Manager] Cannot connect to Unity Package Manager local server
Mono: successfully reloaded assembly
- Finished resetting the current domain, in  0.942 seconds
Domain Reload Profiling: 1789ms
	BeginReloadAssembly (150ms)
		ExecutionOrderSort (0ms)
		DisableScriptedObjects (5ms)
		BackupInstance (0ms)
		ReleaseScriptingObjects (0ms)
		CreateAndSetChildDomain (26ms)
	RebuildCommonClasses (33ms)
	RebuildNativeTypeToScriptingClass (10ms)
	initialDomainReloadingComplete (43ms)
	LoadAllAssembliesAndSetupDomain (612ms)
		LoadAssemblies (439ms)
		RebuildTransferFunctionScriptingTraits (0ms)
		AnalyzeDomain (259ms)
			TypeCache.Refresh (223ms)
				TypeCache.ScanAssembly (196ms)
			ScanForSourceGeneratedMonoScriptInfo (24ms)
			ResolveRequiredComponents (11ms)
	FinalizeReload (942ms)
		ReleaseScriptCaches (0ms)
		RebuildScriptCaches (0ms)
		SetupLoadedEditorAssemblies (742ms)
			LogAssemblyErrors (0ms)
			InitializePlatformSupportModulesInManaged (30ms)
			SetLoadedEditorAssemblies (3ms)
			RefreshPlugins (0ms)
			BeforeProcessingInitializeOnLoad (84ms)
			ProcessInitializeOnLoadAttributes (530ms)
			ProcessInitializeOnLoadMethodAttributes (86ms)
			AfterProcessingInitializeOnLoad (10ms)
			EditorAssembliesLoaded (0ms)
		ExecutionOrderSort2 (0ms)
		AwakeInstancesAfterBackupRestoration (8ms)
Launched and connected shader compiler UnityShaderCompiler.exe after 0.07 seconds
Refreshing native plugins compatible for Editor in 10.36 ms, found 3 plugins.
Preloading 0 native plugins for Editor in 0.00 ms.
Unloading 5520 Unused Serialized files (Serialized files now loaded: 0)
Unloading 24 unused Assets / (1.1 MB). Loaded Objects now: 6001.
Memory consumption went from 233.0 MB to 231.9 MB.
Total: 5.181400 ms (FindLiveObjects: 0.513600 ms CreateObjectMapping: 0.260400 ms MarkObjects: 3.875300 ms  DeleteObjects: 0.244400 ms)

AssetImportParameters requested are different than current active one (requested -> active):
  custom:container-demuxer-ogg: 62fdf1f143b41e24485cea50d1cbac27 -> 
  custom:video-decoder-ogg-theora: a1e56fd34408186e4bbccfd4996cb3dc -> 
  custom:framework-win-MediaFoundation: 216162199b28c13a410421893ffa2e32 -> 
  custom:CustomObjectIndexerAttribute: 72b91833f83ae208fae7752999fa3104 -> 
  custom:container-demuxer-webm: 4f35f7cbe854078d1ac9338744f61a02 -> 
  custom:container-muxer-webm: aa71ff27fc2769a1b78a27578f13a17b -> 
  custom:video-decoder-webm-vp8: 9c59270c3fd7afecdb556c50c9e8de78 -> 
  custom:SearchIndexIgnoredProperties: e643bd26f0fe6173181afceb89e7c659 -> 
  custom:AudioImporter_EditorPlatform: d09bf68614088b80899f8185d706f6e7 -> 
  custom:video-encoder-webm-vp8: eb34c28f22e8b96e1ab97ce403110664 -> 
  custom:audio-decoder-ogg-vorbis: bf7c407c2cedff20999df2af8eb42d56 -> 
  custom:audio-encoder-webm-vorbis: bf7c407c2cedff20999df2af8eb42d56 -> 
========================================================================
Received Import Request.
  Time since last request: 344612.345064 seconds.
  path: Assets/VFX Graph/ExplosionBlackHole.vfx
  artifactKey: Guid(0fe36dcac264377439f146d67f1c043f) Importer(815301076,1909f56bfc062723c751e8b465ee728b)
Start importing Assets/VFX Graph/ExplosionBlackHole.vfx using Guid(0fe36dcac264377439f146d67f1c043f) Importer(815301076,1909f56bfc062723c751e8b465ee728b) [PhysX] Initialized MultithreadedTaskDispatcher with 12 workers.
 -> (artifact id: '17d1073e704af1443add580008be127a') in 0.041313 seconds
Number of updated asset objects reloaded before import = 1
Number of asset objects unloaded after import = 9
========================================================================
Received Import Request.
  Time since last request: 64.657041 seconds.
  path: Assets/VFX Graph/ExplosionBlackHole.vfx
  artifactKey: Guid(0fe36dcac264377439f146d67f1c043f) Importer(815301076,1909f56bfc062723c751e8b465ee728b)
Start importing Assets/VFX Graph/ExplosionBlackHole.vfx using Guid(0fe36dcac264377439f146d67f1c043f) Importer(815301076,1909f56bfc062723c751e8b465ee728b) [PhysX] Initialized MultithreadedTaskDispatcher with 12 workers.
 -> (artifact id: 'dce4bad366f1ccbf37a7659f75300c05') in 0.005101 seconds
Number of updated asset objects reloaded before import = 1
Number of asset objects unloaded after import = 9
========================================================================
Received Import Request.
  Time since last request: 2.219581 seconds.
  path: Assets/VFX Graph/ExplosionBlackHole.vfx
  artifactKey: Guid(0fe36dcac264377439f146d67f1c043f) Importer(815301076,1909f56bfc062723c751e8b465ee728b)
Start importing Assets/VFX Graph/ExplosionBlackHole.vfx using Guid(0fe36dcac264377439f146d67f1c043f) Importer(815301076,1909f56bfc062723c751e8b465ee728b) [PhysX] Initialized MultithreadedTaskDispatcher with 12 workers.
 -> (artifact id: 'fcae6a0348769e149a8dd764789f9b95') in 0.004924 seconds
Number of updated asset objects reloaded before import = 1
Number of asset objects unloaded after import = 9
========================================================================
Received Import Request.
  Time since last request: 13.149265 seconds.
  path: Assets/VFX Graph/ExplosionBlackHole.vfx
  artifactKey: Guid(0fe36dcac264377439f146d67f1c043f) Importer(815301076,1909f56bfc062723c751e8b465ee728b)
Start importing Assets/VFX Graph/ExplosionBlackHole.vfx using Guid(0fe36dcac264377439f146d67f1c043f) Importer(815301076,1909f56bfc062723c751e8b465ee728b) [PhysX] Initialized MultithreadedTaskDispatcher with 12 workers.
 -> (artifact id: '8d6b41df953f4cfdff92af438cdd7eb9') in 0.005206 seconds
Number of updated asset objects reloaded before import = 1
Number of asset objects unloaded after import = 9
========================================================================
Received Import Request.
  Time since last request: 16.001148 seconds.
  path: Assets/VFX Graph/ExplosionBlackHole.vfx
  artifactKey: Guid(0fe36dcac264377439f146d67f1c043f) Importer(815301076,1909f56bfc062723c751e8b465ee728b)
Start importing Assets/VFX Graph/ExplosionBlackHole.vfx using Guid(0fe36dcac264377439f146d67f1c043f) Importer(815301076,1909f56bfc062723c751e8b465ee728b) [PhysX] Initialized MultithreadedTaskDispatcher with 12 workers.
 -> (artifact id: '61ddf787d26630b850a5dc3655b32dc7') in 0.005112 seconds
Number of updated asset objects reloaded before import = 1
Number of asset objects unloaded after import = 9
========================================================================
Received Import Request.
  Time since last request: 399.276860 seconds.
  path: Assets/Textures/BlackHole.png
  artifactKey: Guid(9c2bbec7a1931fa4db371bb5581053cd) Importer(815301076,1909f56bfc062723c751e8b465ee728b)
Start importing Assets/Textures/BlackHole.png using Guid(9c2bbec7a1931fa4db371bb5581053cd) Importer(815301076,1909f56bfc062723c751e8b465ee728b) [PhysX] Initialized MultithreadedTaskDispatcher with 12 workers.
[PhysX] Initialized MultithreadedTaskDispatcher with 12 workers.
 -> (artifact id: '41d76cb935e763285d9391a915608de4') in 0.517998 seconds
Number of updated asset objects reloaded before import = 0
Number of asset objects unloaded after import = 2
========================================================================
Received Import Request.
  Time since last request: 10.678840 seconds.
  path: Assets/Textures/BlackHole.png
  artifactKey: Guid(9c2bbec7a1931fa4db371bb5581053cd) Importer(815301076,1909f56bfc062723c751e8b465ee728b)
Start importing Assets/Textures/BlackHole.png using Guid(9c2bbec7a1931fa4db371bb5581053cd) Importer(815301076,1909f56bfc062723c751e8b465ee728b) [PhysX] Initialized MultithreadedTaskDispatcher with 12 workers.
[PhysX] Initialized MultithreadedTaskDispatcher with 12 workers.
 -> (artifact id: '83acca8d36ca9bca4f3604c47b95ece2') in 0.019733 seconds
Number of updated asset objects reloaded before import = 0
Number of asset objects unloaded after import = 2
========================================================================
Received Import Request.
  Time since last request: 25.340419 seconds.
  path: Assets/VFX Graph/ExplosionBlackHole.vfx
  artifactKey: Guid(0fe36dcac264377439f146d67f1c043f) Importer(815301076,1909f56bfc062723c751e8b465ee728b)
Start importing Assets/VFX Graph/ExplosionBlackHole.vfx using Guid(0fe36dcac264377439f146d67f1c043f) Importer(815301076,1909f56bfc062723c751e8b465ee728b) [PhysX] Initialized MultithreadedTaskDispatcher with 12 workers.
 -> (artifact id: '223ba4ed2cafd3368fb714007567e64d') in 0.040519 seconds
Number of updated asset objects reloaded before import = 1
Number of asset objects unloaded after import = 9
========================================================================
Received Prepare
Caller must complete domain reload
Begin MonoManager ReloadAssembly
- Loaded All Assemblies, in  2.325 seconds
Native extension for WindowsStandalone target not found
Native extension for Android target not found
[Package Manager] Server::EnsureServerProcessIsRunning -- launch failed, reason: Unity was launched with the -noUpm command-line argument
[Package Manager] UpmClient::Send -- Unable to send message (not connected to UPM process).
[Package Manager] Cannot connect to Unity Package Manager local server
Mono: successfully reloaded assembly
- Finished resetting the current domain, in  3.154 seconds
Domain Reload Profiling: 5477ms
	BeginReloadAssembly (729ms)
		ExecutionOrderSort (0ms)
		DisableScriptedObjects (45ms)
		BackupInstance (0ms)
		ReleaseScriptingObjects (1ms)
		CreateAndSetChildDomain (305ms)
	RebuildCommonClasses (38ms)
	RebuildNativeTypeToScriptingClass (12ms)
	initialDomainReloadingComplete (42ms)
	LoadAllAssembliesAndSetupDomain (1502ms)
		LoadAssemblies (1678ms)
		RebuildTransferFunctionScriptingTraits (0ms)
		AnalyzeDomain (63ms)
			TypeCache.Refresh (38ms)
				TypeCache.ScanAssembly (0ms)
			ScanForSourceGeneratedMonoScriptInfo (0ms)
			ResolveRequiredComponents (23ms)
	FinalizeReload (3155ms)
		ReleaseScriptCaches (0ms)
		RebuildScriptCaches (0ms)
		SetupLoadedEditorAssemblies (586ms)
			LogAssemblyErrors (0ms)
			InitializePlatformSupportModulesInManaged (34ms)
			SetLoadedEditorAssemblies (7ms)
			RefreshPlugins (0ms)
			BeforeProcessingInitializeOnLoad (90ms)
			ProcessInitializeOnLoadAttributes (386ms)
			ProcessInitializeOnLoadMethodAttributes (62ms)
			AfterProcessingInitializeOnLoad (7ms)
			EditorAssembliesLoaded (1ms)
		ExecutionOrderSort2 (0ms)
		AwakeInstancesAfterBackupRestoration (18ms)
Refreshing native plugins compatible for Editor in 5.19 ms, found 3 plugins.
Preloading 0 native plugins for Editor in 0.00 ms.
Unloading 5350 Unused Serialized files (Serialized files now loaded: 0)
Unloading 20 unused Assets / (1.1 MB). Loaded Objects now: 6008.
Memory consumption went from 202.9 MB to 201.9 MB.
Total: 18.910700 ms (FindLiveObjects: 0.537400 ms CreateObjectMapping: 0.285400 ms MarkObjects: 17.487000 ms  DeleteObjects: 0.443200 ms)

Prepare: number of updated asset objects reloaded= 0
AssetImportParameters requested are different than current active one (requested -> active):
  custom:container-demuxer-ogg: 62fdf1f143b41e24485cea50d1cbac27 -> 
  custom:video-decoder-ogg-theora: a1e56fd34408186e4bbccfd4996cb3dc -> 
  custom:framework-win-MediaFoundation: 216162199b28c13a410421893ffa2e32 -> 
  custom:CustomObjectIndexerAttribute: 72b91833f83ae208fae7752999fa3104 -> 
  custom:container-demuxer-webm: 4f35f7cbe854078d1ac9338744f61a02 -> 
  custom:container-muxer-webm: aa71ff27fc2769a1b78a27578f13a17b -> 
  custom:video-decoder-webm-vp8: 9c59270c3fd7afecdb556c50c9e8de78 -> 
  custom:SearchIndexIgnoredProperties: e643bd26f0fe6173181afceb89e7c659 -> 
  custom:AudioImporter_EditorPlatform: d09bf68614088b80899f8185d706f6e7 -> 
  custom:video-encoder-webm-vp8: eb34c28f22e8b96e1ab97ce403110664 -> 
  custom:audio-decoder-ogg-vorbis: bf7c407c2cedff20999df2af8eb42d56 -> 
  custom:audio-encoder-webm-vorbis: bf7c407c2cedff20999df2af8eb42d56 -> 
========================================================================
Received Import Request.
  Time since last request: 68.004808 seconds.
  path: Assets/Textures/BlackHole2.png
  artifactKey: Guid(1e03f9f93c0635e41997903691350fad) Importer(815301076,1909f56bfc062723c751e8b465ee728b)
Start importing Assets/Textures/BlackHole2.png using Guid(1e03f9f93c0635e41997903691350fad) Importer(815301076,1909f56bfc062723c751e8b465ee728b) [PhysX] Initialized MultithreadedTaskDispatcher with 12 workers.
[PhysX] Initialized MultithreadedTaskDispatcher with 12 workers.
 -> (artifact id: '324d1f5c2d1da8311ceb54ca728b77ba') in 0.103096 seconds
Number of updated asset objects reloaded before import = 0
Number of asset objects unloaded after import = 2
========================================================================
Received Import Request.
  Time since last request: 5.862548 seconds.
  path: Assets/Textures/BlackHole2.png
  artifactKey: Guid(1e03f9f93c0635e41997903691350fad) Importer(815301076,1909f56bfc062723c751e8b465ee728b)
Start importing Assets/Textures/BlackHole2.png using Guid(1e03f9f93c0635e41997903691350fad) Importer(815301076,1909f56bfc062723c751e8b465ee728b) [PhysX] Initialized MultithreadedTaskDispatcher with 12 workers.
[PhysX] Initialized MultithreadedTaskDispatcher with 12 workers.
 -> (artifact id: '05ef4a9bab713ae298be84f36cdd3774') in 0.016712 seconds
Number of updated asset objects reloaded before import = 0
Number of asset objects unloaded after import = 2
========================================================================
Received Import Request.
  Time since last request: 14.697226 seconds.
  path: Assets/VFX Graph/ExplosionBlackHole.vfx
  artifactKey: Guid(0fe36dcac264377439f146d67f1c043f) Importer(815301076,1909f56bfc062723c751e8b465ee728b)
Start importing Assets/VFX Graph/ExplosionBlackHole.vfx using Guid(0fe36dcac264377439f146d67f1c043f) Importer(815301076,1909f56bfc062723c751e8b465ee728b) [PhysX] Initialized MultithreadedTaskDispatcher with 12 workers.
 -> (artifact id: 'e9a3d7e1d8813d4b46927fed8c2d76ea') in 0.016060 seconds
Number of updated asset objects reloaded before import = 1
Number of asset objects unloaded after import = 9
========================================================================
Received Import Request.
  Time since last request: 27.307820 seconds.
  path: Assets/VFX Graph/ExplosionBlackHole.vfx
  artifactKey: Guid(0fe36dcac264377439f146d67f1c043f) Importer(815301076,1909f56bfc062723c751e8b465ee728b)
Start importing Assets/VFX Graph/ExplosionBlackHole.vfx using Guid(0fe36dcac264377439f146d67f1c043f) Importer(815301076,1909f56bfc062723c751e8b465ee728b) [PhysX] Initialized MultithreadedTaskDispatcher with 12 workers.
 -> (artifact id: 'f5e8a10738e34d6eeb3a2346a83fa5a5') in 0.007271 seconds
Number of updated asset objects reloaded before import = 1
Number of asset objects unloaded after import = 9
========================================================================
Received Import Request.
  Time since last request: 37.481982 seconds.
  path: Assets/VFX Graph/ExplosionBlackHole.vfx
  artifactKey: Guid(0fe36dcac264377439f146d67f1c043f) Importer(815301076,1909f56bfc062723c751e8b465ee728b)
Start importing Assets/VFX Graph/ExplosionBlackHole.vfx using Guid(0fe36dcac264377439f146d67f1c043f) Importer(815301076,1909f56bfc062723c751e8b465ee728b) [PhysX] Initialized MultithreadedTaskDispatcher with 12 workers.
 -> (artifact id: '7f2f9bad38a6411d8a2e5fe86921ded2') in 0.007134 seconds
Number of updated asset objects reloaded before import = 1
Number of asset objects unloaded after import = 9
========================================================================
Received Import Request.
  Time since last request: 45.896672 seconds.
  path: Assets/VFX Graph/ExplosionBlackHole.vfx
  artifactKey: Guid(0fe36dcac264377439f146d67f1c043f) Importer(815301076,1909f56bfc062723c751e8b465ee728b)
Start importing Assets/VFX Graph/ExplosionBlackHole.vfx using Guid(0fe36dcac264377439f146d67f1c043f) Importer(815301076,1909f56bfc062723c751e8b465ee728b) [PhysX] Initialized MultithreadedTaskDispatcher with 12 workers.
 -> (artifact id: '7bede8d260ef36352d799d5bcee365b6') in 0.006179 seconds
Number of updated asset objects reloaded before import = 1
Number of asset objects unloaded after import = 9
========================================================================
Received Import Request.
  Time since last request: 6.220910 seconds.
  path: Assets/VFX Graph/OrbitalParticles.vfx
  artifactKey: Guid(1865fe635a20a7440be599c54700e5ce) Importer(815301076,1909f56bfc062723c751e8b465ee728b)
Start importing Assets/VFX Graph/OrbitalParticles.vfx using Guid(1865fe635a20a7440be599c54700e5ce) Importer(815301076,1909f56bfc062723c751e8b465ee728b) [PhysX] Initialized MultithreadedTaskDispatcher with 12 workers.
 -> (artifact id: '5e91eba93419a8854bd244ac494aeefd') in 0.004470 seconds
Number of updated asset objects reloaded before import = 0
Number of asset objects unloaded after import = 5
========================================================================
Received Import Request.
  Time since last request: 41.436053 seconds.
  path: Assets/VFX Graph/OrbitalParticles.vfx
  artifactKey: Guid(1865fe635a20a7440be599c54700e5ce) Importer(815301076,1909f56bfc062723c751e8b465ee728b)
Start importing Assets/VFX Graph/OrbitalParticles.vfx using Guid(1865fe635a20a7440be599c54700e5ce) Importer(815301076,1909f56bfc062723c751e8b465ee728b) [PhysX] Initialized MultithreadedTaskDispatcher with 12 workers.
 -> (artifact id: '0988966c5869ee439b0caa1e2e3e1723') in 0.003927 seconds
Number of updated asset objects reloaded before import = 0
Number of asset objects unloaded after import = 5
========================================================================
Received Import Request.
  Time since last request: 5.391685 seconds.
  path: Assets/VFX Graph/OrbitalParticles.vfx
  artifactKey: Guid(1865fe635a20a7440be599c54700e5ce) Importer(815301076,1909f56bfc062723c751e8b465ee728b)
Start importing Assets/VFX Graph/OrbitalParticles.vfx using Guid(1865fe635a20a7440be599c54700e5ce) Importer(815301076,1909f56bfc062723c751e8b465ee728b) [PhysX] Initialized MultithreadedTaskDispatcher with 12 workers.
 -> (artifact id: '96a8246fa62b3f7b3c820abfa89c2b26') in 0.004172 seconds
Number of updated asset objects reloaded before import = 0
Number of asset objects unloaded after import = 5
========================================================================
Received Import Request.
  Time since last request: 7.419707 seconds.
  path: Assets/VFX Graph/OrbitalParticles.vfx
  artifactKey: Guid(1865fe635a20a7440be599c54700e5ce) Importer(815301076,1909f56bfc062723c751e8b465ee728b)
Start importing Assets/VFX Graph/OrbitalParticles.vfx using Guid(1865fe635a20a7440be599c54700e5ce) Importer(815301076,1909f56bfc062723c751e8b465ee728b) [PhysX] Initialized MultithreadedTaskDispatcher with 12 workers.
 -> (artifact id: 'add594936c8ab679bb38f19c60cbfb19') in 0.003877 seconds
Number of updated asset objects reloaded before import = 0
Number of asset objects unloaded after import = 5
========================================================================
Received Import Request.
  Time since last request: 13.147402 seconds.
  path: Assets/VFX Graph/OrbitalParticles.vfx
  artifactKey: Guid(1865fe635a20a7440be599c54700e5ce) Importer(815301076,1909f56bfc062723c751e8b465ee728b)
Start importing Assets/VFX Graph/OrbitalParticles.vfx using Guid(1865fe635a20a7440be599c54700e5ce) Importer(815301076,1909f56bfc062723c751e8b465ee728b) [PhysX] Initialized MultithreadedTaskDispatcher with 12 workers.
 -> (artifact id: '753bd1afa4a1758f085ea4deef3d26c2') in 0.004485 seconds
Number of updated asset objects reloaded before import = 0
Number of asset objects unloaded after import = 5
========================================================================
Received Import Request.
  Time since last request: 30.958968 seconds.
  path: Assets/VFX Graph/OrbitalParticles.vfx
  artifactKey: Guid(1865fe635a20a7440be599c54700e5ce) Importer(815301076,1909f56bfc062723c751e8b465ee728b)
Start importing Assets/VFX Graph/OrbitalParticles.vfx using Guid(1865fe635a20a7440be599c54700e5ce) Importer(815301076,1909f56bfc062723c751e8b465ee728b) [PhysX] Initialized MultithreadedTaskDispatcher with 12 workers.
 -> (artifact id: 'd7171f00848075fcd894a12db2c57fdb') in 0.005129 seconds
Number of updated asset objects reloaded before import = 0
Number of asset objects unloaded after import = 5
========================================================================
Received Import Request.
  Time since last request: 13.470700 seconds.
  path: Assets/VFX Graph/OrbitalParticles.vfx
  artifactKey: Guid(1865fe635a20a7440be599c54700e5ce) Importer(815301076,1909f56bfc062723c751e8b465ee728b)
Start importing Assets/VFX Graph/OrbitalParticles.vfx using Guid(1865fe635a20a7440be599c54700e5ce) Importer(815301076,1909f56bfc062723c751e8b465ee728b) [PhysX] Initialized MultithreadedTaskDispatcher with 12 workers.
 -> (artifact id: '1059884a8299777512f8c83f3b4a8a69') in 0.005521 seconds
Number of updated asset objects reloaded before import = 0
Number of asset objects unloaded after import = 5
========================================================================
Received Import Request.
  Time since last request: 21.712410 seconds.
  path: Assets/VFX Graph/OrbitalParticles.vfx
  artifactKey: Guid(1865fe635a20a7440be599c54700e5ce) Importer(815301076,1909f56bfc062723c751e8b465ee728b)
Start importing Assets/VFX Graph/OrbitalParticles.vfx using Guid(1865fe635a20a7440be599c54700e5ce) Importer(815301076,1909f56bfc062723c751e8b465ee728b) [PhysX] Initialized MultithreadedTaskDispatcher with 12 workers.
 -> (artifact id: '05c660fe7dd146057bdca97919558597') in 0.005513 seconds
Number of updated asset objects reloaded before import = 0
Number of asset objects unloaded after import = 5
========================================================================
Received Import Request.
  Time since last request: 90.615598 seconds.
  path: Assets/VFX Graph/OrbitalParticles.vfx
  artifactKey: Guid(1865fe635a20a7440be599c54700e5ce) Importer(815301076,1909f56bfc062723c751e8b465ee728b)
Start importing Assets/VFX Graph/OrbitalParticles.vfx using Guid(1865fe635a20a7440be599c54700e5ce) Importer(815301076,1909f56bfc062723c751e8b465ee728b) [PhysX] Initialized MultithreadedTaskDispatcher with 12 workers.
 -> (artifact id: '484660cfffef9ff1aecf26e0c274bf4e') in 0.006140 seconds
Number of updated asset objects reloaded before import = 0
Number of asset objects unloaded after import = 5
========================================================================
Received Import Request.
  Time since last request: 63.557540 seconds.
  path: Assets/VFX Graph/OrbitalParticles.vfx
  artifactKey: Guid(1865fe635a20a7440be599c54700e5ce) Importer(815301076,1909f56bfc062723c751e8b465ee728b)
Start importing Assets/VFX Graph/OrbitalParticles.vfx using Guid(1865fe635a20a7440be599c54700e5ce) Importer(815301076,1909f56bfc062723c751e8b465ee728b) [PhysX] Initialized MultithreadedTaskDispatcher with 12 workers.
 -> (artifact id: '100f095b80b008473ba2ad98a7056be2') in 0.008626 seconds
Number of updated asset objects reloaded before import = 0
Number of asset objects unloaded after import = 5
========================================================================
Received Import Request.
  Time since last request: 17.227729 seconds.
  path: Assets/VFX Graph/OrbitalParticles.vfx
  artifactKey: Guid(1865fe635a20a7440be599c54700e5ce) Importer(815301076,1909f56bfc062723c751e8b465ee728b)
Start importing Assets/VFX Graph/OrbitalParticles.vfx using Guid(1865fe635a20a7440be599c54700e5ce) Importer(815301076,1909f56bfc062723c751e8b465ee728b) [PhysX] Initialized MultithreadedTaskDispatcher with 12 workers.
 -> (artifact id: '5382180c850017af1222d299d7f3000f') in 0.009148 seconds
Number of updated asset objects reloaded before import = 0
Number of asset objects unloaded after import = 5
========================================================================
Received Import Request.
  Time since last request: 5.635753 seconds.
  path: Assets/VFX Graph/OrbitalParticles.vfx
  artifactKey: Guid(1865fe635a20a7440be599c54700e5ce) Importer(815301076,1909f56bfc062723c751e8b465ee728b)
Start importing Assets/VFX Graph/OrbitalParticles.vfx using Guid(1865fe635a20a7440be599c54700e5ce) Importer(815301076,1909f56bfc062723c751e8b465ee728b) [PhysX] Initialized MultithreadedTaskDispatcher with 12 workers.
 -> (artifact id: '162f5d28e18c5e5e1cc3fd3a20088508') in 0.005868 seconds
Number of updated asset objects reloaded before import = 0
Number of asset objects unloaded after import = 5
========================================================================
Received Import Request.
  Time since last request: 25.491285 seconds.
  path: Assets/VFX Graph/OrbitalParticles.vfx
  artifactKey: Guid(1865fe635a20a7440be599c54700e5ce) Importer(815301076,1909f56bfc062723c751e8b465ee728b)
Start importing Assets/VFX Graph/OrbitalParticles.vfx using Guid(1865fe635a20a7440be599c54700e5ce) Importer(815301076,1909f56bfc062723c751e8b465ee728b) [PhysX] Initialized MultithreadedTaskDispatcher with 12 workers.
 -> (artifact id: '5a1d28263750c2ec620a9e1ccffac91a') in 0.006321 seconds
Number of updated asset objects reloaded before import = 0
Number of asset objects unloaded after import = 5
========================================================================
Received Import Request.
  Time since last request: 2.298681 seconds.
  path: Assets/VFX Graph/OrbitalParticles.vfx
  artifactKey: Guid(1865fe635a20a7440be599c54700e5ce) Importer(815301076,1909f56bfc062723c751e8b465ee728b)
Start importing Assets/VFX Graph/OrbitalParticles.vfx using Guid(1865fe635a20a7440be599c54700e5ce) Importer(815301076,1909f56bfc062723c751e8b465ee728b) [PhysX] Initialized MultithreadedTaskDispatcher with 12 workers.
 -> (artifact id: 'c705af58fa7b00446c1f5f1d9de6cd4f') in 0.005039 seconds
Number of updated asset objects reloaded before import = 0
Number of asset objects unloaded after import = 5
========================================================================
Received Import Request.
  Time since last request: 3.536032 seconds.
  path: Assets/VFX Graph/OrbitalParticles.vfx
  artifactKey: Guid(1865fe635a20a7440be599c54700e5ce) Importer(815301076,1909f56bfc062723c751e8b465ee728b)
Start importing Assets/VFX Graph/OrbitalParticles.vfx using Guid(1865fe635a20a7440be599c54700e5ce) Importer(815301076,1909f56bfc062723c751e8b465ee728b) [PhysX] Initialized MultithreadedTaskDispatcher with 12 workers.
 -> (artifact id: '54fc403eea9d27d7eb987ae6460b5a35') in 0.004870 seconds
Number of updated asset objects reloaded before import = 0
Number of asset objects unloaded after import = 5
========================================================================
Received Import Request.
  Time since last request: 63.006088 seconds.
  path: Assets/VFX Graph/OrbitalParticles.vfx
  artifactKey: Guid(1865fe635a20a7440be599c54700e5ce) Importer(815301076,1909f56bfc062723c751e8b465ee728b)
Start importing Assets/VFX Graph/OrbitalParticles.vfx using Guid(1865fe635a20a7440be599c54700e5ce) Importer(815301076,1909f56bfc062723c751e8b465ee728b) [PhysX] Initialized MultithreadedTaskDispatcher with 12 workers.
 -> (artifact id: 'ad2b20da629ff5251faf9b3bbe5be67b') in 0.004938 seconds
Number of updated asset objects reloaded before import = 0
Number of asset objects unloaded after import = 5
========================================================================
Received Import Request.
  Time since last request: 20.241717 seconds.
  path: Assets/VFX Graph/OrbitalParticles.vfx
  artifactKey: Guid(1865fe635a20a7440be599c54700e5ce) Importer(815301076,1909f56bfc062723c751e8b465ee728b)
Start importing Assets/VFX Graph/OrbitalParticles.vfx using Guid(1865fe635a20a7440be599c54700e5ce) Importer(815301076,1909f56bfc062723c751e8b465ee728b) [PhysX] Initialized MultithreadedTaskDispatcher with 12 workers.
 -> (artifact id: 'df084fd8ee76e003c0ad70f5a38370dc') in 0.004119 seconds
Number of updated asset objects reloaded before import = 0
Number of asset objects unloaded after import = 5
========================================================================
Received Import Request.
  Time since last request: 36.972431 seconds.
  path: Assets/VFX Graph/OrbitalParticles.vfx
  artifactKey: Guid(1865fe635a20a7440be599c54700e5ce) Importer(815301076,1909f56bfc062723c751e8b465ee728b)
Start importing Assets/VFX Graph/OrbitalParticles.vfx using Guid(1865fe635a20a7440be599c54700e5ce) Importer(815301076,1909f56bfc062723c751e8b465ee728b) [PhysX] Initialized MultithreadedTaskDispatcher with 12 workers.
 -> (artifact id: 'ad4fae40c7ba37d34d30963c0c49a9ba') in 0.007699 seconds
Number of updated asset objects reloaded before import = 0
Number of asset objects unloaded after import = 5
========================================================================
Received Import Request.
  Time since last request: 11.029348 seconds.
  path: Assets/VFX Graph/ExplosionBlackHole.vfx
  artifactKey: Guid(0fe36dcac264377439f146d67f1c043f) Importer(815301076,1909f56bfc062723c751e8b465ee728b)
Start importing Assets/VFX Graph/ExplosionBlackHole.vfx using Guid(0fe36dcac264377439f146d67f1c043f) Importer(815301076,1909f56bfc062723c751e8b465ee728b) [PhysX] Initialized MultithreadedTaskDispatcher with 12 workers.
 -> (artifact id: 'aa5cd5464b0c619114c01486a4d6e376') in 0.023581 seconds
Number of updated asset objects reloaded before import = 1
Number of asset objects unloaded after import = 13
========================================================================
Received Import Request.
  Time since last request: 66.389640 seconds.
  path: Assets/VFX Graph/ExplosionBlackHole.vfx
  artifactKey: Guid(0fe36dcac264377439f146d67f1c043f) Importer(815301076,1909f56bfc062723c751e8b465ee728b)
Start importing Assets/VFX Graph/ExplosionBlackHole.vfx using Guid(0fe36dcac264377439f146d67f1c043f) Importer(815301076,1909f56bfc062723c751e8b465ee728b) [PhysX] Initialized MultithreadedTaskDispatcher with 12 workers.
 -> (artifact id: '0a56aec6f47270ec7137acb18fb003c2') in 0.011577 seconds
Number of updated asset objects reloaded before import = 1
Number of asset objects unloaded after import = 13
========================================================================
Received Import Request.
  Time since last request: 2.142509 seconds.
  path: Assets/VFX Graph/ExplosionBlackHole.vfx
  artifactKey: Guid(0fe36dcac264377439f146d67f1c043f) Importer(815301076,1909f56bfc062723c751e8b465ee728b)
Start importing Assets/VFX Graph/ExplosionBlackHole.vfx using Guid(0fe36dcac264377439f146d67f1c043f) Importer(815301076,1909f56bfc062723c751e8b465ee728b) [PhysX] Initialized MultithreadedTaskDispatcher with 12 workers.
 -> (artifact id: 'bfe97c5c810ddb112dff7ec55dbcfa71') in 0.008164 seconds
Number of updated asset objects reloaded before import = 1
Number of asset objects unloaded after import = 13
========================================================================
Received Import Request.
  Time since last request: 43.616799 seconds.
  path: Assets/VFX Graph/ExplosionBlackHole.vfx
  artifactKey: Guid(0fe36dcac264377439f146d67f1c043f) Importer(815301076,1909f56bfc062723c751e8b465ee728b)
Start importing Assets/VFX Graph/ExplosionBlackHole.vfx using Guid(0fe36dcac264377439f146d67f1c043f) Importer(815301076,1909f56bfc062723c751e8b465ee728b) [PhysX] Initialized MultithreadedTaskDispatcher with 12 workers.
 -> (artifact id: 'b834e028fb9c89869b5a9a9000ced39f') in 0.011756 seconds
Number of updated asset objects reloaded before import = 1
Number of asset objects unloaded after import = 13
========================================================================
Received Import Request.
  Time since last request: 10.255431 seconds.
  path: Assets/VFX Graph/ExplosionBlackHole.vfx
  artifactKey: Guid(0fe36dcac264377439f146d67f1c043f) Importer(815301076,1909f56bfc062723c751e8b465ee728b)
Start importing Assets/VFX Graph/ExplosionBlackHole.vfx using Guid(0fe36dcac264377439f146d67f1c043f) Importer(815301076,1909f56bfc062723c751e8b465ee728b) [PhysX] Initialized MultithreadedTaskDispatcher with 12 workers.
 -> (artifact id: '28e41c9de057e028623824ca69fbc789') in 0.006964 seconds
Number of updated asset objects reloaded before import = 1
Number of asset objects unloaded after import = 13
========================================================================
Received Import Request.
  Time since last request: 81.460809 seconds.
  path: Assets/VFX Graph/ExplosionBlackHole.vfx
  artifactKey: Guid(0fe36dcac264377439f146d67f1c043f) Importer(815301076,1909f56bfc062723c751e8b465ee728b)
Start importing Assets/VFX Graph/ExplosionBlackHole.vfx using Guid(0fe36dcac264377439f146d67f1c043f) Importer(815301076,1909f56bfc062723c751e8b465ee728b) [PhysX] Initialized MultithreadedTaskDispatcher with 12 workers.
 -> (artifact id: '905fb271f6d572bfdd2ffbc199af1ea1') in 0.014869 seconds
Number of updated asset objects reloaded before import = 1
Number of asset objects unloaded after import = 13
========================================================================
Received Import Request.
  Time since last request: 20.902548 seconds.
  path: Assets/VFX Graph/ExplosionBlackHole.vfx
  artifactKey: Guid(0fe36dcac264377439f146d67f1c043f) Importer(815301076,1909f56bfc062723c751e8b465ee728b)
Start importing Assets/VFX Graph/ExplosionBlackHole.vfx using Guid(0fe36dcac264377439f146d67f1c043f) Importer(815301076,1909f56bfc062723c751e8b465ee728b) [PhysX] Initialized MultithreadedTaskDispatcher with 12 workers.
 -> (artifact id: '1e33822a961f7136ec4169bd6b0521f5') in 0.009887 seconds
Number of updated asset objects reloaded before import = 1
Number of asset objects unloaded after import = 13
========================================================================
Received Import Request.
  Time since last request: 46.127525 seconds.
  path: Assets/VFX Graph/ExplosionBlackHole.vfx
  artifactKey: Guid(0fe36dcac264377439f146d67f1c043f) Importer(815301076,1909f56bfc062723c751e8b465ee728b)
Start importing Assets/VFX Graph/ExplosionBlackHole.vfx using Guid(0fe36dcac264377439f146d67f1c043f) Importer(815301076,1909f56bfc062723c751e8b465ee728b) [PhysX] Initialized MultithreadedTaskDispatcher with 12 workers.
 -> (artifact id: '284af6bf9ce86276bc11673d79a5805c') in 0.008343 seconds
Number of updated asset objects reloaded before import = 1
Number of asset objects unloaded after import = 13
========================================================================
Received Import Request.
  Time since last request: 89.800490 seconds.
  path: Assets/VFX Graph/ExplosionBlackHole.vfx
  artifactKey: Guid(0fe36dcac264377439f146d67f1c043f) Importer(815301076,1909f56bfc062723c751e8b465ee728b)
Start importing Assets/VFX Graph/ExplosionBlackHole.vfx using Guid(0fe36dcac264377439f146d67f1c043f) Importer(815301076,1909f56bfc062723c751e8b465ee728b) [PhysX] Initialized MultithreadedTaskDispatcher with 12 workers.
 -> (artifact id: '57023eb2648c5b4164f21671e5c7c7b5') in 0.010512 seconds
Number of updated asset objects reloaded before import = 1
Number of asset objects unloaded after import = 13
========================================================================
Received Import Request.
  Time since last request: 4.784406 seconds.
  path: Assets/VFX Graph/ExplosionBlackHole.vfx
  artifactKey: Guid(0fe36dcac264377439f146d67f1c043f) Importer(815301076,1909f56bfc062723c751e8b465ee728b)
Start importing Assets/VFX Graph/ExplosionBlackHole.vfx using Guid(0fe36dcac264377439f146d67f1c043f) Importer(815301076,1909f56bfc062723c751e8b465ee728b) [PhysX] Initialized MultithreadedTaskDispatcher with 12 workers.
 -> (artifact id: '07ab09d1b32adf6fd00ef9d4e9525621') in 0.005929 seconds
Number of updated asset objects reloaded before import = 1
Number of asset objects unloaded after import = 13
========================================================================
Received Import Request.
  Time since last request: 3.436574 seconds.
  path: Assets/VFX Graph/ExplosionBlackHole.vfx
  artifactKey: Guid(0fe36dcac264377439f146d67f1c043f) Importer(815301076,1909f56bfc062723c751e8b465ee728b)
Start importing Assets/VFX Graph/ExplosionBlackHole.vfx using Guid(0fe36dcac264377439f146d67f1c043f) Importer(815301076,1909f56bfc062723c751e8b465ee728b) [PhysX] Initialized MultithreadedTaskDispatcher with 12 workers.
 -> (artifact id: '4b1f412338c989fae76b8bb4ebed5b9f') in 0.006170 seconds
Number of updated asset objects reloaded before import = 1
Number of asset objects unloaded after import = 13
========================================================================
Received Import Request.
  Time since last request: 37.708547 seconds.
  path: Assets/VFX Graph/ExplosionBlackHole.vfx
  artifactKey: Guid(0fe36dcac264377439f146d67f1c043f) Importer(815301076,1909f56bfc062723c751e8b465ee728b)
Start importing Assets/VFX Graph/ExplosionBlackHole.vfx using Guid(0fe36dcac264377439f146d67f1c043f) Importer(815301076,1909f56bfc062723c751e8b465ee728b) [PhysX] Initialized MultithreadedTaskDispatcher with 12 workers.
 -> (artifact id: '507a0f97f9b3b6cd3755f45fb970bcac') in 0.008676 seconds
Number of updated asset objects reloaded before import = 1
Number of asset objects unloaded after import = 13
========================================================================
Received Import Request.
  Time since last request: 24.686666 seconds.
  path: Assets/VFX Graph/ExplosionBlackHole.vfx
  artifactKey: Guid(0fe36dcac264377439f146d67f1c043f) Importer(815301076,1909f56bfc062723c751e8b465ee728b)
Start importing Assets/VFX Graph/ExplosionBlackHole.vfx using Guid(0fe36dcac264377439f146d67f1c043f) Importer(815301076,1909f56bfc062723c751e8b465ee728b) [PhysX] Initialized MultithreadedTaskDispatcher with 12 workers.
 -> (artifact id: 'fccafcc332735a77213a3007219a9a53') in 0.005334 seconds
Number of updated asset objects reloaded before import = 1
Number of asset objects unloaded after import = 13
========================================================================
Received Import Request.
  Time since last request: 18.100887 seconds.
  path: Assets/VFX Graph/ExplosionBlackHole.vfx
  artifactKey: Guid(0fe36dcac264377439f146d67f1c043f) Importer(815301076,1909f56bfc062723c751e8b465ee728b)
Start importing Assets/VFX Graph/ExplosionBlackHole.vfx using Guid(0fe36dcac264377439f146d67f1c043f) Importer(815301076,1909f56bfc062723c751e8b465ee728b) [PhysX] Initialized MultithreadedTaskDispatcher with 12 workers.
 -> (artifact id: 'a9e0595af6f2e3317e5ee4efc541eee7') in 0.006697 seconds
Number of updated asset objects reloaded before import = 1
Number of asset objects unloaded after import = 13
========================================================================
Received Import Request.
  Time since last request: 15.622603 seconds.
  path: Assets/VFX Graph/ExplosionBlackHole.vfx
  artifactKey: Guid(0fe36dcac264377439f146d67f1c043f) Importer(815301076,1909f56bfc062723c751e8b465ee728b)
Start importing Assets/VFX Graph/ExplosionBlackHole.vfx using Guid(0fe36dcac264377439f146d67f1c043f) Importer(815301076,1909f56bfc062723c751e8b465ee728b) [PhysX] Initialized MultithreadedTaskDispatcher with 12 workers.
 -> (artifact id: '9bbf8893b79d6dc03656ebba6a6bf029') in 0.008883 seconds
Number of updated asset objects reloaded before import = 1
Number of asset objects unloaded after import = 13
========================================================================
Received Import Request.
  Time since last request: 19.219228 seconds.
  path: Assets/VFX Graph/ExplosionBlackHole.vfx
  artifactKey: Guid(0fe36dcac264377439f146d67f1c043f) Importer(815301076,1909f56bfc062723c751e8b465ee728b)
Start importing Assets/VFX Graph/ExplosionBlackHole.vfx using Guid(0fe36dcac264377439f146d67f1c043f) Importer(815301076,1909f56bfc062723c751e8b465ee728b) [PhysX] Initialized MultithreadedTaskDispatcher with 12 workers.
 -> (artifact id: '2c11fbf9e58827e301587486257253dd') in 0.006252 seconds
Number of updated asset objects reloaded before import = 1
Number of asset objects unloaded after import = 13
