Using pre-set license
Built from '2022.3/staging' branch; Version is '2022.3.41f1 (0f988161febf) revision 1022081'; Using compiler version '192829333'; Build Type 'Release'
OS: 'Windows 11  (10.0.22631) 64bit CoreSingleLanguage' Language: 'es' Physical Memory: 7955 MB
BatchMode: 1, IsHumanControllingUs: 0, StartBugReporterOnCrash: 0, Is64bit: 1, IsPro: 1

COMMAND LINE ARGUMENTS:
C:\Program Files\Unity\Hub\Editor\2022.3.41f1\Editor\Unity.exe
-adb2
-batchMode
-noUpm
-name
AssetImportWorker0
-projectPath
C:/Users/Acer/Desktop/Computacion Grafica/VFX/EjercicioGrupal/Ejercicio2/Ejercicio2_ComputacionGrafica
-logFile
Logs/AssetImportWorker0.log
-srvPort
60114
Successfully changed project path to: C:/Users/Acer/Desktop/Computacion Grafica/VFX/EjercicioGrupal/Ejercicio2/Ejercicio2_ComputacionGrafica
C:/Users/Acer/Desktop/Computacion Grafica/VFX/EjercicioGrupal/Ejercicio2/Ejercicio2_ComputacionGrafica
[UnityMemory] Configuration Parameters - Can be set up in boot.config
    "memorysetup-bucket-allocator-granularity=16"
    "memorysetup-bucket-allocator-bucket-count=8"
    "memorysetup-bucket-allocator-block-size=33554432"
    "memorysetup-bucket-allocator-block-count=8"
    "memorysetup-main-allocator-block-size=16777216"
    "memorysetup-thread-allocator-block-size=16777216"
    "memorysetup-gfx-main-allocator-block-size=16777216"
    "memorysetup-gfx-thread-allocator-block-size=16777216"
    "memorysetup-cache-allocator-block-size=4194304"
    "memorysetup-typetree-allocator-block-size=2097152"
    "memorysetup-profiler-bucket-allocator-granularity=16"
    "memorysetup-profiler-bucket-allocator-bucket-count=8"
    "memorysetup-profiler-bucket-allocator-block-size=33554432"
    "memorysetup-profiler-bucket-allocator-block-count=8"
    "memorysetup-profiler-allocator-block-size=16777216"
    "memorysetup-profiler-editor-allocator-block-size=1048576"
    "memorysetup-temp-allocator-size-main=16777216"
    "memorysetup-job-temp-allocator-block-size=2097152"
    "memorysetup-job-temp-allocator-block-size-background=1048576"
    "memorysetup-job-temp-allocator-reduction-small-platforms=262144"
    "memorysetup-allocator-temp-initial-block-size-main=262144"
    "memorysetup-allocator-temp-initial-block-size-worker=262144"
    "memorysetup-temp-allocator-size-background-worker=32768"
    "memorysetup-temp-allocator-size-job-worker=262144"
    "memorysetup-temp-allocator-size-preload-manager=33554432"
    "memorysetup-temp-allocator-size-nav-mesh-worker=65536"
    "memorysetup-temp-allocator-size-audio-worker=65536"
    "memorysetup-temp-allocator-size-cloud-worker=32768"
    "memorysetup-temp-allocator-size-gi-baking-worker=262144"
    "memorysetup-temp-allocator-size-gfx=262144"
Player connection [29404]  Target information:

Player connection [29404]  * "[IP] 192.168.1.4 [Port] 0 [Flags] 2 [Guid] 4041258909 [EditorId] 4041258909 [Version] 1048832 [Id] WindowsEditor(7,LAPTOP-PM0FQCBJ) [Debug] 1 [PackageName] WindowsEditor [ProjectName] Editor" 

Player connection [29404] Host joined multi-casting on [225.0.0.222:54997]...
Player connection [29404] Host joined alternative multi-casting on [225.0.0.222:34997]...
[PhysX] Initialized MultithreadedTaskDispatcher with 12 workers.
Refreshing native plugins compatible for Editor in 71.11 ms, found 3 plugins.
Preloading 0 native plugins for Editor in 0.00 ms.
Initialize engine version: 2022.3.41f1 (0f988161febf)
[Subsystems] Discovering subsystems at path C:/Program Files/Unity/Hub/Editor/2022.3.41f1/Editor/Data/Resources/UnitySubsystems
[Subsystems] Discovering subsystems at path C:/Users/Acer/Desktop/Computacion Grafica/VFX/EjercicioGrupal/Ejercicio2/Ejercicio2_ComputacionGrafica/Assets
GfxDevice: creating device client; threaded=0; jobified=0
Direct3D:
    Version:  Direct3D 11.0 [level 11.1]
    Renderer: NVIDIA GeForce GTX 1650 (ID=0x1f9d)
    Vendor:   NVIDIA
    VRAM:     3950 MB
    Driver:   31.0.15.4633
Initialize mono
Mono path[0] = 'C:/Program Files/Unity/Hub/Editor/2022.3.41f1/Editor/Data/Managed'
Mono path[1] = 'C:/Program Files/Unity/Hub/Editor/2022.3.41f1/Editor/Data/MonoBleedingEdge/lib/mono/unityjit-win32'
Mono config path = 'C:/Program Files/Unity/Hub/Editor/2022.3.41f1/Editor/Data/MonoBleedingEdge/etc'
Using monoOptions --debugger-agent=transport=dt_socket,embedding=1,server=y,suspend=n,address=127.0.0.1:56988
Begin MonoManager ReloadAssembly
Registering precompiled unity dll's ...
Register platform support module: C:/Program Files/Unity/Hub/Editor/2022.3.41f1/Editor/Data/PlaybackEngines/AndroidPlayer/UnityEditor.Android.Extensions.dll
Register platform support module: C:/Program Files/Unity/Hub/Editor/2022.3.41f1/Editor/Data/PlaybackEngines/WindowsStandaloneSupport/UnityEditor.WindowsStandalone.Extensions.dll
Registered in 0.010807 seconds.
- Loaded All Assemblies, in  0.454 seconds
Native extension for WindowsStandalone target not found
Native extension for Android target not found
Android Extension - Scanning For ADB Devices 695 ms
Mono: successfully reloaded assembly
- Finished resetting the current domain, in  1.056 seconds
Domain Reload Profiling: 1509ms
	BeginReloadAssembly (157ms)
		ExecutionOrderSort (0ms)
		DisableScriptedObjects (0ms)
		BackupInstance (0ms)
		ReleaseScriptingObjects (0ms)
		CreateAndSetChildDomain (1ms)
	RebuildCommonClasses (37ms)
	RebuildNativeTypeToScriptingClass (12ms)
	initialDomainReloadingComplete (70ms)
	LoadAllAssembliesAndSetupDomain (175ms)
		LoadAssemblies (155ms)
		RebuildTransferFunctionScriptingTraits (0ms)
		AnalyzeDomain (171ms)
			TypeCache.Refresh (169ms)
				TypeCache.ScanAssembly (148ms)
			ScanForSourceGeneratedMonoScriptInfo (1ms)
			ResolveRequiredComponents (1ms)
	FinalizeReload (1057ms)
		ReleaseScriptCaches (0ms)
		RebuildScriptCaches (0ms)
		SetupLoadedEditorAssemblies (1007ms)
			LogAssemblyErrors (0ms)
			InitializePlatformSupportModulesInManaged (821ms)
			SetLoadedEditorAssemblies (5ms)
			RefreshPlugins (0ms)
			BeforeProcessingInitializeOnLoad (4ms)
			ProcessInitializeOnLoadAttributes (129ms)
			ProcessInitializeOnLoadMethodAttributes (48ms)
			AfterProcessingInitializeOnLoad (0ms)
			EditorAssembliesLoaded (0ms)
		ExecutionOrderSort2 (0ms)
		AwakeInstancesAfterBackupRestoration (0ms)
========================================================================
Worker process is ready to serve import requests
Caller must complete domain reload
Begin MonoManager ReloadAssembly
- Loaded All Assemblies, in  1.331 seconds
Native extension for WindowsStandalone target not found
Native extension for Android target not found
Package Manager log level set to [2]
[Package Manager] Server::EnsureServerProcessIsRunning -- launch failed, reason: Unity was launched with the -noUpm command-line argument
[Package Manager] UpmClient::Send -- Unable to send message (not connected to UPM process).
[Package Manager] Cannot connect to Unity Package Manager local server
Mono: successfully reloaded assembly
- Finished resetting the current domain, in  0.865 seconds
Domain Reload Profiling: 2187ms
	BeginReloadAssembly (200ms)
		ExecutionOrderSort (0ms)
		DisableScriptedObjects (5ms)
		BackupInstance (0ms)
		ReleaseScriptingObjects (0ms)
		CreateAndSetChildDomain (30ms)
	RebuildCommonClasses (42ms)
	RebuildNativeTypeToScriptingClass (12ms)
	initialDomainReloadingComplete (45ms)
	LoadAllAssembliesAndSetupDomain (1022ms)
		LoadAssemblies (858ms)
		RebuildTransferFunctionScriptingTraits (0ms)
		AnalyzeDomain (288ms)
			TypeCache.Refresh (245ms)
				TypeCache.ScanAssembly (219ms)
			ScanForSourceGeneratedMonoScriptInfo (30ms)
			ResolveRequiredComponents (11ms)
	FinalizeReload (866ms)
		ReleaseScriptCaches (0ms)
		RebuildScriptCaches (0ms)
		SetupLoadedEditorAssemblies (630ms)
			LogAssemblyErrors (0ms)
			InitializePlatformSupportModulesInManaged (31ms)
			SetLoadedEditorAssemblies (6ms)
			RefreshPlugins (0ms)
			BeforeProcessingInitializeOnLoad (97ms)
			ProcessInitializeOnLoadAttributes (419ms)
			ProcessInitializeOnLoadMethodAttributes (71ms)
			AfterProcessingInitializeOnLoad (6ms)
			EditorAssembliesLoaded (0ms)
		ExecutionOrderSort2 (0ms)
		AwakeInstancesAfterBackupRestoration (5ms)
Launched and connected shader compiler UnityShaderCompiler.exe after 0.05 seconds
Refreshing native plugins compatible for Editor in 5.92 ms, found 3 plugins.
Preloading 0 native plugins for Editor in 0.00 ms.
Unloading 5519 Unused Serialized files (Serialized files now loaded: 0)
Unloading 24 unused Assets / (1.1 MB). Loaded Objects now: 6001.
Memory consumption went from 232.7 MB to 231.6 MB.
Total: 4.688100 ms (FindLiveObjects: 0.592200 ms CreateObjectMapping: 0.251700 ms MarkObjects: 3.637600 ms  DeleteObjects: 0.204600 ms)

AssetImportParameters requested are different than current active one (requested -> active):
  custom:container-demuxer-ogg: 62fdf1f143b41e24485cea50d1cbac27 -> 
  custom:video-decoder-ogg-theora: a1e56fd34408186e4bbccfd4996cb3dc -> 
  custom:framework-win-MediaFoundation: 216162199b28c13a410421893ffa2e32 -> 
  custom:CustomObjectIndexerAttribute: 72b91833f83ae208fae7752999fa3104 -> 
  custom:container-demuxer-webm: 4f35f7cbe854078d1ac9338744f61a02 -> 
  custom:container-muxer-webm: aa71ff27fc2769a1b78a27578f13a17b -> 
  custom:video-decoder-webm-vp8: 9c59270c3fd7afecdb556c50c9e8de78 -> 
  custom:SearchIndexIgnoredProperties: e643bd26f0fe6173181afceb89e7c659 -> 
  custom:AudioImporter_EditorPlatform: d09bf68614088b80899f8185d706f6e7 -> 
  custom:video-encoder-webm-vp8: eb34c28f22e8b96e1ab97ce403110664 -> 
  custom:audio-decoder-ogg-vorbis: bf7c407c2cedff20999df2af8eb42d56 -> 
  custom:audio-encoder-webm-vorbis: bf7c407c2cedff20999df2af8eb42d56 -> 
========================================================================
Received Import Request.
  Time since last request: 341762.315822 seconds.
  path: Assets/Animaciones/GreenHole Anim/GreenHoleTimeline.playable
  artifactKey: Guid(96753829ebd75a4448d612274d67020b) Importer(815301076,1909f56bfc062723c751e8b465ee728b)
Start importing Assets/Animaciones/GreenHole Anim/GreenHoleTimeline.playable using Guid(96753829ebd75a4448d612274d67020b) Importer(815301076,1909f56bfc062723c751e8b465ee728b) [PhysX] Initialized MultithreadedTaskDispatcher with 12 workers.
 -> (artifact id: 'c851dbe4bc72d7febae2b54237c52986') in 0.019922 seconds
Number of updated asset objects reloaded before import = 0
Number of asset objects unloaded after import = 1
========================================================================
Received Import Request.
  Time since last request: 212.048719 seconds.
  path: Assets/VFX Graph/OrbitalParticles.vfx
  artifactKey: Guid(1865fe635a20a7440be599c54700e5ce) Importer(815301076,1909f56bfc062723c751e8b465ee728b)
Start importing Assets/VFX Graph/OrbitalParticles.vfx using Guid(1865fe635a20a7440be599c54700e5ce) Importer(815301076,1909f56bfc062723c751e8b465ee728b) [PhysX] Initialized MultithreadedTaskDispatcher with 12 workers.
 -> (artifact id: '0cf0070438bbc5364b5e7a07597e7cd2') in 0.024842 seconds
Number of updated asset objects reloaded before import = 1
Number of asset objects unloaded after import = 4
========================================================================
Received Import Request.
  Time since last request: 6.505875 seconds.
  path: Assets/VFX Graph/OrbitalParticles.vfx
  artifactKey: Guid(1865fe635a20a7440be599c54700e5ce) Importer(815301076,1909f56bfc062723c751e8b465ee728b)
Start importing Assets/VFX Graph/OrbitalParticles.vfx using Guid(1865fe635a20a7440be599c54700e5ce) Importer(815301076,1909f56bfc062723c751e8b465ee728b) [PhysX] Initialized MultithreadedTaskDispatcher with 12 workers.
 -> (artifact id: '839a318b1b1da4a778625487c3feb069') in 0.002816 seconds
Number of updated asset objects reloaded before import = 1
Number of asset objects unloaded after import = 4
========================================================================
Received Import Request.
  Time since last request: 8.240854 seconds.
  path: Assets/VFX Graph/OrbitalParticles.vfx
  artifactKey: Guid(1865fe635a20a7440be599c54700e5ce) Importer(815301076,1909f56bfc062723c751e8b465ee728b)
Start importing Assets/VFX Graph/OrbitalParticles.vfx using Guid(1865fe635a20a7440be599c54700e5ce) Importer(815301076,1909f56bfc062723c751e8b465ee728b) [PhysX] Initialized MultithreadedTaskDispatcher with 12 workers.
 -> (artifact id: 'a87974ccbca9c194836cd808a4f007ae') in 0.002835 seconds
Number of updated asset objects reloaded before import = 1
Number of asset objects unloaded after import = 4
========================================================================
Received Import Request.
  Time since last request: 3.008966 seconds.
  path: Assets/VFX Graph/OrbitalParticles.vfx
  artifactKey: Guid(1865fe635a20a7440be599c54700e5ce) Importer(815301076,1909f56bfc062723c751e8b465ee728b)
Start importing Assets/VFX Graph/OrbitalParticles.vfx using Guid(1865fe635a20a7440be599c54700e5ce) Importer(815301076,1909f56bfc062723c751e8b465ee728b) [PhysX] Initialized MultithreadedTaskDispatcher with 12 workers.
 -> (artifact id: 'c62d4dc8ebeea3abf4a9ace89ed71040') in 0.003567 seconds
Number of updated asset objects reloaded before import = 1
Number of asset objects unloaded after import = 4
========================================================================
Received Import Request.
  Time since last request: 31.180048 seconds.
  path: Assets/VFX Graph/OrbitalParticles.vfx
  artifactKey: Guid(1865fe635a20a7440be599c54700e5ce) Importer(815301076,1909f56bfc062723c751e8b465ee728b)
Start importing Assets/VFX Graph/OrbitalParticles.vfx using Guid(1865fe635a20a7440be599c54700e5ce) Importer(815301076,1909f56bfc062723c751e8b465ee728b) [PhysX] Initialized MultithreadedTaskDispatcher with 12 workers.
 -> (artifact id: '066888aa2112d6e8cc6421e75d6dba7c') in 0.003316 seconds
Number of updated asset objects reloaded before import = 1
Number of asset objects unloaded after import = 4
========================================================================
Received Import Request.
  Time since last request: 35.446607 seconds.
  path: Assets/VFX Graph/OrbitalParticles.vfx
  artifactKey: Guid(1865fe635a20a7440be599c54700e5ce) Importer(815301076,1909f56bfc062723c751e8b465ee728b)
Start importing Assets/VFX Graph/OrbitalParticles.vfx using Guid(1865fe635a20a7440be599c54700e5ce) Importer(815301076,1909f56bfc062723c751e8b465ee728b) [PhysX] Initialized MultithreadedTaskDispatcher with 12 workers.
 -> (artifact id: 'fb4afb1ba3039eaed9aa84bbbd3b1aa8') in 0.002736 seconds
Number of updated asset objects reloaded before import = 1
Number of asset objects unloaded after import = 4
========================================================================
Received Import Request.
  Time since last request: 1.363853 seconds.
  path: Assets/VFX Graph/OrbitalParticles.vfx
  artifactKey: Guid(1865fe635a20a7440be599c54700e5ce) Importer(815301076,1909f56bfc062723c751e8b465ee728b)
Start importing Assets/VFX Graph/OrbitalParticles.vfx using Guid(1865fe635a20a7440be599c54700e5ce) Importer(815301076,1909f56bfc062723c751e8b465ee728b) [PhysX] Initialized MultithreadedTaskDispatcher with 12 workers.
 -> (artifact id: '1894971101a8f2132ad0d508cc8870e3') in 0.002753 seconds
Number of updated asset objects reloaded before import = 1
Number of asset objects unloaded after import = 4
========================================================================
Received Import Request.
  Time since last request: 11.339267 seconds.
  path: Assets/VFX Graph/OrbitalParticles.vfx
  artifactKey: Guid(1865fe635a20a7440be599c54700e5ce) Importer(815301076,1909f56bfc062723c751e8b465ee728b)
Start importing Assets/VFX Graph/OrbitalParticles.vfx using Guid(1865fe635a20a7440be599c54700e5ce) Importer(815301076,1909f56bfc062723c751e8b465ee728b) [PhysX] Initialized MultithreadedTaskDispatcher with 12 workers.
 -> (artifact id: 'af8d6f7c30de822ee5e7f3bf1183e167') in 0.002689 seconds
Number of updated asset objects reloaded before import = 1
Number of asset objects unloaded after import = 4
========================================================================
Received Import Request.
  Time since last request: 186.399824 seconds.
  path: Assets/Animaciones/Swirl Distortion Anim
  artifactKey: Guid(7dd69cb3a60482a44bcab6a3c0e553b6) Importer(815301076,1909f56bfc062723c751e8b465ee728b)
Start importing Assets/Animaciones/Swirl Distortion Anim using Guid(7dd69cb3a60482a44bcab6a3c0e553b6) Importer(815301076,1909f56bfc062723c751e8b465ee728b) [PhysX] Initialized MultithreadedTaskDispatcher with 12 workers.
 -> (artifact id: 'b3dfd2bc7497a7140276e7a0d7f85327') in 0.001037 seconds
Number of updated asset objects reloaded before import = 0
Number of asset objects unloaded after import = 0
========================================================================
Received Import Request.
  Time since last request: 54.008049 seconds.
  path: Assets/VFX Graph/OrbitalParticles.vfx
  artifactKey: Guid(1865fe635a20a7440be599c54700e5ce) Importer(815301076,1909f56bfc062723c751e8b465ee728b)
Start importing Assets/VFX Graph/OrbitalParticles.vfx using Guid(1865fe635a20a7440be599c54700e5ce) Importer(815301076,1909f56bfc062723c751e8b465ee728b) [PhysX] Initialized MultithreadedTaskDispatcher with 12 workers.
 -> (artifact id: '783e771bb247326f29ce98d4b852e63e') in 0.005267 seconds
Number of updated asset objects reloaded before import = 1
Number of asset objects unloaded after import = 4
========================================================================
Received Import Request.
  Time since last request: 17.583798 seconds.
  path: Assets/VFX Graph/OrbitalParticles.vfx
  artifactKey: Guid(1865fe635a20a7440be599c54700e5ce) Importer(815301076,1909f56bfc062723c751e8b465ee728b)
Start importing Assets/VFX Graph/OrbitalParticles.vfx using Guid(1865fe635a20a7440be599c54700e5ce) Importer(815301076,1909f56bfc062723c751e8b465ee728b) [PhysX] Initialized MultithreadedTaskDispatcher with 12 workers.
 -> (artifact id: '4f2d15040b00106eee5f82e8976cc311') in 0.002994 seconds
Number of updated asset objects reloaded before import = 1
Number of asset objects unloaded after import = 4
========================================================================
Received Import Request.
  Time since last request: 14.925250 seconds.
  path: Assets/VFX Graph/OrbitalParticles.vfx
  artifactKey: Guid(1865fe635a20a7440be599c54700e5ce) Importer(815301076,1909f56bfc062723c751e8b465ee728b)
Start importing Assets/VFX Graph/OrbitalParticles.vfx using Guid(1865fe635a20a7440be599c54700e5ce) Importer(815301076,1909f56bfc062723c751e8b465ee728b) [PhysX] Initialized MultithreadedTaskDispatcher with 12 workers.
 -> (artifact id: '9e0b1f88ce23e989096d6d2dbfa4fd2f') in 0.003823 seconds
Number of updated asset objects reloaded before import = 1
Number of asset objects unloaded after import = 4
========================================================================
Received Import Request.
  Time since last request: 40.322467 seconds.
  path: Assets/VFX Graph/ExplosionBlackHole.vfx
  artifactKey: Guid(0fe36dcac264377439f146d67f1c043f) Importer(815301076,1909f56bfc062723c751e8b465ee728b)
Start importing Assets/VFX Graph/ExplosionBlackHole.vfx using Guid(0fe36dcac264377439f146d67f1c043f) Importer(815301076,1909f56bfc062723c751e8b465ee728b) [PhysX] Initialized MultithreadedTaskDispatcher with 12 workers.
 -> (artifact id: '9cef52c4b61a2e335a9f806e01848ddd') in 0.009326 seconds
Number of updated asset objects reloaded before import = 0
Number of asset objects unloaded after import = 6
========================================================================
Received Import Request.
  Time since last request: 4.317716 seconds.
  path: Assets/VFX Graph/ExplosionBlackHole.vfx
  artifactKey: Guid(0fe36dcac264377439f146d67f1c043f) Importer(815301076,1909f56bfc062723c751e8b465ee728b)
Start importing Assets/VFX Graph/ExplosionBlackHole.vfx using Guid(0fe36dcac264377439f146d67f1c043f) Importer(815301076,1909f56bfc062723c751e8b465ee728b) [PhysX] Initialized MultithreadedTaskDispatcher with 12 workers.
 -> (artifact id: '7beb82336c12dbd046593cfd3ccf3a11') in 0.005116 seconds
Number of updated asset objects reloaded before import = 0
Number of asset objects unloaded after import = 6
========================================================================
Received Import Request.
  Time since last request: 17.027242 seconds.
  path: Assets/VFX Graph/ExplosionBlackHole.vfx
  artifactKey: Guid(0fe36dcac264377439f146d67f1c043f) Importer(815301076,1909f56bfc062723c751e8b465ee728b)
Start importing Assets/VFX Graph/ExplosionBlackHole.vfx using Guid(0fe36dcac264377439f146d67f1c043f) Importer(815301076,1909f56bfc062723c751e8b465ee728b) [PhysX] Initialized MultithreadedTaskDispatcher with 12 workers.
 -> (artifact id: 'cfa2eb62ed9a3dd6915489370c019c6e') in 0.006011 seconds
Number of updated asset objects reloaded before import = 0
Number of asset objects unloaded after import = 6
========================================================================
Received Import Request.
  Time since last request: 10.942615 seconds.
  path: Assets/VFX Graph/ExplosionBlackHole.vfx
  artifactKey: Guid(0fe36dcac264377439f146d67f1c043f) Importer(815301076,1909f56bfc062723c751e8b465ee728b)
Start importing Assets/VFX Graph/ExplosionBlackHole.vfx using Guid(0fe36dcac264377439f146d67f1c043f) Importer(815301076,1909f56bfc062723c751e8b465ee728b) [PhysX] Initialized MultithreadedTaskDispatcher with 12 workers.
 -> (artifact id: 'd5d303937134168c9dc7698c5e5e8694') in 0.004013 seconds
Number of updated asset objects reloaded before import = 0
Number of asset objects unloaded after import = 6
========================================================================
Received Import Request.
  Time since last request: 10.377744 seconds.
  path: Assets/VFX Graph/ExplosionBlackHole.vfx
  artifactKey: Guid(0fe36dcac264377439f146d67f1c043f) Importer(815301076,1909f56bfc062723c751e8b465ee728b)
Start importing Assets/VFX Graph/ExplosionBlackHole.vfx using Guid(0fe36dcac264377439f146d67f1c043f) Importer(815301076,1909f56bfc062723c751e8b465ee728b) [PhysX] Initialized MultithreadedTaskDispatcher with 12 workers.
 -> (artifact id: '34ee64c2a7f771268de2dd90f5f65695') in 0.004005 seconds
Number of updated asset objects reloaded before import = 0
Number of asset objects unloaded after import = 6
========================================================================
Received Import Request.
  Time since last request: 21.170660 seconds.
  path: Assets/VFX Graph/ExplosionBlackHole.vfx
  artifactKey: Guid(0fe36dcac264377439f146d67f1c043f) Importer(815301076,1909f56bfc062723c751e8b465ee728b)
Start importing Assets/VFX Graph/ExplosionBlackHole.vfx using Guid(0fe36dcac264377439f146d67f1c043f) Importer(815301076,1909f56bfc062723c751e8b465ee728b) [PhysX] Initialized MultithreadedTaskDispatcher with 12 workers.
 -> (artifact id: 'f7cbc33d4fa4aec74335d7683789f801') in 0.005859 seconds
Number of updated asset objects reloaded before import = 0
Number of asset objects unloaded after import = 6
========================================================================
Received Import Request.
  Time since last request: 1.809653 seconds.
  path: Assets/VFX Graph/ExplosionBlackHole.vfx
  artifactKey: Guid(0fe36dcac264377439f146d67f1c043f) Importer(815301076,1909f56bfc062723c751e8b465ee728b)
Start importing Assets/VFX Graph/ExplosionBlackHole.vfx using Guid(0fe36dcac264377439f146d67f1c043f) Importer(815301076,1909f56bfc062723c751e8b465ee728b) [PhysX] Initialized MultithreadedTaskDispatcher with 12 workers.
 -> (artifact id: '11cbebc44f4096f8aa2e40f12a6d45b9') in 0.005148 seconds
Number of updated asset objects reloaded before import = 0
Number of asset objects unloaded after import = 6
========================================================================
Received Import Request.
  Time since last request: 6.131411 seconds.
  path: Assets/VFX Graph/ExplosionBlackHole.vfx
  artifactKey: Guid(0fe36dcac264377439f146d67f1c043f) Importer(815301076,1909f56bfc062723c751e8b465ee728b)
Start importing Assets/VFX Graph/ExplosionBlackHole.vfx using Guid(0fe36dcac264377439f146d67f1c043f) Importer(815301076,1909f56bfc062723c751e8b465ee728b) [PhysX] Initialized MultithreadedTaskDispatcher with 12 workers.
 -> (artifact id: '555602fc6758bb9cb68533fcaab41565') in 0.005948 seconds
Number of updated asset objects reloaded before import = 0
Number of asset objects unloaded after import = 6
========================================================================
Received Import Request.
  Time since last request: 3.295838 seconds.
  path: Assets/VFX Graph/ExplosionBlackHole.vfx
  artifactKey: Guid(0fe36dcac264377439f146d67f1c043f) Importer(815301076,1909f56bfc062723c751e8b465ee728b)
Start importing Assets/VFX Graph/ExplosionBlackHole.vfx using Guid(0fe36dcac264377439f146d67f1c043f) Importer(815301076,1909f56bfc062723c751e8b465ee728b) [PhysX] Initialized MultithreadedTaskDispatcher with 12 workers.
 -> (artifact id: '47ee1d5fd3edd87cb9ada5a8ff0612f8') in 0.006390 seconds
Number of updated asset objects reloaded before import = 0
Number of asset objects unloaded after import = 6
========================================================================
Received Import Request.
  Time since last request: 1.401542 seconds.
  path: Assets/VFX Graph/ExplosionBlackHole.vfx
  artifactKey: Guid(0fe36dcac264377439f146d67f1c043f) Importer(815301076,1909f56bfc062723c751e8b465ee728b)
Start importing Assets/VFX Graph/ExplosionBlackHole.vfx using Guid(0fe36dcac264377439f146d67f1c043f) Importer(815301076,1909f56bfc062723c751e8b465ee728b) [PhysX] Initialized MultithreadedTaskDispatcher with 12 workers.
 -> (artifact id: '4db95154fe24f78e30784d310f55e7f8') in 0.004308 seconds
Number of updated asset objects reloaded before import = 0
Number of asset objects unloaded after import = 6
========================================================================
Received Import Request.
  Time since last request: 103.598421 seconds.
  path: Assets/VFX Graph/ExplosionBlackHole.vfx
  artifactKey: Guid(0fe36dcac264377439f146d67f1c043f) Importer(815301076,1909f56bfc062723c751e8b465ee728b)
Start importing Assets/VFX Graph/ExplosionBlackHole.vfx using Guid(0fe36dcac264377439f146d67f1c043f) Importer(815301076,1909f56bfc062723c751e8b465ee728b) [PhysX] Initialized MultithreadedTaskDispatcher with 12 workers.
 -> (artifact id: '6422f2052570ba1f629723a5da42a605') in 0.006906 seconds
Number of updated asset objects reloaded before import = 0
Number of asset objects unloaded after import = 6
========================================================================
Received Import Request.
  Time since last request: 1.839304 seconds.
  path: Assets/VFX Graph/ExplosionBlackHole.vfx
  artifactKey: Guid(0fe36dcac264377439f146d67f1c043f) Importer(815301076,1909f56bfc062723c751e8b465ee728b)
Start importing Assets/VFX Graph/ExplosionBlackHole.vfx using Guid(0fe36dcac264377439f146d67f1c043f) Importer(815301076,1909f56bfc062723c751e8b465ee728b) [PhysX] Initialized MultithreadedTaskDispatcher with 12 workers.
 -> (artifact id: 'dca632fa695b9ca6f0208a9e3d9d1fdd') in 0.004518 seconds
Number of updated asset objects reloaded before import = 0
Number of asset objects unloaded after import = 6
========================================================================
Received Import Request.
  Time since last request: 16.776248 seconds.
  path: Assets/VFX Graph/ExplosionBlackHole.vfx
  artifactKey: Guid(0fe36dcac264377439f146d67f1c043f) Importer(815301076,1909f56bfc062723c751e8b465ee728b)
Start importing Assets/VFX Graph/ExplosionBlackHole.vfx using Guid(0fe36dcac264377439f146d67f1c043f) Importer(815301076,1909f56bfc062723c751e8b465ee728b) [PhysX] Initialized MultithreadedTaskDispatcher with 12 workers.
 -> (artifact id: '0f6b65586be927408437f26b45bb07c9') in 0.003805 seconds
Number of updated asset objects reloaded before import = 0
Number of asset objects unloaded after import = 6
========================================================================
Received Import Request.
  Time since last request: 105.922117 seconds.
  path: Assets/VFX Graph/ExplosionBlackHole.vfx
  artifactKey: Guid(0fe36dcac264377439f146d67f1c043f) Importer(815301076,1909f56bfc062723c751e8b465ee728b)
Start importing Assets/VFX Graph/ExplosionBlackHole.vfx using Guid(0fe36dcac264377439f146d67f1c043f) Importer(815301076,1909f56bfc062723c751e8b465ee728b) [PhysX] Initialized MultithreadedTaskDispatcher with 12 workers.
 -> (artifact id: '0a70138b772f85f4eb05cc412ee34489') in 0.009380 seconds
Number of updated asset objects reloaded before import = 0
Number of asset objects unloaded after import = 6
========================================================================
Received Import Request.
  Time since last request: 20.569494 seconds.
  path: Assets/VFX Graph/ExplosionBlackHole.vfx
  artifactKey: Guid(0fe36dcac264377439f146d67f1c043f) Importer(815301076,1909f56bfc062723c751e8b465ee728b)
Start importing Assets/VFX Graph/ExplosionBlackHole.vfx using Guid(0fe36dcac264377439f146d67f1c043f) Importer(815301076,1909f56bfc062723c751e8b465ee728b) [PhysX] Initialized MultithreadedTaskDispatcher with 12 workers.
 -> (artifact id: 'd98b5889e8b30e96fca3f3cc83c55476') in 0.006514 seconds
Number of updated asset objects reloaded before import = 0
Number of asset objects unloaded after import = 6
========================================================================
Received Import Request.
  Time since last request: 43.153162 seconds.
  path: Assets/VFX Graph/ExplosionBlackHole.vfx
  artifactKey: Guid(0fe36dcac264377439f146d67f1c043f) Importer(815301076,1909f56bfc062723c751e8b465ee728b)
Start importing Assets/VFX Graph/ExplosionBlackHole.vfx using Guid(0fe36dcac264377439f146d67f1c043f) Importer(815301076,1909f56bfc062723c751e8b465ee728b) [PhysX] Initialized MultithreadedTaskDispatcher with 12 workers.
 -> (artifact id: 'e5137bd13bd2a825e5dfaf196a506b21') in 0.004477 seconds
Number of updated asset objects reloaded before import = 0
Number of asset objects unloaded after import = 6
========================================================================
Received Import Request.
  Time since last request: 26.949026 seconds.
  path: Assets/VFX Graph/ExplosionBlackHole.vfx
  artifactKey: Guid(0fe36dcac264377439f146d67f1c043f) Importer(815301076,1909f56bfc062723c751e8b465ee728b)
Start importing Assets/VFX Graph/ExplosionBlackHole.vfx using Guid(0fe36dcac264377439f146d67f1c043f) Importer(815301076,1909f56bfc062723c751e8b465ee728b) [PhysX] Initialized MultithreadedTaskDispatcher with 12 workers.
 -> (artifact id: '4f730045950fc147afd299196acfced6') in 0.004504 seconds
Number of updated asset objects reloaded before import = 0
Number of asset objects unloaded after import = 6
========================================================================
Received Import Request.
  Time since last request: 4.418089 seconds.
  path: Assets/VFX Graph/ExplosionBlackHole.vfx
  artifactKey: Guid(0fe36dcac264377439f146d67f1c043f) Importer(815301076,1909f56bfc062723c751e8b465ee728b)
Start importing Assets/VFX Graph/ExplosionBlackHole.vfx using Guid(0fe36dcac264377439f146d67f1c043f) Importer(815301076,1909f56bfc062723c751e8b465ee728b) [PhysX] Initialized MultithreadedTaskDispatcher with 12 workers.
 -> (artifact id: '7ceb10b3987f06a2781d5a3955acb9c8') in 0.004426 seconds
Number of updated asset objects reloaded before import = 0
Number of asset objects unloaded after import = 6
========================================================================
Received Import Request.
  Time since last request: 59.235195 seconds.
  path: Assets/Shader/SwirlEffect.shadergraph
  artifactKey: Guid(1aaa02877aa2d1240aaf21bbc2d4588f) Importer(815301076,1909f56bfc062723c751e8b465ee728b)
Start importing Assets/Shader/SwirlEffect.shadergraph using Guid(1aaa02877aa2d1240aaf21bbc2d4588f) Importer(815301076,1909f56bfc062723c751e8b465ee728b) [PhysX] Initialized MultithreadedTaskDispatcher with 12 workers.
[PhysX] Initialized MultithreadedTaskDispatcher with 12 workers.
 -> (artifact id: '7b3c386742a53a46c19ac33600c6a4da') in 1.142916 seconds
Number of updated asset objects reloaded before import = 2
Number of asset objects unloaded after import = 21
========================================================================
Received Import Request.
  Time since last request: 269.798200 seconds.
  path: Assets/VFX Graph/ExplosionBlackHole.vfx
  artifactKey: Guid(0fe36dcac264377439f146d67f1c043f) Importer(815301076,1909f56bfc062723c751e8b465ee728b)
Start importing Assets/VFX Graph/ExplosionBlackHole.vfx using Guid(0fe36dcac264377439f146d67f1c043f) Importer(815301076,1909f56bfc062723c751e8b465ee728b) [PhysX] Initialized MultithreadedTaskDispatcher with 12 workers.
 -> (artifact id: 'b84e93a00e1a0b7788b9dc909b8b0de5') in 0.017790 seconds
Number of updated asset objects reloaded before import = 0
Number of asset objects unloaded after import = 6
========================================================================
Received Import Request.
  Time since last request: 44.777694 seconds.
  path: Packages/com.unity.render-pipelines.core/Editor/LookDev/Icons/Duplicate@2x.png
  artifactKey: Guid(91ffd37b0545bf6448f8d937736130a1) Importer(815301076,1909f56bfc062723c751e8b465ee728b)
Start importing Packages/com.unity.render-pipelines.core/Editor/LookDev/Icons/Duplicate@2x.png using Guid(91ffd37b0545bf6448f8d937736130a1) Importer(815301076,1909f56bfc062723c751e8b465ee728b) [PhysX] Initialized MultithreadedTaskDispatcher with 12 workers.
[PhysX] Initialized MultithreadedTaskDispatcher with 12 workers.
 -> (artifact id: '4c1b158d8c10a8166b83ae81243c9f2b') in 0.223305 seconds
Number of updated asset objects reloaded before import = 0
Number of asset objects unloaded after import = 3
========================================================================
Received Import Request.
  Time since last request: 4.442703 seconds.
  path: Packages/com.unity.render-pipelines.core/Editor/Volume/Icons/VolumeProfileAsset.png
  artifactKey: Guid(f20112bdeec2e8d4d9f80e8390e37263) Importer(815301076,1909f56bfc062723c751e8b465ee728b)
Start importing Packages/com.unity.render-pipelines.core/Editor/Volume/Icons/VolumeProfileAsset.png using Guid(f20112bdeec2e8d4d9f80e8390e37263) Importer(815301076,1909f56bfc062723c751e8b465ee728b) [PhysX] Initialized MultithreadedTaskDispatcher with 12 workers.
[PhysX] Initialized MultithreadedTaskDispatcher with 12 workers.
 -> (artifact id: 'f2844220b42305d50ab09d0a78045d01') in 0.018591 seconds
Number of updated asset objects reloaded before import = 0
Number of asset objects unloaded after import = 2
========================================================================
Received Import Request.
  Time since last request: 63.043434 seconds.
  path: Assets/VFX Graph/ExplosionBlackHole.vfx
  artifactKey: Guid(0fe36dcac264377439f146d67f1c043f) Importer(815301076,1909f56bfc062723c751e8b465ee728b)
Start importing Assets/VFX Graph/ExplosionBlackHole.vfx using Guid(0fe36dcac264377439f146d67f1c043f) Importer(815301076,1909f56bfc062723c751e8b465ee728b) [PhysX] Initialized MultithreadedTaskDispatcher with 12 workers.
 -> (artifact id: 'c559076a60d31d9f279845396f2484c7') in 0.006775 seconds
Number of updated asset objects reloaded before import = 0
Number of asset objects unloaded after import = 5
========================================================================
Received Import Request.
  Time since last request: 8.719395 seconds.
  path: Assets/VFX Graph/ExplosionBlackHole.vfx
  artifactKey: Guid(0fe36dcac264377439f146d67f1c043f) Importer(815301076,1909f56bfc062723c751e8b465ee728b)
Start importing Assets/VFX Graph/ExplosionBlackHole.vfx using Guid(0fe36dcac264377439f146d67f1c043f) Importer(815301076,1909f56bfc062723c751e8b465ee728b) [PhysX] Initialized MultithreadedTaskDispatcher with 12 workers.
 -> (artifact id: '4ec3658118180ccbe8fbe2d6193a80f3') in 0.003927 seconds
Number of updated asset objects reloaded before import = 0
Number of asset objects unloaded after import = 5
========================================================================
Received Import Request.
  Time since last request: 4.879570 seconds.
  path: Assets/VFX Graph/ExplosionBlackHole.vfx
  artifactKey: Guid(0fe36dcac264377439f146d67f1c043f) Importer(815301076,1909f56bfc062723c751e8b465ee728b)
Start importing Assets/VFX Graph/ExplosionBlackHole.vfx using Guid(0fe36dcac264377439f146d67f1c043f) Importer(815301076,1909f56bfc062723c751e8b465ee728b) [PhysX] Initialized MultithreadedTaskDispatcher with 12 workers.
 -> (artifact id: '1c5cc06c259fbfa7dd6d50682e0e10b2') in 0.006632 seconds
Number of updated asset objects reloaded before import = 0
Number of asset objects unloaded after import = 5
========================================================================
Received Import Request.
  Time since last request: 4.424870 seconds.
  path: Assets/VFX Graph/ExplosionBlackHole.vfx
  artifactKey: Guid(0fe36dcac264377439f146d67f1c043f) Importer(815301076,1909f56bfc062723c751e8b465ee728b)
Start importing Assets/VFX Graph/ExplosionBlackHole.vfx using Guid(0fe36dcac264377439f146d67f1c043f) Importer(815301076,1909f56bfc062723c751e8b465ee728b) [PhysX] Initialized MultithreadedTaskDispatcher with 12 workers.
 -> (artifact id: '5d41587d30341ace62a63a2dc62bf9c8') in 0.004463 seconds
Number of updated asset objects reloaded before import = 0
Number of asset objects unloaded after import = 5
========================================================================
Received Import Request.
  Time since last request: 33.005445 seconds.
  path: Assets/VFX Graph/ExplosionBlackHole.vfx
  artifactKey: Guid(0fe36dcac264377439f146d67f1c043f) Importer(815301076,1909f56bfc062723c751e8b465ee728b)
Start importing Assets/VFX Graph/ExplosionBlackHole.vfx using Guid(0fe36dcac264377439f146d67f1c043f) Importer(815301076,1909f56bfc062723c751e8b465ee728b) [PhysX] Initialized MultithreadedTaskDispatcher with 12 workers.
 -> (artifact id: '0e8142bdd7edac38136fa1e5b9d0ae93') in 0.006807 seconds
Number of updated asset objects reloaded before import = 0
Number of asset objects unloaded after import = 5
========================================================================
Received Import Request.
  Time since last request: 28.655015 seconds.
  path: Assets/VFX Graph/ExplosionBlackHole.vfx
  artifactKey: Guid(0fe36dcac264377439f146d67f1c043f) Importer(815301076,1909f56bfc062723c751e8b465ee728b)
Start importing Assets/VFX Graph/ExplosionBlackHole.vfx using Guid(0fe36dcac264377439f146d67f1c043f) Importer(815301076,1909f56bfc062723c751e8b465ee728b) [PhysX] Initialized MultithreadedTaskDispatcher with 12 workers.
 -> (artifact id: '3b6c9954e3ded5af3bb836f636e64970') in 0.006668 seconds
Number of updated asset objects reloaded before import = 0
Number of asset objects unloaded after import = 5
========================================================================
Received Import Request.
  Time since last request: 69.635130 seconds.
  path: Assets/VFX Graph/ExplosionBlackHole.vfx
  artifactKey: Guid(0fe36dcac264377439f146d67f1c043f) Importer(815301076,1909f56bfc062723c751e8b465ee728b)
Start importing Assets/VFX Graph/ExplosionBlackHole.vfx using Guid(0fe36dcac264377439f146d67f1c043f) Importer(815301076,1909f56bfc062723c751e8b465ee728b) [PhysX] Initialized MultithreadedTaskDispatcher with 12 workers.
 -> (artifact id: 'fb14c8c4fc873a485218438c58883a8e') in 0.004293 seconds
Number of updated asset objects reloaded before import = 0
Number of asset objects unloaded after import = 5
========================================================================
Received Import Request.
  Time since last request: 14.968397 seconds.
  path: Assets/VFX Graph/ExplosionBlackHole.vfx
  artifactKey: Guid(0fe36dcac264377439f146d67f1c043f) Importer(815301076,1909f56bfc062723c751e8b465ee728b)
Start importing Assets/VFX Graph/ExplosionBlackHole.vfx using Guid(0fe36dcac264377439f146d67f1c043f) Importer(815301076,1909f56bfc062723c751e8b465ee728b) [PhysX] Initialized MultithreadedTaskDispatcher with 12 workers.
 -> (artifact id: 'e06b240862e6fb6fd99aeea6e663d937') in 0.005170 seconds
Number of updated asset objects reloaded before import = 0
Number of asset objects unloaded after import = 5
========================================================================
Received Import Request.
  Time since last request: 19.931023 seconds.
  path: Assets/VFX Graph/ExplosionBlackHole.vfx
  artifactKey: Guid(0fe36dcac264377439f146d67f1c043f) Importer(815301076,1909f56bfc062723c751e8b465ee728b)
Start importing Assets/VFX Graph/ExplosionBlackHole.vfx using Guid(0fe36dcac264377439f146d67f1c043f) Importer(815301076,1909f56bfc062723c751e8b465ee728b) [PhysX] Initialized MultithreadedTaskDispatcher with 12 workers.
 -> (artifact id: '4b2f8b3061166dd776b38d17938fbf43') in 0.008013 seconds
Number of updated asset objects reloaded before import = 0
Number of asset objects unloaded after import = 5
========================================================================
Received Import Request.
  Time since last request: 22.670731 seconds.
  path: Assets/VFX Graph/ExplosionBlackHole.vfx
  artifactKey: Guid(0fe36dcac264377439f146d67f1c043f) Importer(815301076,1909f56bfc062723c751e8b465ee728b)
Start importing Assets/VFX Graph/ExplosionBlackHole.vfx using Guid(0fe36dcac264377439f146d67f1c043f) Importer(815301076,1909f56bfc062723c751e8b465ee728b) [PhysX] Initialized MultithreadedTaskDispatcher with 12 workers.
 -> (artifact id: '9cc482411aebeec5aad72ebd1f559336') in 0.005543 seconds
Number of updated asset objects reloaded before import = 0
Number of asset objects unloaded after import = 5
========================================================================
Received Import Request.
  Time since last request: 55.148583 seconds.
  path: Assets/VFX Graph/ExplosionBlackHole.vfx
  artifactKey: Guid(0fe36dcac264377439f146d67f1c043f) Importer(815301076,1909f56bfc062723c751e8b465ee728b)
Start importing Assets/VFX Graph/ExplosionBlackHole.vfx using Guid(0fe36dcac264377439f146d67f1c043f) Importer(815301076,1909f56bfc062723c751e8b465ee728b) [PhysX] Initialized MultithreadedTaskDispatcher with 12 workers.
 -> (artifact id: '44edac4279ab579981393be7ed337c7e') in 0.009388 seconds
Number of updated asset objects reloaded before import = 0
Number of asset objects unloaded after import = 5
========================================================================
Received Import Request.
  Time since last request: 7.264713 seconds.
  path: Assets/VFX Graph/ExplosionBlackHole.vfx
  artifactKey: Guid(0fe36dcac264377439f146d67f1c043f) Importer(815301076,1909f56bfc062723c751e8b465ee728b)
Start importing Assets/VFX Graph/ExplosionBlackHole.vfx using Guid(0fe36dcac264377439f146d67f1c043f) Importer(815301076,1909f56bfc062723c751e8b465ee728b) [PhysX] Initialized MultithreadedTaskDispatcher with 12 workers.
 -> (artifact id: '6d1e5c544976a6e3c8eec08e7d6d2a20') in 0.005045 seconds
Number of updated asset objects reloaded before import = 0
Number of asset objects unloaded after import = 5
========================================================================
Received Import Request.
  Time since last request: 48.788797 seconds.
  path: Assets/VFX Graph/ExplosionBlackHole.vfx
  artifactKey: Guid(0fe36dcac264377439f146d67f1c043f) Importer(815301076,1909f56bfc062723c751e8b465ee728b)
Start importing Assets/VFX Graph/ExplosionBlackHole.vfx using Guid(0fe36dcac264377439f146d67f1c043f) Importer(815301076,1909f56bfc062723c751e8b465ee728b) [PhysX] Initialized MultithreadedTaskDispatcher with 12 workers.
 -> (artifact id: '433bbde2cb18e03f0024b00e9f7dd565') in 0.006796 seconds
Number of updated asset objects reloaded before import = 0
Number of asset objects unloaded after import = 5
========================================================================
Received Import Request.
  Time since last request: 79.143329 seconds.
  path: Assets/VFX Graph/ExplosionBlackHole.vfx
  artifactKey: Guid(0fe36dcac264377439f146d67f1c043f) Importer(815301076,1909f56bfc062723c751e8b465ee728b)
Start importing Assets/VFX Graph/ExplosionBlackHole.vfx using Guid(0fe36dcac264377439f146d67f1c043f) Importer(815301076,1909f56bfc062723c751e8b465ee728b) [PhysX] Initialized MultithreadedTaskDispatcher with 12 workers.
 -> (artifact id: 'fd7c634b564c72e0f841662386c32be6') in 0.006511 seconds
Number of updated asset objects reloaded before import = 0
Number of asset objects unloaded after import = 5
========================================================================
Received Import Request.
  Time since last request: 39.771807 seconds.
  path: Assets/VFX Graph/ExplosionBlackHole.vfx
  artifactKey: Guid(0fe36dcac264377439f146d67f1c043f) Importer(815301076,1909f56bfc062723c751e8b465ee728b)
Start importing Assets/VFX Graph/ExplosionBlackHole.vfx using Guid(0fe36dcac264377439f146d67f1c043f) Importer(815301076,1909f56bfc062723c751e8b465ee728b) [PhysX] Initialized MultithreadedTaskDispatcher with 12 workers.
 -> (artifact id: '24439d55369672cb5b567f7c87554a72') in 0.005827 seconds
Number of updated asset objects reloaded before import = 0
Number of asset objects unloaded after import = 5
========================================================================
Received Import Request.
  Time since last request: 20.788068 seconds.
  path: Assets/VFX Graph/ExplosionBlackHole.vfx
  artifactKey: Guid(0fe36dcac264377439f146d67f1c043f) Importer(815301076,1909f56bfc062723c751e8b465ee728b)
Start importing Assets/VFX Graph/ExplosionBlackHole.vfx using Guid(0fe36dcac264377439f146d67f1c043f) Importer(815301076,1909f56bfc062723c751e8b465ee728b) [PhysX] Initialized MultithreadedTaskDispatcher with 12 workers.
 -> (artifact id: '26fb412fea586ec04a01f54d99a04acb') in 0.004921 seconds
Number of updated asset objects reloaded before import = 0
Number of asset objects unloaded after import = 5
========================================================================
Received Import Request.
  Time since last request: 19.226718 seconds.
  path: Assets/VFX Graph/ExplosionBlackHole.vfx
  artifactKey: Guid(0fe36dcac264377439f146d67f1c043f) Importer(815301076,1909f56bfc062723c751e8b465ee728b)
Start importing Assets/VFX Graph/ExplosionBlackHole.vfx using Guid(0fe36dcac264377439f146d67f1c043f) Importer(815301076,1909f56bfc062723c751e8b465ee728b) [PhysX] Initialized MultithreadedTaskDispatcher with 12 workers.
 -> (artifact id: '36ddd745cfb95be5650c113163e1a4c7') in 0.004439 seconds
Number of updated asset objects reloaded before import = 0
Number of asset objects unloaded after import = 5
========================================================================
Received Import Request.
  Time since last request: 33.230708 seconds.
  path: Assets/VFX Graph/OrbitalParticles.vfx
  artifactKey: Guid(1865fe635a20a7440be599c54700e5ce) Importer(815301076,1909f56bfc062723c751e8b465ee728b)
Start importing Assets/VFX Graph/OrbitalParticles.vfx using Guid(1865fe635a20a7440be599c54700e5ce) Importer(815301076,1909f56bfc062723c751e8b465ee728b) [PhysX] Initialized MultithreadedTaskDispatcher with 12 workers.
 -> (artifact id: '9f90dd3e18abae787559c87500f74ad9') in 0.006251 seconds
Number of updated asset objects reloaded before import = 1
Number of asset objects unloaded after import = 4
========================================================================
Received Import Request.
  Time since last request: 14.813419 seconds.
  path: Assets/VFX Graph/OrbitalParticles.vfx
  artifactKey: Guid(1865fe635a20a7440be599c54700e5ce) Importer(815301076,1909f56bfc062723c751e8b465ee728b)
Start importing Assets/VFX Graph/OrbitalParticles.vfx using Guid(1865fe635a20a7440be599c54700e5ce) Importer(815301076,1909f56bfc062723c751e8b465ee728b) [PhysX] Initialized MultithreadedTaskDispatcher with 12 workers.
 -> (artifact id: '2e7cf60ac2fa1b6a0261c5183d286ff0') in 0.008165 seconds
Number of updated asset objects reloaded before import = 1
Number of asset objects unloaded after import = 4
========================================================================
Received Import Request.
  Time since last request: 43.227787 seconds.
  path: Assets/VFX Graph/ExplosionBlackHole.vfx
  artifactKey: Guid(0fe36dcac264377439f146d67f1c043f) Importer(815301076,1909f56bfc062723c751e8b465ee728b)
Start importing Assets/VFX Graph/ExplosionBlackHole.vfx using Guid(0fe36dcac264377439f146d67f1c043f) Importer(815301076,1909f56bfc062723c751e8b465ee728b) [PhysX] Initialized MultithreadedTaskDispatcher with 12 workers.
 -> (artifact id: 'a9d7ba910caa8feabd4770b27fa6bf29') in 0.006257 seconds
Number of updated asset objects reloaded before import = 0
Number of asset objects unloaded after import = 5
========================================================================
Received Import Request.
  Time since last request: 3.503360 seconds.
  path: Assets/VFX Graph/ExplosionBlackHole.vfx
  artifactKey: Guid(0fe36dcac264377439f146d67f1c043f) Importer(815301076,1909f56bfc062723c751e8b465ee728b)
Start importing Assets/VFX Graph/ExplosionBlackHole.vfx using Guid(0fe36dcac264377439f146d67f1c043f) Importer(815301076,1909f56bfc062723c751e8b465ee728b) [PhysX] Initialized MultithreadedTaskDispatcher with 12 workers.
 -> (artifact id: 'e36bb2c356bd202e3bebe7a5fba66594') in 0.006035 seconds
Number of updated asset objects reloaded before import = 0
Number of asset objects unloaded after import = 5
========================================================================
Received Import Request.
  Time since last request: 37.031972 seconds.
  path: Assets/VFX Graph/ExplosionBlackHole.vfx
  artifactKey: Guid(0fe36dcac264377439f146d67f1c043f) Importer(815301076,1909f56bfc062723c751e8b465ee728b)
Start importing Assets/VFX Graph/ExplosionBlackHole.vfx using Guid(0fe36dcac264377439f146d67f1c043f) Importer(815301076,1909f56bfc062723c751e8b465ee728b) [PhysX] Initialized MultithreadedTaskDispatcher with 12 workers.
 -> (artifact id: '34c87563877520b8cd518db682334e8b') in 0.008371 seconds
Number of updated asset objects reloaded before import = 0
Number of asset objects unloaded after import = 5
========================================================================
Received Import Request.
  Time since last request: 8.941531 seconds.
  path: Assets/VFX Graph/ExplosionBlackHole.vfx
  artifactKey: Guid(0fe36dcac264377439f146d67f1c043f) Importer(815301076,1909f56bfc062723c751e8b465ee728b)
Start importing Assets/VFX Graph/ExplosionBlackHole.vfx using Guid(0fe36dcac264377439f146d67f1c043f) Importer(815301076,1909f56bfc062723c751e8b465ee728b) [PhysX] Initialized MultithreadedTaskDispatcher with 12 workers.
 -> (artifact id: 'a7c6a926aab0fcb1f9d8203e24fb2ef2') in 0.004905 seconds
Number of updated asset objects reloaded before import = 0
Number of asset objects unloaded after import = 5
========================================================================
Received Import Request.
  Time since last request: 60.935651 seconds.
  path: Assets/VFX Graph/OrbitalParticles.vfx
  artifactKey: Guid(1865fe635a20a7440be599c54700e5ce) Importer(815301076,1909f56bfc062723c751e8b465ee728b)
Start importing Assets/VFX Graph/OrbitalParticles.vfx using Guid(1865fe635a20a7440be599c54700e5ce) Importer(815301076,1909f56bfc062723c751e8b465ee728b) [PhysX] Initialized MultithreadedTaskDispatcher with 12 workers.
 -> (artifact id: '14ad4662c2484b66c12fb1947b206dd7') in 0.012161 seconds
Number of updated asset objects reloaded before import = 1
Number of asset objects unloaded after import = 10
========================================================================
Received Import Request.
  Time since last request: 38.288804 seconds.
  path: Assets/VFX Graph/OrbitalParticles.vfx
  artifactKey: Guid(1865fe635a20a7440be599c54700e5ce) Importer(815301076,1909f56bfc062723c751e8b465ee728b)
Start importing Assets/VFX Graph/OrbitalParticles.vfx using Guid(1865fe635a20a7440be599c54700e5ce) Importer(815301076,1909f56bfc062723c751e8b465ee728b) [PhysX] Initialized MultithreadedTaskDispatcher with 12 workers.
 -> (artifact id: '522553508f3cda78ab5ae21a0971ddb6') in 0.006576 seconds
Number of updated asset objects reloaded before import = 1
Number of asset objects unloaded after import = 8
========================================================================
Received Import Request.
  Time since last request: 167.657680 seconds.
  path: Assets/VFX Graph/OrbitalParticles.vfx
  artifactKey: Guid(1865fe635a20a7440be599c54700e5ce) Importer(815301076,1909f56bfc062723c751e8b465ee728b)
Start importing Assets/VFX Graph/OrbitalParticles.vfx using Guid(1865fe635a20a7440be599c54700e5ce) Importer(815301076,1909f56bfc062723c751e8b465ee728b) [PhysX] Initialized MultithreadedTaskDispatcher with 12 workers.
 -> (artifact id: '39258a01a77cb85a02476fb3148252e8') in 0.008583 seconds
Number of updated asset objects reloaded before import = 1
Number of asset objects unloaded after import = 8
========================================================================
Received Import Request.
  Time since last request: 123.921306 seconds.
  path: Assets/VFX Graph/ExplosionBlackHole.vfx
  artifactKey: Guid(0fe36dcac264377439f146d67f1c043f) Importer(815301076,1909f56bfc062723c751e8b465ee728b)
Start importing Assets/VFX Graph/ExplosionBlackHole.vfx using Guid(0fe36dcac264377439f146d67f1c043f) Importer(815301076,1909f56bfc062723c751e8b465ee728b) [PhysX] Initialized MultithreadedTaskDispatcher with 12 workers.
 -> (artifact id: 'c754b630112e76245edc672bc0eeec58') in 0.022058 seconds
Number of updated asset objects reloaded before import = 1
Number of asset objects unloaded after import = 10
========================================================================
Received Import Request.
  Time since last request: 22.561268 seconds.
  path: Assets/VFX Graph/ExplosionBlackHole.vfx
  artifactKey: Guid(0fe36dcac264377439f146d67f1c043f) Importer(815301076,1909f56bfc062723c751e8b465ee728b)
Start importing Assets/VFX Graph/ExplosionBlackHole.vfx using Guid(0fe36dcac264377439f146d67f1c043f) Importer(815301076,1909f56bfc062723c751e8b465ee728b) [PhysX] Initialized MultithreadedTaskDispatcher with 12 workers.
 -> (artifact id: '6ed57a7a3d5f1d19d3e65dfea4af242f') in 0.009215 seconds
Number of updated asset objects reloaded before import = 0
Number of asset objects unloaded after import = 10
========================================================================
Received Import Request.
  Time since last request: 20.227284 seconds.
  path: Assets/VFX Graph/ExplosionBlackHole.vfx
  artifactKey: Guid(0fe36dcac264377439f146d67f1c043f) Importer(815301076,1909f56bfc062723c751e8b465ee728b)
Start importing Assets/VFX Graph/ExplosionBlackHole.vfx using Guid(0fe36dcac264377439f146d67f1c043f) Importer(815301076,1909f56bfc062723c751e8b465ee728b) [PhysX] Initialized MultithreadedTaskDispatcher with 12 workers.
 -> (artifact id: '4ae815510970f42de5b6d4a31e6e833f') in 0.008188 seconds
Number of updated asset objects reloaded before import = 0
Number of asset objects unloaded after import = 10
========================================================================
Received Import Request.
  Time since last request: 5.897474 seconds.
  path: Assets/VFX Graph/ExplosionBlackHole.vfx
  artifactKey: Guid(0fe36dcac264377439f146d67f1c043f) Importer(815301076,1909f56bfc062723c751e8b465ee728b)
Start importing Assets/VFX Graph/ExplosionBlackHole.vfx using Guid(0fe36dcac264377439f146d67f1c043f) Importer(815301076,1909f56bfc062723c751e8b465ee728b) [PhysX] Initialized MultithreadedTaskDispatcher with 12 workers.
 -> (artifact id: 'cc0e54cc1f4cda82f9c8fda563d4acb8') in 0.013548 seconds
Number of updated asset objects reloaded before import = 0
Number of asset objects unloaded after import = 10
========================================================================
Received Import Request.
  Time since last request: 1.909288 seconds.
  path: Assets/VFX Graph/ExplosionBlackHole.vfx
  artifactKey: Guid(0fe36dcac264377439f146d67f1c043f) Importer(815301076,1909f56bfc062723c751e8b465ee728b)
Start importing Assets/VFX Graph/ExplosionBlackHole.vfx using Guid(0fe36dcac264377439f146d67f1c043f) Importer(815301076,1909f56bfc062723c751e8b465ee728b) [PhysX] Initialized MultithreadedTaskDispatcher with 12 workers.
 -> (artifact id: '1838fe8eb9effbb19e2c512334f232af') in 0.016559 seconds
Number of updated asset objects reloaded before import = 0
Number of asset objects unloaded after import = 10
========================================================================
Received Import Request.
  Time since last request: 11.630853 seconds.
  path: Assets/VFX Graph/ExplosionBlackHole.vfx
  artifactKey: Guid(0fe36dcac264377439f146d67f1c043f) Importer(815301076,1909f56bfc062723c751e8b465ee728b)
Start importing Assets/VFX Graph/ExplosionBlackHole.vfx using Guid(0fe36dcac264377439f146d67f1c043f) Importer(815301076,1909f56bfc062723c751e8b465ee728b) [PhysX] Initialized MultithreadedTaskDispatcher with 12 workers.
 -> (artifact id: 'b7173eca924a9a139cb2d8e118d36e2e') in 0.006091 seconds
Number of updated asset objects reloaded before import = 0
Number of asset objects unloaded after import = 10
========================================================================
Received Import Request.
  Time since last request: 51.520625 seconds.
  path: Assets/VFX Graph/OrbitalParticles.vfx
  artifactKey: Guid(1865fe635a20a7440be599c54700e5ce) Importer(815301076,1909f56bfc062723c751e8b465ee728b)
Start importing Assets/VFX Graph/OrbitalParticles.vfx using Guid(1865fe635a20a7440be599c54700e5ce) Importer(815301076,1909f56bfc062723c751e8b465ee728b) [PhysX] Initialized MultithreadedTaskDispatcher with 12 workers.
 -> (artifact id: '2dc5f164cf74e101055cca55ca4244fc') in 0.004287 seconds
Number of updated asset objects reloaded before import = 1
Number of asset objects unloaded after import = 4
========================================================================
Received Import Request.
  Time since last request: 12.266135 seconds.
  path: Assets/VFX Graph/ExplosionBlackHole.vfx
  artifactKey: Guid(0fe36dcac264377439f146d67f1c043f) Importer(815301076,1909f56bfc062723c751e8b465ee728b)
Start importing Assets/VFX Graph/ExplosionBlackHole.vfx using Guid(0fe36dcac264377439f146d67f1c043f) Importer(815301076,1909f56bfc062723c751e8b465ee728b) [PhysX] Initialized MultithreadedTaskDispatcher with 12 workers.
 -> (artifact id: 'a11fe1a5c14a490dc95eeece71626f80') in 0.007402 seconds
Number of updated asset objects reloaded before import = 0
Number of asset objects unloaded after import = 10
========================================================================
Received Import Request.
  Time since last request: 1.641050 seconds.
  path: Assets/VFX Graph/ExplosionBlackHole.vfx
  artifactKey: Guid(0fe36dcac264377439f146d67f1c043f) Importer(815301076,1909f56bfc062723c751e8b465ee728b)
Start importing Assets/VFX Graph/ExplosionBlackHole.vfx using Guid(0fe36dcac264377439f146d67f1c043f) Importer(815301076,1909f56bfc062723c751e8b465ee728b) [PhysX] Initialized MultithreadedTaskDispatcher with 12 workers.
 -> (artifact id: '81397c6a6a9d76fca6969b182e1a9b51') in 0.006881 seconds
Number of updated asset objects reloaded before import = 0
Number of asset objects unloaded after import = 10
========================================================================
Received Import Request.
  Time since last request: 4.376482 seconds.
  path: Assets/VFX Graph/ExplosionBlackHole.vfx
  artifactKey: Guid(0fe36dcac264377439f146d67f1c043f) Importer(815301076,1909f56bfc062723c751e8b465ee728b)
Start importing Assets/VFX Graph/ExplosionBlackHole.vfx using Guid(0fe36dcac264377439f146d67f1c043f) Importer(815301076,1909f56bfc062723c751e8b465ee728b) [PhysX] Initialized MultithreadedTaskDispatcher with 12 workers.
 -> (artifact id: '9bec88bfa95cd80cce460aa7b6f082ab') in 0.006621 seconds
Number of updated asset objects reloaded before import = 0
Number of asset objects unloaded after import = 10
========================================================================
Received Import Request.
  Time since last request: 15.332917 seconds.
  path: Assets/VFX Graph/ExplosionBlackHole.vfx
  artifactKey: Guid(0fe36dcac264377439f146d67f1c043f) Importer(815301076,1909f56bfc062723c751e8b465ee728b)
Start importing Assets/VFX Graph/ExplosionBlackHole.vfx using Guid(0fe36dcac264377439f146d67f1c043f) Importer(815301076,1909f56bfc062723c751e8b465ee728b) [PhysX] Initialized MultithreadedTaskDispatcher with 12 workers.
 -> (artifact id: 'ddaa7f8b1b48c9b262cb56eef7df2a8c') in 0.008833 seconds
Number of updated asset objects reloaded before import = 0
Number of asset objects unloaded after import = 10
========================================================================
Received Import Request.
  Time since last request: 44.122862 seconds.
  path: Packages/com.unity.shadergraph/Editor/Resources/GraphView/Nodes/BlackboardFieldExposed.png
  artifactKey: Guid(2e8113252e9a1b245a81dc384ae86446) Importer(815301076,1909f56bfc062723c751e8b465ee728b)
Start importing Packages/com.unity.shadergraph/Editor/Resources/GraphView/Nodes/BlackboardFieldExposed.png using Guid(2e8113252e9a1b245a81dc384ae86446) Importer(815301076,1909f56bfc062723c751e8b465ee728b) [PhysX] Initialized MultithreadedTaskDispatcher with 12 workers.
[PhysX] Initialized MultithreadedTaskDispatcher with 12 workers.
 -> (artifact id: 'b92d3bcc41dd32a3a9aa784d355193fe') in 0.059539 seconds
Number of updated asset objects reloaded before import = 0
Number of asset objects unloaded after import = 2
========================================================================
Received Import Request.
  Time since last request: 1.097015 seconds.
  path: Packages/com.unity.render-pipelines.core/Editor/LookDev/Icons/Add.png
  artifactKey: Guid(cbaeed03e5416aa4bae23110b63a0c7d) Importer(815301076,1909f56bfc062723c751e8b465ee728b)
Start importing Packages/com.unity.render-pipelines.core/Editor/LookDev/Icons/Add.png using Guid(cbaeed03e5416aa4bae23110b63a0c7d) Importer(815301076,1909f56bfc062723c751e8b465ee728b) [PhysX] Initialized MultithreadedTaskDispatcher with 12 workers.
[PhysX] Initialized MultithreadedTaskDispatcher with 12 workers.
 -> (artifact id: '3fdc26ddab0413b1f9970573a8a7f91e') in 0.025116 seconds
Number of updated asset objects reloaded before import = 0
Number of asset objects unloaded after import = 3
========================================================================
Received Import Request.
  Time since last request: 0.003837 seconds.
  path: Packages/com.unity.render-pipelines.core/Editor/Lighting/Icons/Advanced_UnPressed_mini.png
  artifactKey: Guid(b356b95f05b77cf49a1b8241134f44c4) Importer(815301076,1909f56bfc062723c751e8b465ee728b)
Start importing Packages/com.unity.render-pipelines.core/Editor/Lighting/Icons/Advanced_UnPressed_mini.png using Guid(b356b95f05b77cf49a1b8241134f44c4) Importer(815301076,1909f56bfc062723c751e8b465ee728b) [PhysX] Initialized MultithreadedTaskDispatcher with 12 workers.
[PhysX] Initialized MultithreadedTaskDispatcher with 12 workers.
 -> (artifact id: '166f851790a4d317b3c8fb75c6e5d020') in 0.042881 seconds
Number of updated asset objects reloaded before import = 0
Number of asset objects unloaded after import = 2
========================================================================
Received Import Request.
  Time since last request: 0.000309 seconds.
  path: Packages/com.unity.render-pipelines.universal/Editor/SceneTemplates/Basic.scenetemplate
  artifactKey: Guid(3f9cc3f14b0454fa7b997b33a99d539f) Importer(815301076,1909f56bfc062723c751e8b465ee728b)
Start importing Packages/com.unity.render-pipelines.universal/Editor/SceneTemplates/Basic.scenetemplate using Guid(3f9cc3f14b0454fa7b997b33a99d539f) Importer(815301076,1909f56bfc062723c751e8b465ee728b) [PhysX] Initialized MultithreadedTaskDispatcher with 12 workers.
[PhysX] Initialized MultithreadedTaskDispatcher with 12 workers.
 -> (artifact id: 'aecab7316dfaf84ee3e169a49c8b6927') in 0.232589 seconds
Number of updated asset objects reloaded before import = 0
Number of asset objects unloaded after import = 4
========================================================================
Received Prepare
Caller must complete domain reload
Begin MonoManager ReloadAssembly
- Loaded All Assemblies, in  2.896 seconds
Native extension for WindowsStandalone target not found
Native extension for Android target not found
[Package Manager] Server::EnsureServerProcessIsRunning -- launch failed, reason: Unity was launched with the -noUpm command-line argument
[Package Manager] UpmClient::Send -- Unable to send message (not connected to UPM process).
[Package Manager] Cannot connect to Unity Package Manager local server
Mono: successfully reloaded assembly
- Finished resetting the current domain, in  2.182 seconds
Domain Reload Profiling: 5075ms
	BeginReloadAssembly (1001ms)
		ExecutionOrderSort (0ms)
		DisableScriptedObjects (148ms)
		BackupInstance (0ms)
		ReleaseScriptingObjects (1ms)
		CreateAndSetChildDomain (442ms)
	RebuildCommonClasses (45ms)
	RebuildNativeTypeToScriptingClass (15ms)
	initialDomainReloadingComplete (102ms)
	LoadAllAssembliesAndSetupDomain (1729ms)
		LoadAssemblies (1906ms)
		RebuildTransferFunctionScriptingTraits (0ms)
		AnalyzeDomain (64ms)
			TypeCache.Refresh (37ms)
				TypeCache.ScanAssembly (0ms)
			ScanForSourceGeneratedMonoScriptInfo (1ms)
			ResolveRequiredComponents (26ms)
	FinalizeReload (2183ms)
		ReleaseScriptCaches (0ms)
		RebuildScriptCaches (0ms)
		SetupLoadedEditorAssemblies (569ms)
			LogAssemblyErrors (0ms)
			InitializePlatformSupportModulesInManaged (37ms)
			SetLoadedEditorAssemblies (5ms)
			RefreshPlugins (0ms)
			BeforeProcessingInitializeOnLoad (92ms)
			ProcessInitializeOnLoadAttributes (364ms)
			ProcessInitializeOnLoadMethodAttributes (64ms)
			AfterProcessingInitializeOnLoad (6ms)
			EditorAssembliesLoaded (0ms)
		ExecutionOrderSort2 (0ms)
		AwakeInstancesAfterBackupRestoration (17ms)
Refreshing native plugins compatible for Editor in 4.13 ms, found 3 plugins.
Preloading 0 native plugins for Editor in 0.00 ms.
Unloading 5350 Unused Serialized files (Serialized files now loaded: 0)
Unloading 20 unused Assets / (1.1 MB). Loaded Objects now: 6094.
Memory consumption went from 203.7 MB to 202.6 MB.
Total: 18.185800 ms (FindLiveObjects: 0.498300 ms CreateObjectMapping: 0.236600 ms MarkObjects: 17.195000 ms  DeleteObjects: 0.251700 ms)

Prepare: number of updated asset objects reloaded= 0
AssetImportParameters requested are different than current active one (requested -> active):
  custom:container-demuxer-ogg: 62fdf1f143b41e24485cea50d1cbac27 -> 
  custom:video-decoder-ogg-theora: a1e56fd34408186e4bbccfd4996cb3dc -> 
  custom:framework-win-MediaFoundation: 216162199b28c13a410421893ffa2e32 -> 
  custom:CustomObjectIndexerAttribute: 72b91833f83ae208fae7752999fa3104 -> 
  custom:container-demuxer-webm: 4f35f7cbe854078d1ac9338744f61a02 -> 
  custom:container-muxer-webm: aa71ff27fc2769a1b78a27578f13a17b -> 
  custom:video-decoder-webm-vp8: 9c59270c3fd7afecdb556c50c9e8de78 -> 
  custom:SearchIndexIgnoredProperties: e643bd26f0fe6173181afceb89e7c659 -> 
  custom:AudioImporter_EditorPlatform: d09bf68614088b80899f8185d706f6e7 -> 
  custom:video-encoder-webm-vp8: eb34c28f22e8b96e1ab97ce403110664 -> 
  custom:audio-decoder-ogg-vorbis: bf7c407c2cedff20999df2af8eb42d56 -> 
  custom:audio-encoder-webm-vorbis: bf7c407c2cedff20999df2af8eb42d56 -> 
