Using pre-set license
Built from '2022.3/staging' branch; Version is '2022.3.41f1 (0f988161febf) revision 1022081'; Using compiler version '192829333'; Build Type 'Release'
OS: 'Windows 11  (10.0.22631) 64bit CoreSingleLanguage' Language: 'es' Physical Memory: 7955 MB
BatchMode: 1, IsHumanControllingUs: 0, StartBugReporterOnCrash: 0, Is64bit: 1, IsPro: 1

COMMAND LINE ARGUMENTS:
C:\Program Files\Unity\Hub\Editor\2022.3.41f1\Editor\Unity.exe
-adb2
-batchMode
-noUpm
-name
AssetImportWorker2
-projectPath
C:/Users/Acer/Desktop/Computacion Grafica/VFX/Parciales/Parcial2_ShaderGraphs/Parcial2_ShaderGraphs
-logFile
Logs/AssetImportWorker2.log
-srvPort
59904
Successfully changed project path to: C:/Users/Acer/Desktop/Computacion Grafica/VFX/Parciales/Parcial2_ShaderGraphs/Parcial2_ShaderGraphs
C:/Users/Acer/Desktop/Computacion Grafica/VFX/Parciales/Parcial2_ShaderGraphs/Parcial2_ShaderGraphs
[UnityMemory] Configuration Parameters - Can be set up in boot.config
    "memorysetup-bucket-allocator-granularity=16"
    "memorysetup-bucket-allocator-bucket-count=8"
    "memorysetup-bucket-allocator-block-size=33554432"
    "memorysetup-bucket-allocator-block-count=8"
    "memorysetup-main-allocator-block-size=16777216"
    "memorysetup-thread-allocator-block-size=16777216"
    "memorysetup-gfx-main-allocator-block-size=16777216"
    "memorysetup-gfx-thread-allocator-block-size=16777216"
    "memorysetup-cache-allocator-block-size=4194304"
    "memorysetup-typetree-allocator-block-size=2097152"
    "memorysetup-profiler-bucket-allocator-granularity=16"
    "memorysetup-profiler-bucket-allocator-bucket-count=8"
    "memorysetup-profiler-bucket-allocator-block-size=33554432"
    "memorysetup-profiler-bucket-allocator-block-count=8"
    "memorysetup-profiler-allocator-block-size=16777216"
    "memorysetup-profiler-editor-allocator-block-size=1048576"
    "memorysetup-temp-allocator-size-main=16777216"
    "memorysetup-job-temp-allocator-block-size=2097152"
    "memorysetup-job-temp-allocator-block-size-background=1048576"
    "memorysetup-job-temp-allocator-reduction-small-platforms=262144"
    "memorysetup-allocator-temp-initial-block-size-main=262144"
    "memorysetup-allocator-temp-initial-block-size-worker=262144"
    "memorysetup-temp-allocator-size-background-worker=32768"
    "memorysetup-temp-allocator-size-job-worker=262144"
    "memorysetup-temp-allocator-size-preload-manager=33554432"
    "memorysetup-temp-allocator-size-nav-mesh-worker=65536"
    "memorysetup-temp-allocator-size-audio-worker=65536"
    "memorysetup-temp-allocator-size-cloud-worker=32768"
    "memorysetup-temp-allocator-size-gi-baking-worker=262144"
    "memorysetup-temp-allocator-size-gfx=262144"
Player connection [19008]  Target information:

Player connection [19008]  * "[IP] 10.9.232.243 [Port] 0 [Flags] 2 [Guid] 3043379711 [EditorId] 3043379711 [Version] 1048832 [Id] WindowsEditor(7,LAPTOP-PM0FQCBJ) [Debug] 1 [PackageName] WindowsEditor [ProjectName] Editor" 

Player connection [19008] Host joined multi-casting on [225.0.0.222:54997]...
Player connection [19008] Host joined alternative multi-casting on [225.0.0.222:34997]...
[PhysX] Initialized MultithreadedTaskDispatcher with 12 workers.
Refreshing native plugins compatible for Editor in 18.52 ms, found 3 plugins.
Preloading 0 native plugins for Editor in 0.00 ms.
Initialize engine version: 2022.3.41f1 (0f988161febf)
[Subsystems] Discovering subsystems at path C:/Program Files/Unity/Hub/Editor/2022.3.41f1/Editor/Data/Resources/UnitySubsystems
[Subsystems] Discovering subsystems at path C:/Users/Acer/Desktop/Computacion Grafica/VFX/Parciales/Parcial2_ShaderGraphs/Parcial2_ShaderGraphs/Assets
GfxDevice: creating device client; threaded=0; jobified=0
Direct3D:
    Version:  Direct3D 11.0 [level 11.1]
    Renderer: NVIDIA GeForce GTX 1650 (ID=0x1f9d)
    Vendor:   NVIDIA
    VRAM:     3950 MB
    Driver:   31.0.15.4633
Initialize mono
Mono path[0] = 'C:/Program Files/Unity/Hub/Editor/2022.3.41f1/Editor/Data/Managed'
Mono path[1] = 'C:/Program Files/Unity/Hub/Editor/2022.3.41f1/Editor/Data/MonoBleedingEdge/lib/mono/unityjit-win32'
Mono config path = 'C:/Program Files/Unity/Hub/Editor/2022.3.41f1/Editor/Data/MonoBleedingEdge/etc'
Using monoOptions --debugger-agent=transport=dt_socket,embedding=1,server=y,suspend=n,address=127.0.0.1:56480
Begin MonoManager ReloadAssembly
Registering precompiled unity dll's ...
Register platform support module: C:/Program Files/Unity/Hub/Editor/2022.3.41f1/Editor/Data/PlaybackEngines/AndroidPlayer/UnityEditor.Android.Extensions.dll
Register platform support module: C:/Program Files/Unity/Hub/Editor/2022.3.41f1/Editor/Data/PlaybackEngines/WindowsStandaloneSupport/UnityEditor.WindowsStandalone.Extensions.dll
Registered in 0.010989 seconds.
- Loaded All Assemblies, in  0.363 seconds
Native extension for WindowsStandalone target not found
Native extension for Android target not found
Android Extension - Scanning For ADB Devices 276 ms
Mono: successfully reloaded assembly
- Finished resetting the current domain, in  0.552 seconds
Domain Reload Profiling: 914ms
	BeginReloadAssembly (120ms)
		ExecutionOrderSort (0ms)
		DisableScriptedObjects (0ms)
		BackupInstance (0ms)
		ReleaseScriptingObjects (0ms)
		CreateAndSetChildDomain (1ms)
	RebuildCommonClasses (30ms)
	RebuildNativeTypeToScriptingClass (8ms)
	initialDomainReloadingComplete (59ms)
	LoadAllAssembliesAndSetupDomain (145ms)
		LoadAssemblies (118ms)
		RebuildTransferFunctionScriptingTraits (0ms)
		AnalyzeDomain (140ms)
			TypeCache.Refresh (139ms)
				TypeCache.ScanAssembly (126ms)
			ScanForSourceGeneratedMonoScriptInfo (0ms)
			ResolveRequiredComponents (1ms)
	FinalizeReload (552ms)
		ReleaseScriptCaches (0ms)
		RebuildScriptCaches (0ms)
		SetupLoadedEditorAssemblies (516ms)
			LogAssemblyErrors (0ms)
			InitializePlatformSupportModulesInManaged (377ms)
			SetLoadedEditorAssemblies (6ms)
			RefreshPlugins (0ms)
			BeforeProcessingInitializeOnLoad (2ms)
			ProcessInitializeOnLoadAttributes (94ms)
			ProcessInitializeOnLoadMethodAttributes (36ms)
			AfterProcessingInitializeOnLoad (0ms)
			EditorAssembliesLoaded (0ms)
		ExecutionOrderSort2 (0ms)
		AwakeInstancesAfterBackupRestoration (0ms)
========================================================================
Worker process is ready to serve import requests
Caller must complete domain reload
Begin MonoManager ReloadAssembly
- Loaded All Assemblies, in  0.725 seconds
Native extension for WindowsStandalone target not found
Native extension for Android target not found
Package Manager log level set to [2]
[Package Manager] Server::EnsureServerProcessIsRunning -- launch failed, reason: Unity was launched with the -noUpm command-line argument
[Package Manager] UpmClient::Send -- Unable to send message (not connected to UPM process).
[Package Manager] Cannot connect to Unity Package Manager local server
Mono: successfully reloaded assembly
- Finished resetting the current domain, in  0.611 seconds
Domain Reload Profiling: 1328ms
	BeginReloadAssembly (143ms)
		ExecutionOrderSort (0ms)
		DisableScriptedObjects (4ms)
		BackupInstance (0ms)
		ReleaseScriptingObjects (0ms)
		CreateAndSetChildDomain (23ms)
	RebuildCommonClasses (42ms)
	RebuildNativeTypeToScriptingClass (11ms)
	initialDomainReloadingComplete (37ms)
	LoadAllAssembliesAndSetupDomain (484ms)
		LoadAssemblies (377ms)
		RebuildTransferFunctionScriptingTraits (0ms)
		AnalyzeDomain (195ms)
			TypeCache.Refresh (159ms)
				TypeCache.ScanAssembly (138ms)
			ScanForSourceGeneratedMonoScriptInfo (28ms)
			ResolveRequiredComponents (8ms)
	FinalizeReload (612ms)
		ReleaseScriptCaches (0ms)
		RebuildScriptCaches (0ms)
		SetupLoadedEditorAssemblies (489ms)
			LogAssemblyErrors (0ms)
			InitializePlatformSupportModulesInManaged (19ms)
			SetLoadedEditorAssemblies (4ms)
			RefreshPlugins (0ms)
			BeforeProcessingInitializeOnLoad (62ms)
			ProcessInitializeOnLoadAttributes (337ms)
			ProcessInitializeOnLoadMethodAttributes (60ms)
			AfterProcessingInitializeOnLoad (6ms)
			EditorAssembliesLoaded (1ms)
		ExecutionOrderSort2 (0ms)
		AwakeInstancesAfterBackupRestoration (5ms)
Launched and connected shader compiler UnityShaderCompiler.exe after 0.05 seconds
Refreshing native plugins compatible for Editor in 7.49 ms, found 3 plugins.
Preloading 0 native plugins for Editor in 0.00 ms.
Unloading 4936 Unused Serialized files (Serialized files now loaded: 0)
Unloading 24 unused Assets / (348.8 KB). Loaded Objects now: 5403.
Memory consumption went from 205.8 MB to 205.5 MB.
Total: 11.255100 ms (FindLiveObjects: 3.516300 ms CreateObjectMapping: 0.272200 ms MarkObjects: 5.194800 ms  DeleteObjects: 2.264500 ms)

AssetImportParameters requested are different than current active one (requested -> active):
  custom:container-demuxer-ogg: 62fdf1f143b41e24485cea50d1cbac27 -> 
  custom:video-decoder-ogg-theora: a1e56fd34408186e4bbccfd4996cb3dc -> 
  custom:framework-win-MediaFoundation: 216162199b28c13a410421893ffa2e32 -> 
  custom:CustomObjectIndexerAttribute: 72b91833f83ae208fae7752999fa3104 -> 
  custom:container-demuxer-webm: 4f35f7cbe854078d1ac9338744f61a02 -> 
  custom:container-muxer-webm: aa71ff27fc2769a1b78a27578f13a17b -> 
  custom:video-decoder-webm-vp8: 9c59270c3fd7afecdb556c50c9e8de78 -> 
  custom:SearchIndexIgnoredProperties: e643bd26f0fe6173181afceb89e7c659 -> 
  custom:AudioImporter_EditorPlatform: d09bf68614088b80899f8185d706f6e7 -> 
  custom:video-encoder-webm-vp8: eb34c28f22e8b96e1ab97ce403110664 -> 
  custom:audio-decoder-ogg-vorbis: bf7c407c2cedff20999df2af8eb42d56 -> 
  custom:audio-encoder-webm-vorbis: bf7c407c2cedff20999df2af8eb42d56 -> 
========================================================================
Received Import Request.
  Time since last request: 224223.439350 seconds.
  path: Assets/HDIs/aerodynamics_workshop_1k.exr
  artifactKey: Guid(98780007f2d59d34eb03b43398253c08) Importer(2089858483,0ecaa5967403d082aa24f35e1b516d23)
Start importing Assets/HDIs/aerodynamics_workshop_1k.exr using Guid(98780007f2d59d34eb03b43398253c08) Importer(2089858483,0ecaa5967403d082aa24f35e1b516d23) [PhysX] Initialized MultithreadedTaskDispatcher with 12 workers.
 -> (artifact id: '0425ef6c7d81cc3ed72a156a9bdb7be0') in 0.286444 seconds
Number of updated asset objects reloaded before import = 0
Number of asset objects unloaded after import = 1
========================================================================
Received Import Request.
  Time since last request: 0.000030 seconds.
  path: Assets/Modelos 3D/Mannequin/Ch36_1001_Glossiness.png
  artifactKey: Guid(c0a41db2c2c360f49a5c5f7fa4c0e647) Importer(2089858483,0ecaa5967403d082aa24f35e1b516d23)
Start importing Assets/Modelos 3D/Mannequin/Ch36_1001_Glossiness.png using Guid(c0a41db2c2c360f49a5c5f7fa4c0e647) Importer(2089858483,0ecaa5967403d082aa24f35e1b516d23) [PhysX] Initialized MultithreadedTaskDispatcher with 12 workers.
 -> (artifact id: 'cafeeb785c4edcf39717e5dab9e1197a') in 0.055665 seconds
Number of updated asset objects reloaded before import = 0
Number of asset objects unloaded after import = 1
========================================================================
Received Import Request.
  Time since last request: 0.000074 seconds.
  path: Assets/Shader/ForceField.shadergraph
  artifactKey: Guid(7df163412eab4cc4c917dedd19b61962) Importer(2089858483,0ecaa5967403d082aa24f35e1b516d23)
Start importing Assets/Shader/ForceField.shadergraph using Guid(7df163412eab4cc4c917dedd19b61962) Importer(2089858483,0ecaa5967403d082aa24f35e1b516d23) [PhysX] Initialized MultithreadedTaskDispatcher with 12 workers.
 -> (artifact id: '93eb29ab8952ce61e77568610a73f997') in 0.049398 seconds
Number of updated asset objects reloaded before import = 0
Number of asset objects unloaded after import = 4
========================================================================
Received Import Request.
  Time since last request: 0.000028 seconds.
  path: Assets/URP/Settings/URP-Performant-Renderer.asset
  artifactKey: Guid(707360a9c581a4bd7aa53bfeb1429f71) Importer(2089858483,0ecaa5967403d082aa24f35e1b516d23)
Start importing Assets/URP/Settings/URP-Performant-Renderer.asset using Guid(707360a9c581a4bd7aa53bfeb1429f71) Importer(2089858483,0ecaa5967403d082aa24f35e1b516d23) [PhysX] Initialized MultithreadedTaskDispatcher with 12 workers.
 -> (artifact id: '196564842cc095a9d86024dddfe91c94') in 0.049093 seconds
Number of updated asset objects reloaded before import = 0
Number of asset objects unloaded after import = 1
========================================================================
Received Import Request.
  Time since last request: 0.000026 seconds.
  path: Assets/Shader/CaballeroColor.shadergraph
  artifactKey: Guid(a4d5509db3fd52740b489e1987b1afd4) Importer(2089858483,0ecaa5967403d082aa24f35e1b516d23)
Start importing Assets/Shader/CaballeroColor.shadergraph using Guid(a4d5509db3fd52740b489e1987b1afd4) Importer(2089858483,0ecaa5967403d082aa24f35e1b516d23) [PhysX] Initialized MultithreadedTaskDispatcher with 12 workers.
 -> (artifact id: '9db697ca914aeb867da906c6155b5f50') in 0.026975 seconds
Number of updated asset objects reloaded before import = 0
Number of asset objects unloaded after import = 2
========================================================================
Received Import Request.
  Time since last request: 0.000030 seconds.
  path: Assets/Textures/TexturaHealing.png
  artifactKey: Guid(2341005f8bf03ce4c9d5e0ec366a8b80) Importer(2089858483,0ecaa5967403d082aa24f35e1b516d23)
Start importing Assets/Textures/TexturaHealing.png using Guid(2341005f8bf03ce4c9d5e0ec366a8b80) Importer(2089858483,0ecaa5967403d082aa24f35e1b516d23) [PhysX] Initialized MultithreadedTaskDispatcher with 12 workers.
 -> (artifact id: '236af95465781e6a0da342f107504f5c') in 0.061521 seconds
Number of updated asset objects reloaded before import = 0
Number of asset objects unloaded after import = 3
========================================================================
Received Import Request.
  Time since last request: 0.000043 seconds.
  path: Assets/URP/Settings/URP-Balanced.asset
  artifactKey: Guid(e1260c1148f6143b28bae5ace5e9c5d1) Importer(2089858483,0ecaa5967403d082aa24f35e1b516d23)
Start importing Assets/URP/Settings/URP-Balanced.asset using Guid(e1260c1148f6143b28bae5ace5e9c5d1) Importer(2089858483,0ecaa5967403d082aa24f35e1b516d23) [PhysX] Initialized MultithreadedTaskDispatcher with 12 workers.
 -> (artifact id: 'b263c8fa058626127b7a013a354e2619') in 0.066190 seconds
Number of updated asset objects reloaded before import = 0
Number of asset objects unloaded after import = 3
========================================================================
Received Import Request.
  Time since last request: 0.000040 seconds.
  path: Assets/Modelos 3D/Mannequin/Ch36_1001_Specular.png
  artifactKey: Guid(c1cbdbba95fff854b9f930a8768f6580) Importer(2089858483,0ecaa5967403d082aa24f35e1b516d23)
Start importing Assets/Modelos 3D/Mannequin/Ch36_1001_Specular.png using Guid(c1cbdbba95fff854b9f930a8768f6580) Importer(2089858483,0ecaa5967403d082aa24f35e1b516d23) [PhysX] Initialized MultithreadedTaskDispatcher with 12 workers.
 -> (artifact id: '79cc1c1fdb054f787f617a5182d92911') in 0.038873 seconds
Number of updated asset objects reloaded before import = 0
Number of asset objects unloaded after import = 1
========================================================================
Received Import Request.
  Time since last request: 0.000030 seconds.
  path: Assets/Prefab/StaticParticle.prefab
  artifactKey: Guid(ca792bc7e42b3464b93c10f5f61af157) Importer(2089858483,0ecaa5967403d082aa24f35e1b516d23)
Start importing Assets/Prefab/StaticParticle.prefab using Guid(ca792bc7e42b3464b93c10f5f61af157) Importer(2089858483,0ecaa5967403d082aa24f35e1b516d23) [PhysX] Initialized MultithreadedTaskDispatcher with 12 workers.
 -> (artifact id: '343540a9ade830a7788c0e74ac2e26be') in 0.131249 seconds
Number of updated asset objects reloaded before import = 0
Number of asset objects unloaded after import = 6
========================================================================
Received Import Request.
  Time since last request: 0.000029 seconds.
  path: Assets/Textures/Slash_BG 1.png
  artifactKey: Guid(9fb74ca67de5cad4d836b37ab999878d) Importer(2089858483,0ecaa5967403d082aa24f35e1b516d23)
Start importing Assets/Textures/Slash_BG 1.png using Guid(9fb74ca67de5cad4d836b37ab999878d) Importer(2089858483,0ecaa5967403d082aa24f35e1b516d23) [PhysX] Initialized MultithreadedTaskDispatcher with 12 workers.
 -> (artifact id: '5c019d7244650417495cdf6e4c00f666') in 0.026347 seconds
Number of updated asset objects reloaded before import = 0
Number of asset objects unloaded after import = 1
========================================================================
Received Import Request.
  Time since last request: 0.000028 seconds.
  path: Assets/Modelos 3D/Mannequin/Ch36_nonPBR.fbx
  artifactKey: Guid(ea6039ae40143734ca72fbade09c932f) Importer(2089858483,0ecaa5967403d082aa24f35e1b516d23)
Start importing Assets/Modelos 3D/Mannequin/Ch36_nonPBR.fbx using Guid(ea6039ae40143734ca72fbade09c932f) Importer(2089858483,0ecaa5967403d082aa24f35e1b516d23) [PhysX] Initialized MultithreadedTaskDispatcher with 12 workers.
 -> (artifact id: '3e3908e09f86f8d157cd03f8915eaad7') in 0.113461 seconds
Number of updated asset objects reloaded before import = 0
Number of asset objects unloaded after import = 144
========================================================================
Received Import Request.
  Time since last request: 0.000039 seconds.
  path: Assets/Scenes/NeutralScene.unity
  artifactKey: Guid(99c9720ab356a0642a771bea13969a05) Importer(2089858483,0ecaa5967403d082aa24f35e1b516d23)
Start importing Assets/Scenes/NeutralScene.unity using Guid(99c9720ab356a0642a771bea13969a05) Importer(2089858483,0ecaa5967403d082aa24f35e1b516d23) [PhysX] Initialized MultithreadedTaskDispatcher with 12 workers.
 -> (artifact id: 'c9beac3771084052b228472410e4e2f4') in 0.011202 seconds
Number of updated asset objects reloaded before import = 0
Number of asset objects unloaded after import = 1
========================================================================
Received Import Request.
  Time since last request: 0.000069 seconds.
  path: Assets/Shader/SwirlEffect.shadergraph
  artifactKey: Guid(1aaa02877aa2d1240aaf21bbc2d4588f) Importer(2089858483,0ecaa5967403d082aa24f35e1b516d23)
Start importing Assets/Shader/SwirlEffect.shadergraph using Guid(1aaa02877aa2d1240aaf21bbc2d4588f) Importer(2089858483,0ecaa5967403d082aa24f35e1b516d23) [PhysX] Initialized MultithreadedTaskDispatcher with 12 workers.
 -> (artifact id: '176d108760bdf82fc24fbedccad9ec64') in 0.021243 seconds
Number of updated asset objects reloaded before import = 0
Number of asset objects unloaded after import = 2
========================================================================
Received Import Request.
  Time since last request: 0.000029 seconds.
  path: Assets/Shader/EstrellaMarioKart.shadergraph
  artifactKey: Guid(e80adfc3ce12b704098efc7542e125bb) Importer(2089858483,0ecaa5967403d082aa24f35e1b516d23)
Start importing Assets/Shader/EstrellaMarioKart.shadergraph using Guid(e80adfc3ce12b704098efc7542e125bb) Importer(2089858483,0ecaa5967403d082aa24f35e1b516d23) [PhysX] Initialized MultithreadedTaskDispatcher with 12 workers.
 -> (artifact id: '033f3f6e770b669f2b056fe064ea3c6f') in 0.018799 seconds
Number of updated asset objects reloaded before import = 0
Number of asset objects unloaded after import = 2
========================================================================
Received Import Request.
  Time since last request: 0.000025 seconds.
  path: Assets/Modelos 3D/Mannequin/Ch36_1001_Diffuse.png
  artifactKey: Guid(48b30a8cdde869540bb263b4c341f7cb) Importer(2089858483,0ecaa5967403d082aa24f35e1b516d23)
Start importing Assets/Modelos 3D/Mannequin/Ch36_1001_Diffuse.png using Guid(48b30a8cdde869540bb263b4c341f7cb) Importer(2089858483,0ecaa5967403d082aa24f35e1b516d23) [PhysX] Initialized MultithreadedTaskDispatcher with 12 workers.
 -> (artifact id: '5a52bfe9cb95a5f1c0acdc77d7d891e6') in 0.037341 seconds
Number of updated asset objects reloaded before import = 0
Number of asset objects unloaded after import = 1
========================================================================
Received Import Request.
  Time since last request: 0.000025 seconds.
  path: Assets/URP/Settings/URP-Balanced-Renderer.asset
  artifactKey: Guid(e634585d5c4544dd297acaee93dc2beb) Importer(2089858483,0ecaa5967403d082aa24f35e1b516d23)
Start importing Assets/URP/Settings/URP-Balanced-Renderer.asset using Guid(e634585d5c4544dd297acaee93dc2beb) Importer(2089858483,0ecaa5967403d082aa24f35e1b516d23) [PhysX] Initialized MultithreadedTaskDispatcher with 12 workers.
 -> (artifact id: 'e4e3a2d13ba90e55bc360b53d8481bda') in 0.044232 seconds
Number of updated asset objects reloaded before import = 0
Number of asset objects unloaded after import = 2
========================================================================
Received Import Request.
  Time since last request: 0.000041 seconds.
  path: Assets/Shader/FlagShader.shadergraph
  artifactKey: Guid(e25c3c31a172d99438d0fc4906a57883) Importer(2089858483,0ecaa5967403d082aa24f35e1b516d23)
Start importing Assets/Shader/FlagShader.shadergraph using Guid(e25c3c31a172d99438d0fc4906a57883) Importer(2089858483,0ecaa5967403d082aa24f35e1b516d23) [PhysX] Initialized MultithreadedTaskDispatcher with 12 workers.
 -> (artifact id: 'e81066858fa601d6112071e51e48c386') in 0.024948 seconds
Number of updated asset objects reloaded before import = 0
Number of asset objects unloaded after import = 3
========================================================================
Received Import Request.
  Time since last request: 0.000025 seconds.
  path: Assets/Material/TestScene/Piso.mat
  artifactKey: Guid(be9192a6f1bde164cab14b5533162921) Importer(2089858483,0ecaa5967403d082aa24f35e1b516d23)
Start importing Assets/Material/TestScene/Piso.mat using Guid(be9192a6f1bde164cab14b5533162921) Importer(2089858483,0ecaa5967403d082aa24f35e1b516d23) [PhysX] Initialized MultithreadedTaskDispatcher with 12 workers.
 -> (artifact id: '652e936f10c663ff5180d9921efdf3df') in 0.024790 seconds
Number of updated asset objects reloaded before import = 0
Number of asset objects unloaded after import = 1
========================================================================
Received Import Request.
  Time since last request: 0.000053 seconds.
  path: Assets/URP/Settings/SampleSceneProfile.asset
  artifactKey: Guid(a6560a915ef98420e9faacc1c7438823) Importer(2089858483,0ecaa5967403d082aa24f35e1b516d23)
Start importing Assets/URP/Settings/SampleSceneProfile.asset using Guid(a6560a915ef98420e9faacc1c7438823) Importer(2089858483,0ecaa5967403d082aa24f35e1b516d23) [PhysX] Initialized MultithreadedTaskDispatcher with 12 workers.
 -> (artifact id: '3551cf39c99d7827f2215dd98666ca33') in 0.027181 seconds
Number of updated asset objects reloaded before import = 0
Number of asset objects unloaded after import = 4
========================================================================
Received Import Request.
  Time since last request: 0.000059 seconds.
  path: Assets/Normal Maps/NormalMapWave.png
  artifactKey: Guid(52f2433493f9dc14c94c7620c9c1e36d) Importer(2089858483,0ecaa5967403d082aa24f35e1b516d23)
Start importing Assets/Normal Maps/NormalMapWave.png using Guid(52f2433493f9dc14c94c7620c9c1e36d) Importer(2089858483,0ecaa5967403d082aa24f35e1b516d23) [PhysX] Initialized MultithreadedTaskDispatcher with 12 workers.
 -> (artifact id: 'c0a214e991bd6685ce22d683d5698c72') in 0.029639 seconds
Number of updated asset objects reloaded before import = 0
Number of asset objects unloaded after import = 1
========================================================================
Received Import Request.
  Time since last request: 0.000052 seconds.
  path: Assets/Prefab/FloorDust.prefab
  artifactKey: Guid(459d7f780d4f0804e8c8c1704010f322) Importer(2089858483,0ecaa5967403d082aa24f35e1b516d23)
Start importing Assets/Prefab/FloorDust.prefab using Guid(459d7f780d4f0804e8c8c1704010f322) Importer(2089858483,0ecaa5967403d082aa24f35e1b516d23) [PhysX] Initialized MultithreadedTaskDispatcher with 12 workers.
 -> (artifact id: '3dbcf63cc6d0a932dc6d0a0b85679732') in 0.063208 seconds
Number of updated asset objects reloaded before import = 0
Number of asset objects unloaded after import = 6
========================================================================
Received Import Request.
  Time since last request: 0.000063 seconds.
  path: Assets/URP/UniversalRenderPipelineGlobalSettings.asset
  artifactKey: Guid(18dc0cd2c080841dea60987a38ce93fa) Importer(2089858483,0ecaa5967403d082aa24f35e1b516d23)
Start importing Assets/URP/UniversalRenderPipelineGlobalSettings.asset using Guid(18dc0cd2c080841dea60987a38ce93fa) Importer(2089858483,0ecaa5967403d082aa24f35e1b516d23) [PhysX] Initialized MultithreadedTaskDispatcher with 12 workers.
 -> (artifact id: '2c30ae5a93c644c12cee1af261a1754d') in 0.023423 seconds
Number of updated asset objects reloaded before import = 0
Number of asset objects unloaded after import = 1
========================================================================
Received Import Request.
  Time since last request: 0.000037 seconds.
  path: Assets/Textures/Slash_FG 1.png
  artifactKey: Guid(9a92b9632fd74794685a906bc1e67ce0) Importer(2089858483,0ecaa5967403d082aa24f35e1b516d23)
Start importing Assets/Textures/Slash_FG 1.png using Guid(9a92b9632fd74794685a906bc1e67ce0) Importer(2089858483,0ecaa5967403d082aa24f35e1b516d23) [PhysX] Initialized MultithreadedTaskDispatcher with 12 workers.
 -> (artifact id: '880adeb92a67a6b4f5cec3484185e2f4') in 0.027395 seconds
Number of updated asset objects reloaded before import = 0
Number of asset objects unloaded after import = 1
========================================================================
Received Import Request.
  Time since last request: 0.000039 seconds.
  path: Assets/Shader/Refraction.shadergraph
  artifactKey: Guid(7c701b477f06be84297d71e9e3c17cb4) Importer(2089858483,0ecaa5967403d082aa24f35e1b516d23)
Start importing Assets/Shader/Refraction.shadergraph using Guid(7c701b477f06be84297d71e9e3c17cb4) Importer(2089858483,0ecaa5967403d082aa24f35e1b516d23) [PhysX] Initialized MultithreadedTaskDispatcher with 12 workers.
 -> (artifact id: '793e31789c1fefa210f274c3c622c5ca') in 0.018736 seconds
Number of updated asset objects reloaded before import = 0
Number of asset objects unloaded after import = 2
========================================================================
Received Import Request.
  Time since last request: 0.000071 seconds.
  path: Assets/Shader/MarioKartPickup.shadergraph
  artifactKey: Guid(39d22ba29c711ef45a6a271e7298d4f6) Importer(2089858483,0ecaa5967403d082aa24f35e1b516d23)
Start importing Assets/Shader/MarioKartPickup.shadergraph using Guid(39d22ba29c711ef45a6a271e7298d4f6) Importer(2089858483,0ecaa5967403d082aa24f35e1b516d23) [PhysX] Initialized MultithreadedTaskDispatcher with 12 workers.
 -> (artifact id: '36786d362ed438d348f3d844cb6fe180') in 0.021305 seconds
Number of updated asset objects reloaded before import = 0
Number of asset objects unloaded after import = 5
========================================================================
Received Import Request.
  Time since last request: 0.000027 seconds.
  path: Assets/Textures/Slash_Main 1.png
  artifactKey: Guid(4f94fd316b2c86c4e99555d7d86ea64f) Importer(2089858483,0ecaa5967403d082aa24f35e1b516d23)
Start importing Assets/Textures/Slash_Main 1.png using Guid(4f94fd316b2c86c4e99555d7d86ea64f) Importer(2089858483,0ecaa5967403d082aa24f35e1b516d23) [PhysX] Initialized MultithreadedTaskDispatcher with 12 workers.
 -> (artifact id: 'cf70e4219bb3863382493f5f2073e3a9') in 0.027946 seconds
Number of updated asset objects reloaded before import = 0
Number of asset objects unloaded after import = 1
========================================================================
Received Import Request.
  Time since last request: 0.439516 seconds.
  path: Assets/URP/Settings/SampleSceneProfile.asset
  artifactKey: Guid(a6560a915ef98420e9faacc1c7438823) Importer(815301076,1909f56bfc062723c751e8b465ee728b)
Start importing Assets/URP/Settings/SampleSceneProfile.asset using Guid(a6560a915ef98420e9faacc1c7438823) Importer(815301076,1909f56bfc062723c751e8b465ee728b) [PhysX] Initialized MultithreadedTaskDispatcher with 12 workers.
 -> (artifact id: '2b471ed0c9a8365d8ba8dd6036731fd0') in 0.009754 seconds
Number of updated asset objects reloaded before import = 0
Number of asset objects unloaded after import = 4
========================================================================
Received Import Request.
  Time since last request: 39.321714 seconds.
  path: Assets/URP/Settings/URP-HighFidelity.asset
  artifactKey: Guid(7b7fd9122c28c4d15b667c7040e3b3fd) Importer(815301076,1909f56bfc062723c751e8b465ee728b)
Start importing Assets/URP/Settings/URP-HighFidelity.asset using Guid(7b7fd9122c28c4d15b667c7040e3b3fd) Importer(815301076,1909f56bfc062723c751e8b465ee728b) [PhysX] Initialized MultithreadedTaskDispatcher with 12 workers.
 -> (artifact id: 'd20b79e71fddd1033cd16116deec23f5') in 0.001163 seconds
Number of updated asset objects reloaded before import = 1
Number of asset objects unloaded after import = 0
========================================================================
Received Import Request.
  Time since last request: 0.954925 seconds.
  path: Assets/URP/Settings/URP-HighFidelity.asset
  artifactKey: Guid(7b7fd9122c28c4d15b667c7040e3b3fd) Importer(2089858483,0ecaa5967403d082aa24f35e1b516d23)
Start importing Assets/URP/Settings/URP-HighFidelity.asset using Guid(7b7fd9122c28c4d15b667c7040e3b3fd) Importer(2089858483,0ecaa5967403d082aa24f35e1b516d23) [PhysX] Initialized MultithreadedTaskDispatcher with 12 workers.
 -> (artifact id: '99c7a3a39a1f88a8b72fc51b708c1c4d') in 0.018951 seconds
Number of updated asset objects reloaded before import = 0
Number of asset objects unloaded after import = 1
========================================================================
Received Import Request.
  Time since last request: 36.893696 seconds.
  path: Assets/Shader/Refraction.shadergraph
  artifactKey: Guid(7c701b477f06be84297d71e9e3c17cb4) Importer(2089858483,0ecaa5967403d082aa24f35e1b516d23)
Start importing Assets/Shader/Refraction.shadergraph using Guid(7c701b477f06be84297d71e9e3c17cb4) Importer(2089858483,0ecaa5967403d082aa24f35e1b516d23) [PhysX] Initialized MultithreadedTaskDispatcher with 12 workers.
 -> (artifact id: 'a5667955c5b9ee68cae2fd4f81d3ddf5') in 0.013867 seconds
Number of updated asset objects reloaded before import = 1
Number of asset objects unloaded after import = 2
========================================================================
Received Import Request.
  Time since last request: 31.539666 seconds.
  path: Assets/Shader/Refraction.shadergraph
  artifactKey: Guid(7c701b477f06be84297d71e9e3c17cb4) Importer(2089858483,0ecaa5967403d082aa24f35e1b516d23)
Start importing Assets/Shader/Refraction.shadergraph using Guid(7c701b477f06be84297d71e9e3c17cb4) Importer(2089858483,0ecaa5967403d082aa24f35e1b516d23) [PhysX] Initialized MultithreadedTaskDispatcher with 12 workers.
 -> (artifact id: 'e3d3c84034d19173f90994f5202778d8') in 0.019264 seconds
Number of updated asset objects reloaded before import = 1
Number of asset objects unloaded after import = 3
========================================================================
Received Import Request.
  Time since last request: 15.175148 seconds.
  path: Assets/Material/Refraction.mat
  artifactKey: Guid(efbec8e84813f1e40b285e9c77dbc85f) Importer(2089858483,0ecaa5967403d082aa24f35e1b516d23)
Start importing Assets/Material/Refraction.mat using Guid(efbec8e84813f1e40b285e9c77dbc85f) Importer(2089858483,0ecaa5967403d082aa24f35e1b516d23) [PhysX] Initialized MultithreadedTaskDispatcher with 12 workers.
 -> (artifact id: '0ddc03fe156dfe75e193486d867bafb9') in 0.020887 seconds
Number of updated asset objects reloaded before import = 0
Number of asset objects unloaded after import = 2
========================================================================
Received Import Request.
  Time since last request: 13.500013 seconds.
  path: Assets/Shader/Refraction.shadergraph
  artifactKey: Guid(7c701b477f06be84297d71e9e3c17cb4) Importer(2089858483,0ecaa5967403d082aa24f35e1b516d23)
Start importing Assets/Shader/Refraction.shadergraph using Guid(7c701b477f06be84297d71e9e3c17cb4) Importer(2089858483,0ecaa5967403d082aa24f35e1b516d23) [PhysX] Initialized MultithreadedTaskDispatcher with 12 workers.
 -> (artifact id: 'c2c7716c5c3fdcffee5f0966fd03c0ab') in 0.032774 seconds
Number of updated asset objects reloaded before import = 1
Number of asset objects unloaded after import = 3
========================================================================
Received Import Request.
  Time since last request: 89.175158 seconds.
  path: Assets/Shader/Refraction.shadergraph
  artifactKey: Guid(7c701b477f06be84297d71e9e3c17cb4) Importer(2089858483,0ecaa5967403d082aa24f35e1b516d23)
Start importing Assets/Shader/Refraction.shadergraph using Guid(7c701b477f06be84297d71e9e3c17cb4) Importer(2089858483,0ecaa5967403d082aa24f35e1b516d23) [PhysX] Initialized MultithreadedTaskDispatcher with 12 workers.
 -> (artifact id: 'f626cb3884eed58bb9200d6f78c58770') in 0.026805 seconds
Number of updated asset objects reloaded before import = 1
Number of asset objects unloaded after import = 3
========================================================================
Received Import Request.
  Time since last request: 2.417322 seconds.
  path: Assets/Shader/Refraction.shadergraph
  artifactKey: Guid(7c701b477f06be84297d71e9e3c17cb4) Importer(2089858483,0ecaa5967403d082aa24f35e1b516d23)
Start importing Assets/Shader/Refraction.shadergraph using Guid(7c701b477f06be84297d71e9e3c17cb4) Importer(2089858483,0ecaa5967403d082aa24f35e1b516d23) [PhysX] Initialized MultithreadedTaskDispatcher with 12 workers.
 -> (artifact id: '1e61728b5704bd97aad11d758bbc483b') in 0.013472 seconds
Number of updated asset objects reloaded before import = 1
Number of asset objects unloaded after import = 3
========================================================================
Received Import Request.
  Time since last request: 13.685856 seconds.
  path: Assets/Material/Refraction.mat
  artifactKey: Guid(efbec8e84813f1e40b285e9c77dbc85f) Importer(2089858483,0ecaa5967403d082aa24f35e1b516d23)
Start importing Assets/Material/Refraction.mat using Guid(efbec8e84813f1e40b285e9c77dbc85f) Importer(2089858483,0ecaa5967403d082aa24f35e1b516d23) [PhysX] Initialized MultithreadedTaskDispatcher with 12 workers.
 -> (artifact id: '83e446414ed84792768891cb216af998') in 0.012069 seconds
Number of updated asset objects reloaded before import = 0
Number of asset objects unloaded after import = 2
========================================================================
Received Import Request.
  Time since last request: 17.999083 seconds.
  path: Assets/Shader/Refraction.shadergraph
  artifactKey: Guid(7c701b477f06be84297d71e9e3c17cb4) Importer(2089858483,0ecaa5967403d082aa24f35e1b516d23)
Start importing Assets/Shader/Refraction.shadergraph using Guid(7c701b477f06be84297d71e9e3c17cb4) Importer(2089858483,0ecaa5967403d082aa24f35e1b516d23) [PhysX] Initialized MultithreadedTaskDispatcher with 12 workers.
 -> (artifact id: '4f7bfb49888c2315131c7f9e2893ffab') in 0.018119 seconds
Number of updated asset objects reloaded before import = 1
Number of asset objects unloaded after import = 3
========================================================================
Received Import Request.
  Time since last request: 58.240866 seconds.
  path: Assets/Shader/Refraction.shadergraph
  artifactKey: Guid(7c701b477f06be84297d71e9e3c17cb4) Importer(2089858483,0ecaa5967403d082aa24f35e1b516d23)
Start importing Assets/Shader/Refraction.shadergraph using Guid(7c701b477f06be84297d71e9e3c17cb4) Importer(2089858483,0ecaa5967403d082aa24f35e1b516d23) [PhysX] Initialized MultithreadedTaskDispatcher with 12 workers.
 -> (artifact id: 'd430a1b240d500c6b85e851367950d6a') in 0.018613 seconds
Number of updated asset objects reloaded before import = 1
Number of asset objects unloaded after import = 3
========================================================================
Received Import Request.
  Time since last request: 27.051817 seconds.
  path: Assets/Textures
  artifactKey: Guid(7c9988f0071cfbc41b7716c651104ba6) Importer(815301076,1909f56bfc062723c751e8b465ee728b)
Start importing Assets/Textures using Guid(7c9988f0071cfbc41b7716c651104ba6) Importer(815301076,1909f56bfc062723c751e8b465ee728b) [PhysX] Initialized MultithreadedTaskDispatcher with 12 workers.
 -> (artifact id: 'f1bfd513dddc75392c7258298b640680') in 0.001668 seconds
Number of updated asset objects reloaded before import = 0
Number of asset objects unloaded after import = 0
========================================================================
Received Import Request.
  Time since last request: 2.685467 seconds.
  path: Assets/Shader/RecolorMask.shadergraph
  artifactKey: Guid(110bee3c85e8a1b4494f6e1267ff38e3) Importer(815301076,1909f56bfc062723c751e8b465ee728b)
Start importing Assets/Shader/RecolorMask.shadergraph using Guid(110bee3c85e8a1b4494f6e1267ff38e3) Importer(815301076,1909f56bfc062723c751e8b465ee728b) [PhysX] Initialized MultithreadedTaskDispatcher with 12 workers.
[PhysX] Initialized MultithreadedTaskDispatcher with 12 workers.
 -> (artifact id: '0b745ebc61703b07aba68f7982f93baa') in 1.651448 seconds
Number of updated asset objects reloaded before import = 0
Number of asset objects unloaded after import = 22
========================================================================
Received Import Request.
  Time since last request: 49.607121 seconds.
  path: Assets/Shader/Refraction.shadergraph
  artifactKey: Guid(7c701b477f06be84297d71e9e3c17cb4) Importer(2089858483,0ecaa5967403d082aa24f35e1b516d23)
Start importing Assets/Shader/Refraction.shadergraph using Guid(7c701b477f06be84297d71e9e3c17cb4) Importer(2089858483,0ecaa5967403d082aa24f35e1b516d23) [PhysX] Initialized MultithreadedTaskDispatcher with 12 workers.
 -> (artifact id: '54732ea081fc78a4cd6457fe0be836a0') in 0.183939 seconds
Number of updated asset objects reloaded before import = 1
Number of asset objects unloaded after import = 3
========================================================================
Received Import Request.
  Time since last request: 52.330177 seconds.
  path: Assets/Shader/FlagShader.shadergraph
  artifactKey: Guid(e25c3c31a172d99438d0fc4906a57883) Importer(815301076,1909f56bfc062723c751e8b465ee728b)
Start importing Assets/Shader/FlagShader.shadergraph using Guid(e25c3c31a172d99438d0fc4906a57883) Importer(815301076,1909f56bfc062723c751e8b465ee728b) [PhysX] Initialized MultithreadedTaskDispatcher with 12 workers.
[PhysX] Initialized MultithreadedTaskDispatcher with 12 workers.
 -> (artifact id: '08b2322956b5ec5a6b9f161ce11242b6') in 0.331084 seconds
Number of updated asset objects reloaded before import = 0
Number of asset objects unloaded after import = 3
========================================================================
Received Import Request.
  Time since last request: 138.100630 seconds.
  path: Assets/Shader/Refraction.shadergraph
  artifactKey: Guid(7c701b477f06be84297d71e9e3c17cb4) Importer(2089858483,0ecaa5967403d082aa24f35e1b516d23)
Start importing Assets/Shader/Refraction.shadergraph using Guid(7c701b477f06be84297d71e9e3c17cb4) Importer(2089858483,0ecaa5967403d082aa24f35e1b516d23) [PhysX] Initialized MultithreadedTaskDispatcher with 12 workers.
 -> (artifact id: 'f1fa944807ba7a33da24b9f75a705f32') in 0.173634 seconds
Number of updated asset objects reloaded before import = 1
Number of asset objects unloaded after import = 3
========================================================================
Received Import Request.
  Time since last request: 31.338562 seconds.
  path: Assets/Shader/Refraction.shadergraph
  artifactKey: Guid(7c701b477f06be84297d71e9e3c17cb4) Importer(2089858483,0ecaa5967403d082aa24f35e1b516d23)
Start importing Assets/Shader/Refraction.shadergraph using Guid(7c701b477f06be84297d71e9e3c17cb4) Importer(2089858483,0ecaa5967403d082aa24f35e1b516d23) [PhysX] Initialized MultithreadedTaskDispatcher with 12 workers.
 -> (artifact id: 'eb607152ef5b1dc17a46e1c96f561ef3') in 0.189012 seconds
Number of updated asset objects reloaded before import = 1
Number of asset objects unloaded after import = 3
========================================================================
Received Import Request.
  Time since last request: 15.517573 seconds.
  path: Assets/Shader/Refraction.shadergraph
  artifactKey: Guid(7c701b477f06be84297d71e9e3c17cb4) Importer(2089858483,0ecaa5967403d082aa24f35e1b516d23)
Start importing Assets/Shader/Refraction.shadergraph using Guid(7c701b477f06be84297d71e9e3c17cb4) Importer(2089858483,0ecaa5967403d082aa24f35e1b516d23) [PhysX] Initialized MultithreadedTaskDispatcher with 12 workers.
 -> (artifact id: '9514636b8dc1861996311fd8b4a98050') in 0.157175 seconds
Number of updated asset objects reloaded before import = 1
Number of asset objects unloaded after import = 3
========================================================================
Received Import Request.
  Time since last request: 53.711655 seconds.
  path: Assets/Material/Refraction.mat
  artifactKey: Guid(efbec8e84813f1e40b285e9c77dbc85f) Importer(2089858483,0ecaa5967403d082aa24f35e1b516d23)
Start importing Assets/Material/Refraction.mat using Guid(efbec8e84813f1e40b285e9c77dbc85f) Importer(2089858483,0ecaa5967403d082aa24f35e1b516d23) [PhysX] Initialized MultithreadedTaskDispatcher with 12 workers.
 -> (artifact id: 'b8a61f77e132ce3792a48166549e3ae3') in 0.035440 seconds
Number of updated asset objects reloaded before import = 0
Number of asset objects unloaded after import = 2
========================================================================
Received Import Request.
  Time since last request: 125.396269 seconds.
  path: Assets/Shader/Refraction.shadergraph
  artifactKey: Guid(7c701b477f06be84297d71e9e3c17cb4) Importer(2089858483,0ecaa5967403d082aa24f35e1b516d23)
Start importing Assets/Shader/Refraction.shadergraph using Guid(7c701b477f06be84297d71e9e3c17cb4) Importer(2089858483,0ecaa5967403d082aa24f35e1b516d23) [PhysX] Initialized MultithreadedTaskDispatcher with 12 workers.
 -> (artifact id: '1ce4305d431db58274d7323e6e635c0c') in 0.023556 seconds
Number of updated asset objects reloaded before import = 1
Number of asset objects unloaded after import = 3
========================================================================
Received Import Request.
  Time since last request: 31.073517 seconds.
  path: Assets/Shader/Refraction.shadergraph
  artifactKey: Guid(7c701b477f06be84297d71e9e3c17cb4) Importer(2089858483,0ecaa5967403d082aa24f35e1b516d23)
Start importing Assets/Shader/Refraction.shadergraph using Guid(7c701b477f06be84297d71e9e3c17cb4) Importer(2089858483,0ecaa5967403d082aa24f35e1b516d23) [PhysX] Initialized MultithreadedTaskDispatcher with 12 workers.
 -> (artifact id: 'fc179d86914f9637a10b31d395c49db1') in 0.208723 seconds
Number of updated asset objects reloaded before import = 1
Number of asset objects unloaded after import = 3
========================================================================
Received Import Request.
  Time since last request: 94.357884 seconds.
  path: Assets/Shader/Refraction.shadergraph
  artifactKey: Guid(7c701b477f06be84297d71e9e3c17cb4) Importer(2089858483,0ecaa5967403d082aa24f35e1b516d23)
Start importing Assets/Shader/Refraction.shadergraph using Guid(7c701b477f06be84297d71e9e3c17cb4) Importer(2089858483,0ecaa5967403d082aa24f35e1b516d23) [PhysX] Initialized MultithreadedTaskDispatcher with 12 workers.
 -> (artifact id: '3db2b88a825e8c89665716f01ce95c4a') in 0.166642 seconds
Number of updated asset objects reloaded before import = 1
Number of asset objects unloaded after import = 3
========================================================================
Received Import Request.
  Time since last request: 25.471110 seconds.
  path: Assets/Shader/Refraction.shadergraph
  artifactKey: Guid(7c701b477f06be84297d71e9e3c17cb4) Importer(2089858483,0ecaa5967403d082aa24f35e1b516d23)
Start importing Assets/Shader/Refraction.shadergraph using Guid(7c701b477f06be84297d71e9e3c17cb4) Importer(2089858483,0ecaa5967403d082aa24f35e1b516d23) [PhysX] Initialized MultithreadedTaskDispatcher with 12 workers.
 -> (artifact id: 'c5f3b8c7227fa9cf22f12425dfcfe839') in 0.194965 seconds
Number of updated asset objects reloaded before import = 1
Number of asset objects unloaded after import = 3
========================================================================
Received Import Request.
  Time since last request: 21.474751 seconds.
  path: Assets/Shader/Refraction.shadergraph
  artifactKey: Guid(7c701b477f06be84297d71e9e3c17cb4) Importer(2089858483,0ecaa5967403d082aa24f35e1b516d23)
Start importing Assets/Shader/Refraction.shadergraph using Guid(7c701b477f06be84297d71e9e3c17cb4) Importer(2089858483,0ecaa5967403d082aa24f35e1b516d23) [PhysX] Initialized MultithreadedTaskDispatcher with 12 workers.
 -> (artifact id: 'd09f43923c88e04d861de41e9fa1b385') in 0.209509 seconds
Number of updated asset objects reloaded before import = 1
Number of asset objects unloaded after import = 3
========================================================================
Received Import Request.
  Time since last request: 44.020429 seconds.
  path: Assets/Material/Refraction.mat
  artifactKey: Guid(efbec8e84813f1e40b285e9c77dbc85f) Importer(2089858483,0ecaa5967403d082aa24f35e1b516d23)
Start importing Assets/Material/Refraction.mat using Guid(efbec8e84813f1e40b285e9c77dbc85f) Importer(2089858483,0ecaa5967403d082aa24f35e1b516d23) [PhysX] Initialized MultithreadedTaskDispatcher with 12 workers.
 -> (artifact id: '3d40fdd6aaa1514df8f3b8d2fe271662') in 0.022027 seconds
Number of updated asset objects reloaded before import = 1
Number of asset objects unloaded after import = 2
========================================================================
Received Import Request.
  Time since last request: 15.284597 seconds.
  path: Assets/Material/Refraction.mat
  artifactKey: Guid(efbec8e84813f1e40b285e9c77dbc85f) Importer(2089858483,0ecaa5967403d082aa24f35e1b516d23)
Start importing Assets/Material/Refraction.mat using Guid(efbec8e84813f1e40b285e9c77dbc85f) Importer(2089858483,0ecaa5967403d082aa24f35e1b516d23) [PhysX] Initialized MultithreadedTaskDispatcher with 12 workers.
 -> (artifact id: 'f91f9078c310af0132613480f50fbb13') in 0.015262 seconds
Number of updated asset objects reloaded before import = 0
Number of asset objects unloaded after import = 2
========================================================================
Received Import Request.
  Time since last request: 10.126376 seconds.
  path: Assets/Shader/Refraction.shadergraph
  artifactKey: Guid(7c701b477f06be84297d71e9e3c17cb4) Importer(2089858483,0ecaa5967403d082aa24f35e1b516d23)
Start importing Assets/Shader/Refraction.shadergraph using Guid(7c701b477f06be84297d71e9e3c17cb4) Importer(2089858483,0ecaa5967403d082aa24f35e1b516d23) [PhysX] Initialized MultithreadedTaskDispatcher with 12 workers.
 -> (artifact id: '5caf377aca99e6611604c2fdd7fbdee8') in 0.212249 seconds
Number of updated asset objects reloaded before import = 1
Number of asset objects unloaded after import = 3
========================================================================
Received Import Request.
  Time since last request: 23.573461 seconds.
  path: Assets/Shader/Refraction.shadergraph
  artifactKey: Guid(7c701b477f06be84297d71e9e3c17cb4) Importer(2089858483,0ecaa5967403d082aa24f35e1b516d23)
Start importing Assets/Shader/Refraction.shadergraph using Guid(7c701b477f06be84297d71e9e3c17cb4) Importer(2089858483,0ecaa5967403d082aa24f35e1b516d23) [PhysX] Initialized MultithreadedTaskDispatcher with 12 workers.
 -> (artifact id: 'c9538d3eae8e08fca0f6b679de73f1e1') in 0.190495 seconds
Number of updated asset objects reloaded before import = 1
Number of asset objects unloaded after import = 3
========================================================================
Received Import Request.
  Time since last request: 17.706924 seconds.
  path: Assets/Shader/Refraction.shadergraph
  artifactKey: Guid(7c701b477f06be84297d71e9e3c17cb4) Importer(2089858483,0ecaa5967403d082aa24f35e1b516d23)
Start importing Assets/Shader/Refraction.shadergraph using Guid(7c701b477f06be84297d71e9e3c17cb4) Importer(2089858483,0ecaa5967403d082aa24f35e1b516d23) [PhysX] Initialized MultithreadedTaskDispatcher with 12 workers.
 -> (artifact id: '74a4202ea15ed25d786a67e64c006696') in 0.161034 seconds
Number of updated asset objects reloaded before import = 1
Number of asset objects unloaded after import = 3
========================================================================
Received Import Request.
  Time since last request: 145.608359 seconds.
  path: Assets/Shader/Refraction.shadergraph
  artifactKey: Guid(7c701b477f06be84297d71e9e3c17cb4) Importer(2089858483,0ecaa5967403d082aa24f35e1b516d23)
Start importing Assets/Shader/Refraction.shadergraph using Guid(7c701b477f06be84297d71e9e3c17cb4) Importer(2089858483,0ecaa5967403d082aa24f35e1b516d23) [PhysX] Initialized MultithreadedTaskDispatcher with 12 workers.
 -> (artifact id: '02a1fbd7af99dafbd730ff9e8d77ea71') in 0.180892 seconds
Number of updated asset objects reloaded before import = 1
Number of asset objects unloaded after import = 3
========================================================================
Received Import Request.
  Time since last request: 27.228578 seconds.
  path: Assets/Shader/Refraction.shadergraph
  artifactKey: Guid(7c701b477f06be84297d71e9e3c17cb4) Importer(2089858483,0ecaa5967403d082aa24f35e1b516d23)
Start importing Assets/Shader/Refraction.shadergraph using Guid(7c701b477f06be84297d71e9e3c17cb4) Importer(2089858483,0ecaa5967403d082aa24f35e1b516d23) [PhysX] Initialized MultithreadedTaskDispatcher with 12 workers.
 -> (artifact id: 'a4176342717f04476a7bc6e8f98afcda') in 0.206857 seconds
Number of updated asset objects reloaded before import = 1
Number of asset objects unloaded after import = 3
========================================================================
Received Import Request.
  Time since last request: 96.518685 seconds.
  path: Assets/Shader/Refraction.shadergraph
  artifactKey: Guid(7c701b477f06be84297d71e9e3c17cb4) Importer(2089858483,0ecaa5967403d082aa24f35e1b516d23)
Start importing Assets/Shader/Refraction.shadergraph using Guid(7c701b477f06be84297d71e9e3c17cb4) Importer(2089858483,0ecaa5967403d082aa24f35e1b516d23) [PhysX] Initialized MultithreadedTaskDispatcher with 12 workers.
 -> (artifact id: '9d62b24c2d89e4ea1a3515f9be680225') in 0.265048 seconds
Number of updated asset objects reloaded before import = 1
Number of asset objects unloaded after import = 3
========================================================================
Received Import Request.
  Time since last request: 57.844997 seconds.
  path: Assets/Shader/Refraction.shadergraph
  artifactKey: Guid(7c701b477f06be84297d71e9e3c17cb4) Importer(2089858483,0ecaa5967403d082aa24f35e1b516d23)
Start importing Assets/Shader/Refraction.shadergraph using Guid(7c701b477f06be84297d71e9e3c17cb4) Importer(2089858483,0ecaa5967403d082aa24f35e1b516d23) [PhysX] Initialized MultithreadedTaskDispatcher with 12 workers.
 -> (artifact id: '023e1eb64c852db33e53529db1c1da6d') in 0.171978 seconds
Number of updated asset objects reloaded before import = 1
Number of asset objects unloaded after import = 3
========================================================================
Received Import Request.
  Time since last request: 67.977074 seconds.
  path: Assets/Shader/Refraction.shadergraph
  artifactKey: Guid(7c701b477f06be84297d71e9e3c17cb4) Importer(2089858483,0ecaa5967403d082aa24f35e1b516d23)
Start importing Assets/Shader/Refraction.shadergraph using Guid(7c701b477f06be84297d71e9e3c17cb4) Importer(2089858483,0ecaa5967403d082aa24f35e1b516d23) [PhysX] Initialized MultithreadedTaskDispatcher with 12 workers.
 -> (artifact id: 'c3e873a5eb33005b77f048c28a97b33d') in 0.207204 seconds
Number of updated asset objects reloaded before import = 1
Number of asset objects unloaded after import = 3
========================================================================
Received Import Request.
  Time since last request: 60.755811 seconds.
  path: Assets/Material/Refraction.mat
  artifactKey: Guid(efbec8e84813f1e40b285e9c77dbc85f) Importer(2089858483,0ecaa5967403d082aa24f35e1b516d23)
Start importing Assets/Material/Refraction.mat using Guid(efbec8e84813f1e40b285e9c77dbc85f) Importer(2089858483,0ecaa5967403d082aa24f35e1b516d23) [PhysX] Initialized MultithreadedTaskDispatcher with 12 workers.
 -> (artifact id: '9f8008beade40e45f5bce570e5de3dcc') in 0.030107 seconds
Number of updated asset objects reloaded before import = 1
Number of asset objects unloaded after import = 2
========================================================================
Received Import Request.
  Time since last request: 22.316120 seconds.
  path: Assets/Shader/Refraction.shadergraph
  artifactKey: Guid(7c701b477f06be84297d71e9e3c17cb4) Importer(2089858483,0ecaa5967403d082aa24f35e1b516d23)
Start importing Assets/Shader/Refraction.shadergraph using Guid(7c701b477f06be84297d71e9e3c17cb4) Importer(2089858483,0ecaa5967403d082aa24f35e1b516d23) [PhysX] Initialized MultithreadedTaskDispatcher with 12 workers.
 -> (artifact id: '7e3a78a8d6ac729a48e59222f42b4f07') in 0.198495 seconds
Number of updated asset objects reloaded before import = 1
Number of asset objects unloaded after import = 3
========================================================================
Received Import Request.
  Time since last request: 47.544906 seconds.
  path: Assets/Shader/Refraction.shadergraph
  artifactKey: Guid(7c701b477f06be84297d71e9e3c17cb4) Importer(2089858483,0ecaa5967403d082aa24f35e1b516d23)
Start importing Assets/Shader/Refraction.shadergraph using Guid(7c701b477f06be84297d71e9e3c17cb4) Importer(2089858483,0ecaa5967403d082aa24f35e1b516d23) [PhysX] Initialized MultithreadedTaskDispatcher with 12 workers.
 -> (artifact id: '33e0f9bb7a5ceb02a5a77800f48decb9') in 0.199306 seconds
Number of updated asset objects reloaded before import = 1
Number of asset objects unloaded after import = 3
========================================================================
Received Import Request.
  Time since last request: 48.606713 seconds.
  path: Assets/Shader/Refraction.shadergraph
  artifactKey: Guid(7c701b477f06be84297d71e9e3c17cb4) Importer(2089858483,0ecaa5967403d082aa24f35e1b516d23)
Start importing Assets/Shader/Refraction.shadergraph using Guid(7c701b477f06be84297d71e9e3c17cb4) Importer(2089858483,0ecaa5967403d082aa24f35e1b516d23) [PhysX] Initialized MultithreadedTaskDispatcher with 12 workers.
 -> (artifact id: '64cac18a72decc07a284917c0e53fbbc') in 0.017600 seconds
Number of updated asset objects reloaded before import = 1
Number of asset objects unloaded after import = 3
========================================================================
Received Import Request.
  Time since last request: 130.229178 seconds.
  path: Assets/Shader/Refraction.shadergraph
  artifactKey: Guid(7c701b477f06be84297d71e9e3c17cb4) Importer(2089858483,0ecaa5967403d082aa24f35e1b516d23)
Start importing Assets/Shader/Refraction.shadergraph using Guid(7c701b477f06be84297d71e9e3c17cb4) Importer(2089858483,0ecaa5967403d082aa24f35e1b516d23) [PhysX] Initialized MultithreadedTaskDispatcher with 12 workers.
 -> (artifact id: 'e3dbbbf11b34393acbbf216d91bc7387') in 0.185993 seconds
Number of updated asset objects reloaded before import = 1
Number of asset objects unloaded after import = 3
========================================================================
Received Import Request.
  Time since last request: 23.447553 seconds.
  path: Assets/Shader/Refraction.shadergraph
  artifactKey: Guid(7c701b477f06be84297d71e9e3c17cb4) Importer(2089858483,0ecaa5967403d082aa24f35e1b516d23)
Start importing Assets/Shader/Refraction.shadergraph using Guid(7c701b477f06be84297d71e9e3c17cb4) Importer(2089858483,0ecaa5967403d082aa24f35e1b516d23) [PhysX] Initialized MultithreadedTaskDispatcher with 12 workers.
 -> (artifact id: '344ac6db6dbaa966f424727ea6b96db9') in 0.190408 seconds
Number of updated asset objects reloaded before import = 1
Number of asset objects unloaded after import = 3
========================================================================
Received Import Request.
  Time since last request: 63.624056 seconds.
  path: Assets/Shader/Refraction.shadergraph
  artifactKey: Guid(7c701b477f06be84297d71e9e3c17cb4) Importer(2089858483,0ecaa5967403d082aa24f35e1b516d23)
Start importing Assets/Shader/Refraction.shadergraph using Guid(7c701b477f06be84297d71e9e3c17cb4) Importer(2089858483,0ecaa5967403d082aa24f35e1b516d23) [PhysX] Initialized MultithreadedTaskDispatcher with 12 workers.
 -> (artifact id: '372f58147def0fce894395537a315663') in 0.163492 seconds
Number of updated asset objects reloaded before import = 1
Number of asset objects unloaded after import = 3
========================================================================
Received Import Request.
  Time since last request: 19.908249 seconds.
  path: Assets/Shader/Refraction.shadergraph
  artifactKey: Guid(7c701b477f06be84297d71e9e3c17cb4) Importer(2089858483,0ecaa5967403d082aa24f35e1b516d23)
Start importing Assets/Shader/Refraction.shadergraph using Guid(7c701b477f06be84297d71e9e3c17cb4) Importer(2089858483,0ecaa5967403d082aa24f35e1b516d23) [PhysX] Initialized MultithreadedTaskDispatcher with 12 workers.
 -> (artifact id: '8b9fdaaa87785219ace6a22f6d94cece') in 0.159702 seconds
Number of updated asset objects reloaded before import = 1
Number of asset objects unloaded after import = 3
========================================================================
Received Import Request.
  Time since last request: 22.226409 seconds.
  path: Assets/Material/TestScene
  artifactKey: Guid(46cc8ab4e81d35144b36995a46e64f7b) Importer(815301076,1909f56bfc062723c751e8b465ee728b)
Start importing Assets/Material/TestScene using Guid(46cc8ab4e81d35144b36995a46e64f7b) Importer(815301076,1909f56bfc062723c751e8b465ee728b) [PhysX] Initialized MultithreadedTaskDispatcher with 12 workers.
 -> (artifact id: 'c22c1be39696519e53b9791101f56bf3') in 0.001692 seconds
Number of updated asset objects reloaded before import = 0
Number of asset objects unloaded after import = 0
========================================================================
Received Import Request.
  Time since last request: 0.049299 seconds.
  path: Assets/Material/TestScene/ParticleAnimatedMat.mat
  artifactKey: Guid(779d249f99891f14eb68486d19bec283) Importer(815301076,1909f56bfc062723c751e8b465ee728b)
Start importing Assets/Material/TestScene/ParticleAnimatedMat.mat using Guid(779d249f99891f14eb68486d19bec283) Importer(815301076,1909f56bfc062723c751e8b465ee728b) [PhysX] Initialized MultithreadedTaskDispatcher with 12 workers.
[PhysX] Initialized MultithreadedTaskDispatcher with 12 workers.
 -> (artifact id: '587d75445366f76a602b3aac8da15f68') in 0.233570 seconds
Number of updated asset objects reloaded before import = 0
Number of asset objects unloaded after import = 2
========================================================================
Received Import Request.
  Time since last request: 9.976392 seconds.
  path: Assets/Material/Refraction.mat
  artifactKey: Guid(efbec8e84813f1e40b285e9c77dbc85f) Importer(2089858483,0ecaa5967403d082aa24f35e1b516d23)
Start importing Assets/Material/Refraction.mat using Guid(efbec8e84813f1e40b285e9c77dbc85f) Importer(2089858483,0ecaa5967403d082aa24f35e1b516d23) [PhysX] Initialized MultithreadedTaskDispatcher with 12 workers.
 -> (artifact id: '7f228e7a5bf6a80b285019711eb7e485') in 0.030774 seconds
Number of updated asset objects reloaded before import = 0
Number of asset objects unloaded after import = 2
========================================================================
Received Import Request.
  Time since last request: 6.983415 seconds.
  path: Assets/Shader/Refraction.shadergraph
  artifactKey: Guid(7c701b477f06be84297d71e9e3c17cb4) Importer(2089858483,0ecaa5967403d082aa24f35e1b516d23)
Start importing Assets/Shader/Refraction.shadergraph using Guid(7c701b477f06be84297d71e9e3c17cb4) Importer(2089858483,0ecaa5967403d082aa24f35e1b516d23) [PhysX] Initialized MultithreadedTaskDispatcher with 12 workers.
 -> (artifact id: 'd52c662a21feb5326944d903a551ae38') in 0.185952 seconds
Number of updated asset objects reloaded before import = 1
Number of asset objects unloaded after import = 3
========================================================================
Received Import Request.
  Time since last request: 119.119802 seconds.
  path: Assets/Shader/Refraction.shadergraph
  artifactKey: Guid(7c701b477f06be84297d71e9e3c17cb4) Importer(2089858483,0ecaa5967403d082aa24f35e1b516d23)
Start importing Assets/Shader/Refraction.shadergraph using Guid(7c701b477f06be84297d71e9e3c17cb4) Importer(2089858483,0ecaa5967403d082aa24f35e1b516d23) [PhysX] Initialized MultithreadedTaskDispatcher with 12 workers.
 -> (artifact id: 'd81c83be4b094ebf946d24be9da5ef25') in 0.248546 seconds
Number of updated asset objects reloaded before import = 1
Number of asset objects unloaded after import = 3
========================================================================
Received Import Request.
  Time since last request: 13.176330 seconds.
  path: Assets/Shader/Refraction.shadergraph
  artifactKey: Guid(7c701b477f06be84297d71e9e3c17cb4) Importer(2089858483,0ecaa5967403d082aa24f35e1b516d23)
Start importing Assets/Shader/Refraction.shadergraph using Guid(7c701b477f06be84297d71e9e3c17cb4) Importer(2089858483,0ecaa5967403d082aa24f35e1b516d23) [PhysX] Initialized MultithreadedTaskDispatcher with 12 workers.
 -> (artifact id: '2ae01921304c707b20799239b2e0e4f1') in 0.188917 seconds
Number of updated asset objects reloaded before import = 1
Number of asset objects unloaded after import = 3
========================================================================
Received Import Request.
  Time since last request: 1.995387 seconds.
  path: Assets/Shader/Refraction.shadergraph
  artifactKey: Guid(7c701b477f06be84297d71e9e3c17cb4) Importer(2089858483,0ecaa5967403d082aa24f35e1b516d23)
Start importing Assets/Shader/Refraction.shadergraph using Guid(7c701b477f06be84297d71e9e3c17cb4) Importer(2089858483,0ecaa5967403d082aa24f35e1b516d23) [PhysX] Initialized MultithreadedTaskDispatcher with 12 workers.
 -> (artifact id: 'faaf191261866ece49a4aa6c980a3bae') in 0.179308 seconds
Number of updated asset objects reloaded before import = 1
Number of asset objects unloaded after import = 3
========================================================================
Received Import Request.
  Time since last request: 141.880980 seconds.
  path: Assets/Shader/Refraction.shadergraph
  artifactKey: Guid(7c701b477f06be84297d71e9e3c17cb4) Importer(2089858483,0ecaa5967403d082aa24f35e1b516d23)
Start importing Assets/Shader/Refraction.shadergraph using Guid(7c701b477f06be84297d71e9e3c17cb4) Importer(2089858483,0ecaa5967403d082aa24f35e1b516d23) [PhysX] Initialized MultithreadedTaskDispatcher with 12 workers.
 -> (artifact id: '0954652ee31000f1f19b0cc0c3311bc0') in 0.199381 seconds
Number of updated asset objects reloaded before import = 1
Number of asset objects unloaded after import = 3
========================================================================
Received Import Request.
  Time since last request: 75.688820 seconds.
  path: Assets/Shader/Refraction.shadergraph
  artifactKey: Guid(7c701b477f06be84297d71e9e3c17cb4) Importer(2089858483,0ecaa5967403d082aa24f35e1b516d23)
Start importing Assets/Shader/Refraction.shadergraph using Guid(7c701b477f06be84297d71e9e3c17cb4) Importer(2089858483,0ecaa5967403d082aa24f35e1b516d23) [PhysX] Initialized MultithreadedTaskDispatcher with 12 workers.
 -> (artifact id: '9ce014b6f6285a7ce6e31cb83aa8a15e') in 0.163923 seconds
Number of updated asset objects reloaded before import = 1
Number of asset objects unloaded after import = 3
========================================================================
Received Import Request.
  Time since last request: 98.214276 seconds.
  path: Assets/Shader/Refraction.shadergraph
  artifactKey: Guid(7c701b477f06be84297d71e9e3c17cb4) Importer(2089858483,0ecaa5967403d082aa24f35e1b516d23)
Start importing Assets/Shader/Refraction.shadergraph using Guid(7c701b477f06be84297d71e9e3c17cb4) Importer(2089858483,0ecaa5967403d082aa24f35e1b516d23) [PhysX] Initialized MultithreadedTaskDispatcher with 12 workers.
 -> (artifact id: '122d1a0fd57fc1b6d0f01f8aa6fee23a') in 0.201300 seconds
Number of updated asset objects reloaded before import = 1
Number of asset objects unloaded after import = 3
========================================================================
Received Import Request.
  Time since last request: 40.889482 seconds.
  path: Assets/Shader/Refraction.shadergraph
  artifactKey: Guid(7c701b477f06be84297d71e9e3c17cb4) Importer(2089858483,0ecaa5967403d082aa24f35e1b516d23)
Start importing Assets/Shader/Refraction.shadergraph using Guid(7c701b477f06be84297d71e9e3c17cb4) Importer(2089858483,0ecaa5967403d082aa24f35e1b516d23) [PhysX] Initialized MultithreadedTaskDispatcher with 12 workers.
 -> (artifact id: '77400e361c7273b90562f96fccbd0187') in 0.027283 seconds
Number of updated asset objects reloaded before import = 1
Number of asset objects unloaded after import = 3
========================================================================
Received Import Request.
  Time since last request: 203.668635 seconds.
  path: Assets/Shader/Refraction.shadergraph
  artifactKey: Guid(7c701b477f06be84297d71e9e3c17cb4) Importer(2089858483,0ecaa5967403d082aa24f35e1b516d23)
Start importing Assets/Shader/Refraction.shadergraph using Guid(7c701b477f06be84297d71e9e3c17cb4) Importer(2089858483,0ecaa5967403d082aa24f35e1b516d23) [PhysX] Initialized MultithreadedTaskDispatcher with 12 workers.
 -> (artifact id: '3065c8aa644a3b32960d93c3ec4bce7d') in 0.039145 seconds
Number of updated asset objects reloaded before import = 1
Number of asset objects unloaded after import = 3
========================================================================
Received Import Request.
  Time since last request: 26.848814 seconds.
  path: Assets/Shader/Refraction.shadergraph
  artifactKey: Guid(7c701b477f06be84297d71e9e3c17cb4) Importer(2089858483,0ecaa5967403d082aa24f35e1b516d23)
Start importing Assets/Shader/Refraction.shadergraph using Guid(7c701b477f06be84297d71e9e3c17cb4) Importer(2089858483,0ecaa5967403d082aa24f35e1b516d23) [PhysX] Initialized MultithreadedTaskDispatcher with 12 workers.
 -> (artifact id: '01aad87d5552a59f69685f24d69ee450') in 0.216419 seconds
Number of updated asset objects reloaded before import = 1
Number of asset objects unloaded after import = 3
========================================================================
Received Import Request.
  Time since last request: 15.867830 seconds.
  path: Assets/Shader/Refraction.shadergraph
  artifactKey: Guid(7c701b477f06be84297d71e9e3c17cb4) Importer(2089858483,0ecaa5967403d082aa24f35e1b516d23)
Start importing Assets/Shader/Refraction.shadergraph using Guid(7c701b477f06be84297d71e9e3c17cb4) Importer(2089858483,0ecaa5967403d082aa24f35e1b516d23) [PhysX] Initialized MultithreadedTaskDispatcher with 12 workers.
 -> (artifact id: '25b0faa17d1ed3cabd61f0ee959711d8') in 0.171947 seconds
Number of updated asset objects reloaded before import = 1
Number of asset objects unloaded after import = 3
========================================================================
Received Import Request.
  Time since last request: 52.735196 seconds.
  path: Assets/Shader/Refraction.shadergraph
  artifactKey: Guid(7c701b477f06be84297d71e9e3c17cb4) Importer(2089858483,0ecaa5967403d082aa24f35e1b516d23)
Start importing Assets/Shader/Refraction.shadergraph using Guid(7c701b477f06be84297d71e9e3c17cb4) Importer(2089858483,0ecaa5967403d082aa24f35e1b516d23) [PhysX] Initialized MultithreadedTaskDispatcher with 12 workers.
 -> (artifact id: '221bb6894f0f419fae73c019bb16782c') in 0.021694 seconds
Number of updated asset objects reloaded before import = 1
Number of asset objects unloaded after import = 3
========================================================================
Received Import Request.
  Time since last request: 68.593789 seconds.
  path: Assets/Shader/Refraction.shadergraph
  artifactKey: Guid(7c701b477f06be84297d71e9e3c17cb4) Importer(2089858483,0ecaa5967403d082aa24f35e1b516d23)
Start importing Assets/Shader/Refraction.shadergraph using Guid(7c701b477f06be84297d71e9e3c17cb4) Importer(2089858483,0ecaa5967403d082aa24f35e1b516d23) [PhysX] Initialized MultithreadedTaskDispatcher with 12 workers.
 -> (artifact id: '3c3b200e73a375aba37de7e6711dd6ed') in 0.180168 seconds
Number of updated asset objects reloaded before import = 1
Number of asset objects unloaded after import = 3
========================================================================
Received Import Request.
  Time since last request: 20.635666 seconds.
  path: Assets/Shader/Refraction.shadergraph
  artifactKey: Guid(7c701b477f06be84297d71e9e3c17cb4) Importer(2089858483,0ecaa5967403d082aa24f35e1b516d23)
Start importing Assets/Shader/Refraction.shadergraph using Guid(7c701b477f06be84297d71e9e3c17cb4) Importer(2089858483,0ecaa5967403d082aa24f35e1b516d23) [PhysX] Initialized MultithreadedTaskDispatcher with 12 workers.
 -> (artifact id: '8b901fbc63854f9505df5ef475ef9603') in 0.212325 seconds
Number of updated asset objects reloaded before import = 1
Number of asset objects unloaded after import = 3
========================================================================
Received Import Request.
  Time since last request: 4.781221 seconds.
  path: Assets/Shader/Refraction.shadergraph
  artifactKey: Guid(7c701b477f06be84297d71e9e3c17cb4) Importer(2089858483,0ecaa5967403d082aa24f35e1b516d23)
Start importing Assets/Shader/Refraction.shadergraph using Guid(7c701b477f06be84297d71e9e3c17cb4) Importer(2089858483,0ecaa5967403d082aa24f35e1b516d23) [PhysX] Initialized MultithreadedTaskDispatcher with 12 workers.
 -> (artifact id: 'f11079c1aaf60d4d665555da0d7dbc18') in 0.163709 seconds
Number of updated asset objects reloaded before import = 1
Number of asset objects unloaded after import = 3
========================================================================
Received Import Request.
  Time since last request: 23.658009 seconds.
  path: Assets/Shader/Refraction.shadergraph
  artifactKey: Guid(7c701b477f06be84297d71e9e3c17cb4) Importer(2089858483,0ecaa5967403d082aa24f35e1b516d23)
Start importing Assets/Shader/Refraction.shadergraph using Guid(7c701b477f06be84297d71e9e3c17cb4) Importer(2089858483,0ecaa5967403d082aa24f35e1b516d23) [PhysX] Initialized MultithreadedTaskDispatcher with 12 workers.
 -> (artifact id: 'fef21499d415ea4f60ca0cd39c4080d7') in 0.160856 seconds
Number of updated asset objects reloaded before import = 1
Number of asset objects unloaded after import = 3
========================================================================
Received Import Request.
  Time since last request: 8.252740 seconds.
  path: Assets/Shader/Refraction.shadergraph
  artifactKey: Guid(7c701b477f06be84297d71e9e3c17cb4) Importer(2089858483,0ecaa5967403d082aa24f35e1b516d23)
Start importing Assets/Shader/Refraction.shadergraph using Guid(7c701b477f06be84297d71e9e3c17cb4) Importer(2089858483,0ecaa5967403d082aa24f35e1b516d23) [PhysX] Initialized MultithreadedTaskDispatcher with 12 workers.
 -> (artifact id: '2d5adb79873f2b03f8bc0152e48becfe') in 0.184323 seconds
Number of updated asset objects reloaded before import = 1
Number of asset objects unloaded after import = 3
========================================================================
Received Import Request.
  Time since last request: 122.572814 seconds.
  path: Assets/Material/Refraction.mat
  artifactKey: Guid(efbec8e84813f1e40b285e9c77dbc85f) Importer(815301076,1909f56bfc062723c751e8b465ee728b)
Start importing Assets/Material/Refraction.mat using Guid(efbec8e84813f1e40b285e9c77dbc85f) Importer(815301076,1909f56bfc062723c751e8b465ee728b) [PhysX] Initialized MultithreadedTaskDispatcher with 12 workers.
[PhysX] Initialized MultithreadedTaskDispatcher with 12 workers.
 -> (artifact id: '934ea499d686155d95091b0e60eed0ee') in 0.309264 seconds
Number of updated asset objects reloaded before import = 0
Number of asset objects unloaded after import = 3
========================================================================
Received Import Request.
  Time since last request: 176.866088 seconds.
  path: Assets/Shader/DissolveWithNoise.shadergraph
  artifactKey: Guid(62208ad6011a5274f84a39c96655a9a2) Importer(815301076,1909f56bfc062723c751e8b465ee728b)
Start importing Assets/Shader/DissolveWithNoise.shadergraph using Guid(62208ad6011a5274f84a39c96655a9a2) Importer(815301076,1909f56bfc062723c751e8b465ee728b) [PhysX] Initialized MultithreadedTaskDispatcher with 12 workers.
[PhysX] Initialized MultithreadedTaskDispatcher with 12 workers.
 -> (artifact id: '09ea8766c2627da3d6d6d3a496046662') in 0.453755 seconds
Number of updated asset objects reloaded before import = 0
Number of asset objects unloaded after import = 3
========================================================================
Received Import Request.
  Time since last request: 0.146741 seconds.
  path: Assets/Shader/DissolveWithNoise.shadergraph
  artifactKey: Guid(62208ad6011a5274f84a39c96655a9a2) Importer(2089858483,0ecaa5967403d082aa24f35e1b516d23)
Start importing Assets/Shader/DissolveWithNoise.shadergraph using Guid(62208ad6011a5274f84a39c96655a9a2) Importer(2089858483,0ecaa5967403d082aa24f35e1b516d23) [PhysX] Initialized MultithreadedTaskDispatcher with 12 workers.
 -> (artifact id: '9585e067fdb1cca27e2396d0b7494734') in 0.069007 seconds
Number of updated asset objects reloaded before import = 0
Number of asset objects unloaded after import = 3
========================================================================
Received Import Request.
  Time since last request: 68.630831 seconds.
  path: Assets/Shader/DissolveWithNoise.shadergraph
  artifactKey: Guid(62208ad6011a5274f84a39c96655a9a2) Importer(2089858483,0ecaa5967403d082aa24f35e1b516d23)
Start importing Assets/Shader/DissolveWithNoise.shadergraph using Guid(62208ad6011a5274f84a39c96655a9a2) Importer(2089858483,0ecaa5967403d082aa24f35e1b516d23) [PhysX] Initialized MultithreadedTaskDispatcher with 12 workers.
 -> (artifact id: '4700bace756fce888be6982f8ce70b06') in 0.212306 seconds
Number of updated asset objects reloaded before import = 0
Number of asset objects unloaded after import = 3
========================================================================
Received Import Request.
  Time since last request: 6.742134 seconds.
  path: Assets/Shader/DissolveWithNoise.shadergraph
  artifactKey: Guid(62208ad6011a5274f84a39c96655a9a2) Importer(2089858483,0ecaa5967403d082aa24f35e1b516d23)
Start importing Assets/Shader/DissolveWithNoise.shadergraph using Guid(62208ad6011a5274f84a39c96655a9a2) Importer(2089858483,0ecaa5967403d082aa24f35e1b516d23) [PhysX] Initialized MultithreadedTaskDispatcher with 12 workers.
 -> (artifact id: 'd3f572bfa73764eb59fb2f53178da5ad') in 0.038639 seconds
Number of updated asset objects reloaded before import = 0
Number of asset objects unloaded after import = 3
========================================================================
Received Import Request.
  Time since last request: 40.489680 seconds.
  path: Assets/Shader/DissolveWithNoise.shadergraph
  artifactKey: Guid(62208ad6011a5274f84a39c96655a9a2) Importer(815301076,1909f56bfc062723c751e8b465ee728b)
Start importing Assets/Shader/DissolveWithNoise.shadergraph using Guid(62208ad6011a5274f84a39c96655a9a2) Importer(815301076,1909f56bfc062723c751e8b465ee728b) [PhysX] Initialized MultithreadedTaskDispatcher with 12 workers.
[PhysX] Initialized MultithreadedTaskDispatcher with 12 workers.
 -> (artifact id: '492b6d2a644abd384686609fb6ed0105') in 0.345396 seconds
Number of updated asset objects reloaded before import = 0
Number of asset objects unloaded after import = 3
========================================================================
Received Import Request.
  Time since last request: 67.179656 seconds.
  path: Assets/Shader/DissolveWithNoise.shadergraph
  artifactKey: Guid(62208ad6011a5274f84a39c96655a9a2) Importer(2089858483,0ecaa5967403d082aa24f35e1b516d23)
Start importing Assets/Shader/DissolveWithNoise.shadergraph using Guid(62208ad6011a5274f84a39c96655a9a2) Importer(2089858483,0ecaa5967403d082aa24f35e1b516d23) [PhysX] Initialized MultithreadedTaskDispatcher with 12 workers.
 -> (artifact id: 'ae1675d2a8416d6c59dc7939344f8702') in 0.203161 seconds
Number of updated asset objects reloaded before import = 0
Number of asset objects unloaded after import = 3
========================================================================
Received Import Request.
  Time since last request: 63.069982 seconds.
  path: Assets/Shader/DissolveWithNoise.shadergraph
  artifactKey: Guid(62208ad6011a5274f84a39c96655a9a2) Importer(2089858483,0ecaa5967403d082aa24f35e1b516d23)
Start importing Assets/Shader/DissolveWithNoise.shadergraph using Guid(62208ad6011a5274f84a39c96655a9a2) Importer(2089858483,0ecaa5967403d082aa24f35e1b516d23) [PhysX] Initialized MultithreadedTaskDispatcher with 12 workers.
 -> (artifact id: '63ff2b7c2278828ab4565406da39780d') in 0.029943 seconds
Number of updated asset objects reloaded before import = 0
Number of asset objects unloaded after import = 3
========================================================================
Received Import Request.
  Time since last request: 6.932537 seconds.
  path: Assets/Shader/DissolveWithNoise.shadergraph
  artifactKey: Guid(62208ad6011a5274f84a39c96655a9a2) Importer(2089858483,0ecaa5967403d082aa24f35e1b516d23)
Start importing Assets/Shader/DissolveWithNoise.shadergraph using Guid(62208ad6011a5274f84a39c96655a9a2) Importer(2089858483,0ecaa5967403d082aa24f35e1b516d23) [PhysX] Initialized MultithreadedTaskDispatcher with 12 workers.
 -> (artifact id: '74eba8282a330e067a531dc76a32ff96') in 0.027768 seconds
Number of updated asset objects reloaded before import = 0
Number of asset objects unloaded after import = 3
========================================================================
Received Import Request.
  Time since last request: 5.819895 seconds.
  path: Assets/Shader/DissolveWithNoise.shadergraph
  artifactKey: Guid(62208ad6011a5274f84a39c96655a9a2) Importer(2089858483,0ecaa5967403d082aa24f35e1b516d23)
Start importing Assets/Shader/DissolveWithNoise.shadergraph using Guid(62208ad6011a5274f84a39c96655a9a2) Importer(2089858483,0ecaa5967403d082aa24f35e1b516d23) [PhysX] Initialized MultithreadedTaskDispatcher with 12 workers.
 -> (artifact id: 'fc3cf3b12a2df1b3c8989695fea27612') in 0.187284 seconds
Number of updated asset objects reloaded before import = 0
Number of asset objects unloaded after import = 3
========================================================================
Received Import Request.
  Time since last request: 33.839847 seconds.
  path: Assets/Shader/DissolveWithNoise.shadergraph
  artifactKey: Guid(62208ad6011a5274f84a39c96655a9a2) Importer(815301076,1909f56bfc062723c751e8b465ee728b)
Start importing Assets/Shader/DissolveWithNoise.shadergraph using Guid(62208ad6011a5274f84a39c96655a9a2) Importer(815301076,1909f56bfc062723c751e8b465ee728b) [PhysX] Initialized MultithreadedTaskDispatcher with 12 workers.
[PhysX] Initialized MultithreadedTaskDispatcher with 12 workers.
 -> (artifact id: '5a8aa35ac466b431b8b5eeb09b0fbbd3') in 0.224531 seconds
Number of updated asset objects reloaded before import = 0
Number of asset objects unloaded after import = 3
========================================================================
Received Import Request.
  Time since last request: 0.104809 seconds.
  path: Assets/Shader/DissolveWithNoise.shadergraph
  artifactKey: Guid(62208ad6011a5274f84a39c96655a9a2) Importer(2089858483,0ecaa5967403d082aa24f35e1b516d23)
Start importing Assets/Shader/DissolveWithNoise.shadergraph using Guid(62208ad6011a5274f84a39c96655a9a2) Importer(2089858483,0ecaa5967403d082aa24f35e1b516d23) [PhysX] Initialized MultithreadedTaskDispatcher with 12 workers.
 -> (artifact id: '382c7f8325e59973274e6e7412799902') in 0.026812 seconds
Number of updated asset objects reloaded before import = 0
Number of asset objects unloaded after import = 3
========================================================================
Received Import Request.
  Time since last request: 19.639384 seconds.
  path: Assets/Shader/DissolveWithNoise.mat
  artifactKey: Guid(8453a6601b5053d42864ce99b33ab1fb) Importer(815301076,1909f56bfc062723c751e8b465ee728b)
Start importing Assets/Shader/DissolveWithNoise.mat using Guid(8453a6601b5053d42864ce99b33ab1fb) Importer(815301076,1909f56bfc062723c751e8b465ee728b) [PhysX] Initialized MultithreadedTaskDispatcher with 12 workers.
[PhysX] Initialized MultithreadedTaskDispatcher with 12 workers.
 -> (artifact id: 'cf8e8f9f20eb01e0e91082ba1f032699') in 0.035006 seconds
Number of updated asset objects reloaded before import = 0
Number of asset objects unloaded after import = 3
========================================================================
Received Import Request.
  Time since last request: 0.913738 seconds.
  path: Assets/Shader/DissolveWithNoise.mat
  artifactKey: Guid(8453a6601b5053d42864ce99b33ab1fb) Importer(2089858483,0ecaa5967403d082aa24f35e1b516d23)
Start importing Assets/Shader/DissolveWithNoise.mat using Guid(8453a6601b5053d42864ce99b33ab1fb) Importer(2089858483,0ecaa5967403d082aa24f35e1b516d23) [PhysX] Initialized MultithreadedTaskDispatcher with 12 workers.
 -> (artifact id: '01c1dc987dfdea2b620fca4eb3e1b874') in 0.020953 seconds
Number of updated asset objects reloaded before import = 0
Number of asset objects unloaded after import = 2
========================================================================
Received Import Request.
  Time since last request: 3.676785 seconds.
  path: Assets/Material/DissolveWithNoise.mat
  artifactKey: Guid(8453a6601b5053d42864ce99b33ab1fb) Importer(2089858483,0ecaa5967403d082aa24f35e1b516d23)
Start importing Assets/Material/DissolveWithNoise.mat using Guid(8453a6601b5053d42864ce99b33ab1fb) Importer(2089858483,0ecaa5967403d082aa24f35e1b516d23) [PhysX] Initialized MultithreadedTaskDispatcher with 12 workers.
 -> (artifact id: 'f123e3f88bb62c0e902a84d6670bd648') in 0.017698 seconds
Number of updated asset objects reloaded before import = 0
Number of asset objects unloaded after import = 2
========================================================================
Received Import Request.
  Time since last request: 9.702991 seconds.
  path: Assets/Scenes/NeutralScene.unity
  artifactKey: Guid(99c9720ab356a0642a771bea13969a05) Importer(2089858483,0ecaa5967403d082aa24f35e1b516d23)
Start importing Assets/Scenes/NeutralScene.unity using Guid(99c9720ab356a0642a771bea13969a05) Importer(2089858483,0ecaa5967403d082aa24f35e1b516d23) [PhysX] Initialized MultithreadedTaskDispatcher with 12 workers.
 -> (artifact id: '7b38d639f4b612abca7eb4f1475526b1') in 0.024772 seconds
Number of updated asset objects reloaded before import = 0
Number of asset objects unloaded after import = 1
========================================================================
Received Import Request.
  Time since last request: 169.554685 seconds.
  path: Assets/Material/DissolveWithNoise.mat
  artifactKey: Guid(8453a6601b5053d42864ce99b33ab1fb) Importer(815301076,1909f56bfc062723c751e8b465ee728b)
Start importing Assets/Material/DissolveWithNoise.mat using Guid(8453a6601b5053d42864ce99b33ab1fb) Importer(815301076,1909f56bfc062723c751e8b465ee728b) [PhysX] Initialized MultithreadedTaskDispatcher with 12 workers.
[PhysX] Initialized MultithreadedTaskDispatcher with 12 workers.
 -> (artifact id: '04bcf1e761a25ecdc202ef6ae601c1cf') in 0.484841 seconds
Number of updated asset objects reloaded before import = 0
Number of asset objects unloaded after import = 3
========================================================================
Received Import Request.
  Time since last request: 0.293896 seconds.
  path: Assets/Shader/DissolveWithNoise.shadergraph
  artifactKey: Guid(62208ad6011a5274f84a39c96655a9a2) Importer(2089858483,0ecaa5967403d082aa24f35e1b516d23)
Start importing Assets/Shader/DissolveWithNoise.shadergraph using Guid(62208ad6011a5274f84a39c96655a9a2) Importer(2089858483,0ecaa5967403d082aa24f35e1b516d23) [PhysX] Initialized MultithreadedTaskDispatcher with 12 workers.
 -> (artifact id: '912a64f77cb3de74ea4eddbd21d8beef') in 0.022640 seconds
Number of updated asset objects reloaded before import = 0
Number of asset objects unloaded after import = 3
========================================================================
Received Import Request.
  Time since last request: 106.569959 seconds.
  path: Assets/Shader/DissolveWithNoise.shadergraph
  artifactKey: Guid(62208ad6011a5274f84a39c96655a9a2) Importer(2089858483,0ecaa5967403d082aa24f35e1b516d23)
Start importing Assets/Shader/DissolveWithNoise.shadergraph using Guid(62208ad6011a5274f84a39c96655a9a2) Importer(2089858483,0ecaa5967403d082aa24f35e1b516d23) [PhysX] Initialized MultithreadedTaskDispatcher with 12 workers.
 -> (artifact id: '19d93a66c466bf771a3aa6e7dc8370ca') in 0.193954 seconds
Number of updated asset objects reloaded before import = 0
Number of asset objects unloaded after import = 3
========================================================================
Received Import Request.
  Time since last request: 60.629470 seconds.
  path: Assets/Shader/DissolveWithNoise.shadergraph
  artifactKey: Guid(62208ad6011a5274f84a39c96655a9a2) Importer(2089858483,0ecaa5967403d082aa24f35e1b516d23)
Start importing Assets/Shader/DissolveWithNoise.shadergraph using Guid(62208ad6011a5274f84a39c96655a9a2) Importer(2089858483,0ecaa5967403d082aa24f35e1b516d23) [PhysX] Initialized MultithreadedTaskDispatcher with 12 workers.
 -> (artifact id: '271615e680f37940b837313cafad05c1') in 0.170235 seconds
Number of updated asset objects reloaded before import = 0
Number of asset objects unloaded after import = 3
========================================================================
Received Import Request.
  Time since last request: 144.057709 seconds.
  path: Assets/Shader/DissolveWithNoise.shadergraph
  artifactKey: Guid(62208ad6011a5274f84a39c96655a9a2) Importer(2089858483,0ecaa5967403d082aa24f35e1b516d23)
Start importing Assets/Shader/DissolveWithNoise.shadergraph using Guid(62208ad6011a5274f84a39c96655a9a2) Importer(2089858483,0ecaa5967403d082aa24f35e1b516d23) [PhysX] Initialized MultithreadedTaskDispatcher with 12 workers.
 -> (artifact id: 'e83e54fd82269dd571cf014ba1d49ee0') in 0.231780 seconds
Number of updated asset objects reloaded before import = 0
Number of asset objects unloaded after import = 3
========================================================================
Received Import Request.
  Time since last request: 86.958125 seconds.
  path: Assets/Shader/DissolveWithNoise.shadergraph
  artifactKey: Guid(62208ad6011a5274f84a39c96655a9a2) Importer(2089858483,0ecaa5967403d082aa24f35e1b516d23)
Start importing Assets/Shader/DissolveWithNoise.shadergraph using Guid(62208ad6011a5274f84a39c96655a9a2) Importer(2089858483,0ecaa5967403d082aa24f35e1b516d23) [PhysX] Initialized MultithreadedTaskDispatcher with 12 workers.
 -> (artifact id: '9ed5c0fa480c523c64a8e09e2afd07eb') in 0.181250 seconds
Number of updated asset objects reloaded before import = 0
Number of asset objects unloaded after import = 3
========================================================================
Received Import Request.
  Time since last request: 26.031820 seconds.
  path: Assets/Shader/DissolveWithNoise.shadergraph
  artifactKey: Guid(62208ad6011a5274f84a39c96655a9a2) Importer(2089858483,0ecaa5967403d082aa24f35e1b516d23)
Start importing Assets/Shader/DissolveWithNoise.shadergraph using Guid(62208ad6011a5274f84a39c96655a9a2) Importer(2089858483,0ecaa5967403d082aa24f35e1b516d23) [PhysX] Initialized MultithreadedTaskDispatcher with 12 workers.
 -> (artifact id: 'b8d18f0bcb66878335fe52b8e11561c1') in 0.264318 seconds
Number of updated asset objects reloaded before import = 0
Number of asset objects unloaded after import = 3
========================================================================
Received Import Request.
  Time since last request: 42.761019 seconds.
  path: Assets/Shader/DissolveWithNoise.shadergraph
  artifactKey: Guid(62208ad6011a5274f84a39c96655a9a2) Importer(2089858483,0ecaa5967403d082aa24f35e1b516d23)
Start importing Assets/Shader/DissolveWithNoise.shadergraph using Guid(62208ad6011a5274f84a39c96655a9a2) Importer(2089858483,0ecaa5967403d082aa24f35e1b516d23) [PhysX] Initialized MultithreadedTaskDispatcher with 12 workers.
 -> (artifact id: '15ee6557e3543c77e9467ba033631546') in 0.220534 seconds
Number of updated asset objects reloaded before import = 0
Number of asset objects unloaded after import = 3
========================================================================
Received Import Request.
  Time since last request: 11.231838 seconds.
  path: Assets/Shader/DissolveWithNoise.shadergraph
  artifactKey: Guid(62208ad6011a5274f84a39c96655a9a2) Importer(2089858483,0ecaa5967403d082aa24f35e1b516d23)
Start importing Assets/Shader/DissolveWithNoise.shadergraph using Guid(62208ad6011a5274f84a39c96655a9a2) Importer(2089858483,0ecaa5967403d082aa24f35e1b516d23) [PhysX] Initialized MultithreadedTaskDispatcher with 12 workers.
 -> (artifact id: '6f31678c48b9a33ae206729339307718') in 0.215625 seconds
Number of updated asset objects reloaded before import = 0
Number of asset objects unloaded after import = 3
========================================================================
Received Import Request.
  Time since last request: 3.682121 seconds.
  path: Assets/Shader/DissolveWithNoise.shadergraph
  artifactKey: Guid(62208ad6011a5274f84a39c96655a9a2) Importer(2089858483,0ecaa5967403d082aa24f35e1b516d23)
Start importing Assets/Shader/DissolveWithNoise.shadergraph using Guid(62208ad6011a5274f84a39c96655a9a2) Importer(2089858483,0ecaa5967403d082aa24f35e1b516d23) [PhysX] Initialized MultithreadedTaskDispatcher with 12 workers.
 -> (artifact id: '9b53c761f16693f85582996ca042d29c') in 0.179056 seconds
Number of updated asset objects reloaded before import = 0
Number of asset objects unloaded after import = 3
