Using pre-set license
Built from '2022.3/release' branch; Version is '2022.3.20f1 (61c2feb0970d) revision 6406910'; Using compiler version '192829333'; Build Type 'Release'
OS: 'Windows 11  (10.0.22631) 64bit CoreSingleLanguage' Language: 'es' Physical Memory: 7955 MB
BatchMode: 1, IsHumanControllingUs: 0, StartBugReporterOnCrash: 0, Is64bit: 1, IsPro: 1

COMMAND LINE ARGUMENTS:
C:\Program Files\Unity\Hub\Editor\2022.3.20f1\Editor\Unity.exe
-adb2
-batchMode
-noUpm
-name
AssetImportWorker2
-projectPath
C:/Users/Acer/Desktop/Computacion Grafica/VFX/VFX_ComputacionGrafica
-logFile
Logs/AssetImportWorker2.log
-srvPort
64145
Successfully changed project path to: C:/Users/Acer/Desktop/Computacion Grafica/VFX/VFX_ComputacionGrafica
C:/Users/Acer/Desktop/Computacion Grafica/VFX/VFX_ComputacionGrafica
[UnityMemory] Configuration Parameters - Can be set up in boot.config
    "memorysetup-bucket-allocator-granularity=16"
    "memorysetup-bucket-allocator-bucket-count=8"
    "memorysetup-bucket-allocator-block-size=33554432"
    "memorysetup-bucket-allocator-block-count=8"
    "memorysetup-main-allocator-block-size=16777216"
    "memorysetup-thread-allocator-block-size=16777216"
    "memorysetup-gfx-main-allocator-block-size=16777216"
    "memorysetup-gfx-thread-allocator-block-size=16777216"
    "memorysetup-cache-allocator-block-size=4194304"
    "memorysetup-typetree-allocator-block-size=2097152"
    "memorysetup-profiler-bucket-allocator-granularity=16"
    "memorysetup-profiler-bucket-allocator-bucket-count=8"
    "memorysetup-profiler-bucket-allocator-block-size=33554432"
    "memorysetup-profiler-bucket-allocator-block-count=8"
    "memorysetup-profiler-allocator-block-size=16777216"
    "memorysetup-profiler-editor-allocator-block-size=1048576"
    "memorysetup-temp-allocator-size-main=16777216"
    "memorysetup-job-temp-allocator-block-size=2097152"
    "memorysetup-job-temp-allocator-block-size-background=1048576"
    "memorysetup-job-temp-allocator-reduction-small-platforms=262144"
    "memorysetup-allocator-temp-initial-block-size-main=262144"
    "memorysetup-allocator-temp-initial-block-size-worker=262144"
    "memorysetup-temp-allocator-size-background-worker=32768"
    "memorysetup-temp-allocator-size-job-worker=262144"
    "memorysetup-temp-allocator-size-preload-manager=33554432"
    "memorysetup-temp-allocator-size-nav-mesh-worker=65536"
    "memorysetup-temp-allocator-size-audio-worker=65536"
    "memorysetup-temp-allocator-size-cloud-worker=32768"
    "memorysetup-temp-allocator-size-gi-baking-worker=262144"
    "memorysetup-temp-allocator-size-gfx=262144"
Player connection [22000] Host "[IP] 10.8.122.86 [Port] 0 [Flags] 2 [Guid] 2592757515 [EditorId] 2592757515 [Version] 1048832 [Id] WindowsEditor(7,LAPTOP-PM0FQCBJ) [Debug] 1 [PackageName] WindowsEditor [ProjectName] Editor" joined multi-casting on [225.0.0.222:54997]...

Player connection [22000] Host "[IP] 10.8.122.86 [Port] 0 [Flags] 2 [Guid] 2592757515 [EditorId] 2592757515 [Version] 1048832 [Id] WindowsEditor(7,LAPTOP-PM0FQCBJ) [Debug] 1 [PackageName] WindowsEditor [ProjectName] Editor" joined alternative multi-casting on [225.0.0.222:34997]...

[Physics::Module] Initialized MultithreadedJobDispatcher with 11 workers.
Refreshing native plugins compatible for Editor in 22.24 ms, found 3 plugins.
Preloading 0 native plugins for Editor in 0.00 ms.
Initialize engine version: 2022.3.20f1 (61c2feb0970d)
[Subsystems] Discovering subsystems at path C:/Program Files/Unity/Hub/Editor/2022.3.20f1/Editor/Data/Resources/UnitySubsystems
[Subsystems] Discovering subsystems at path C:/Users/Acer/Desktop/Computacion Grafica/VFX/VFX_ComputacionGrafica/Assets
GfxDevice: creating device client; threaded=0; jobified=0
Direct3D:
    Version:  Direct3D 11.0 [level 11.1]
    Renderer: NVIDIA GeForce GTX 1650 (ID=0x1f9d)
    Vendor:   NVIDIA
    VRAM:     3950 MB
    Driver:   31.0.15.4633
Initialize mono
Mono path[0] = 'C:/Program Files/Unity/Hub/Editor/2022.3.20f1/Editor/Data/Managed'
Mono path[1] = 'C:/Program Files/Unity/Hub/Editor/2022.3.20f1/Editor/Data/MonoBleedingEdge/lib/mono/unityjit-win32'
Mono config path = 'C:/Program Files/Unity/Hub/Editor/2022.3.20f1/Editor/Data/MonoBleedingEdge/etc'
Using monoOptions --debugger-agent=transport=dt_socket,embedding=1,server=y,suspend=n,address=127.0.0.1:56036
Begin MonoManager ReloadAssembly
Registering precompiled unity dll's ...
Register platform support module: C:/Program Files/Unity/Hub/Editor/2022.3.20f1/Editor/Data/PlaybackEngines/WindowsStandaloneSupport/UnityEditor.WindowsStandalone.Extensions.dll
Registered in 0.007529 seconds.
- Loaded All Assemblies, in  0.448 seconds
Native extension for WindowsStandalone target not found
Mono: successfully reloaded assembly
- Finished resetting the current domain, in  0.338 seconds
Domain Reload Profiling: 786ms
	BeginReloadAssembly (179ms)
		ExecutionOrderSort (0ms)
		DisableScriptedObjects (0ms)
		BackupInstance (0ms)
		ReleaseScriptingObjects (0ms)
		CreateAndSetChildDomain (1ms)
	RebuildCommonClasses (42ms)
	RebuildNativeTypeToScriptingClass (13ms)
	initialDomainReloadingComplete (64ms)
	LoadAllAssembliesAndSetupDomain (149ms)
		LoadAssemblies (175ms)
		RebuildTransferFunctionScriptingTraits (0ms)
		AnalyzeDomain (146ms)
			TypeCache.Refresh (144ms)
				TypeCache.ScanAssembly (125ms)
			ScanForSourceGeneratedMonoScriptInfo (1ms)
			ResolveRequiredComponents (1ms)
	FinalizeReload (339ms)
		ReleaseScriptCaches (0ms)
		RebuildScriptCaches (0ms)
		SetupLoadedEditorAssemblies (268ms)
			LogAssemblyErrors (0ms)
			InitializePlatformSupportModulesInManaged (12ms)
			SetLoadedEditorAssemblies (9ms)
			RefreshPlugins (0ms)
			BeforeProcessingInitializeOnLoad (5ms)
			ProcessInitializeOnLoadAttributes (195ms)
			ProcessInitializeOnLoadMethodAttributes (47ms)
			AfterProcessingInitializeOnLoad (0ms)
			EditorAssembliesLoaded (0ms)
		ExecutionOrderSort2 (0ms)
		AwakeInstancesAfterBackupRestoration (0ms)
========================================================================
Worker process is ready to serve import requests
Begin MonoManager ReloadAssembly
- Loaded All Assemblies, in  0.858 seconds
Refreshing native plugins compatible for Editor in 4.77 ms, found 3 plugins.
Native extension for WindowsStandalone target not found
Package Manager log level set to [2]
[Package Manager] Server::EnsureServerProcessIsRunning -- launch failed, reason: Unity was launched with the -noUpm command-line argument
[Package Manager] UpmClient::Send -- Unable to send message (not connected to UPM process).
[Package Manager] Cannot connect to Unity Package Manager local server
Mono: successfully reloaded assembly
- Finished resetting the current domain, in  0.811 seconds
Domain Reload Profiling: 1665ms
	BeginReloadAssembly (158ms)
		ExecutionOrderSort (0ms)
		DisableScriptedObjects (6ms)
		BackupInstance (0ms)
		ReleaseScriptingObjects (0ms)
		CreateAndSetChildDomain (34ms)
	RebuildCommonClasses (28ms)
	RebuildNativeTypeToScriptingClass (9ms)
	initialDomainReloadingComplete (39ms)
	LoadAllAssembliesAndSetupDomain (621ms)
		LoadAssemblies (443ms)
		RebuildTransferFunctionScriptingTraits (0ms)
		AnalyzeDomain (246ms)
			TypeCache.Refresh (202ms)
				TypeCache.ScanAssembly (175ms)
			ScanForSourceGeneratedMonoScriptInfo (31ms)
			ResolveRequiredComponents (11ms)
	FinalizeReload (811ms)
		ReleaseScriptCaches (0ms)
		RebuildScriptCaches (0ms)
		SetupLoadedEditorAssemblies (635ms)
			LogAssemblyErrors (0ms)
			InitializePlatformSupportModulesInManaged (8ms)
			SetLoadedEditorAssemblies (5ms)
			RefreshPlugins (0ms)
			BeforeProcessingInitializeOnLoad (96ms)
			ProcessInitializeOnLoadAttributes (444ms)
			ProcessInitializeOnLoadMethodAttributes (76ms)
			AfterProcessingInitializeOnLoad (6ms)
			EditorAssembliesLoaded (0ms)
		ExecutionOrderSort2 (0ms)
		AwakeInstancesAfterBackupRestoration (5ms)
Launched and connected shader compiler UnityShaderCompiler.exe after 0.06 seconds
Refreshing native plugins compatible for Editor in 3.59 ms, found 3 plugins.
Preloading 0 native plugins for Editor in 0.00 ms.
Unloading 5525 Unused Serialized files (Serialized files now loaded: 0)
Unloading 66 unused Assets / (1.1 MB). Loaded Objects now: 5984.
Memory consumption went from 299.4 MB to 298.3 MB.
Total: 4.000000 ms (FindLiveObjects: 0.394600 ms CreateObjectMapping: 0.214700 ms MarkObjects: 2.938100 ms  DeleteObjects: 0.451400 ms)

AssetImportParameters requested are different than current active one (requested -> active):
  custom:container-demuxer-ogg: 62fdf1f143b41e24485cea50d1cbac27 -> 
  custom:video-decoder-ogg-theora: a1e56fd34408186e4bbccfd4996cb3dc -> 
  custom:framework-win-MediaFoundation: 216162199b28c13a410421893ffa2e32 -> 
  custom:CustomObjectIndexerAttribute: 62b5816608c3102f162a1797e29626cf -> 
  custom:container-demuxer-webm: 4f35f7cbe854078d1ac9338744f61a02 -> 
  custom:container-muxer-webm: aa71ff27fc2769a1b78a27578f13a17b -> 
  custom:video-decoder-webm-vp8: 9c59270c3fd7afecdb556c50c9e8de78 -> 
  custom:SearchIndexIgnoredProperties: e643bd26f0fe6173181afceb89e7c659 -> 
  custom:AudioImporter_EditorPlatform: d09bf68614088b80899f8185d706f6e7 -> 
  custom:video-encoder-webm-vp8: eb34c28f22e8b96e1ab97ce403110664 -> 
  custom:audio-decoder-ogg-vorbis: bf7c407c2cedff20999df2af8eb42d56 -> 
  custom:audio-encoder-webm-vorbis: bf7c407c2cedff20999df2af8eb42d56 -> 
========================================================================
Received Import Request.
  Time since last request: 650816.597965 seconds.
  path: Assets/Textures/human-skin-freckled-unity/human-skin-freckled_normal-ogl.png
  artifactKey: Guid(cc8f95af92b96ca4cb5203c6a952bfd5) Importer(815301076,1909f56bfc062723c751e8b465ee728b)
Start importing Assets/Textures/human-skin-freckled-unity/human-skin-freckled_normal-ogl.png using Guid(cc8f95af92b96ca4cb5203c6a952bfd5) Importer(815301076,1909f56bfc062723c751e8b465ee728b)  -> (artifact id: 'a4a13930ea499609df46e24f63e853cd') in 0.151836 seconds
Number of updated asset objects reloaded before import = 0
Number of asset objects unloaded after import = 2
========================================================================
Received Import Request.
  Time since last request: 1370.806014 seconds.
  path: Assets/Scenes/VFX7.unity
  artifactKey: Guid(4e153ac164bd4a949a5344251a217e34) Importer(815301076,1909f56bfc062723c751e8b465ee728b)
Start importing Assets/Scenes/VFX7.unity using Guid(4e153ac164bd4a949a5344251a217e34) Importer(815301076,1909f56bfc062723c751e8b465ee728b)  -> (artifact id: '74e3c96d3013f7369bf0fe5fd97849dd') in 0.023091 seconds
Number of updated asset objects reloaded before import = 1
Number of asset objects unloaded after import = 0
========================================================================
Received Import Request.
  Time since last request: 0.556311 seconds.
  path: Assets/Scenes/VFX7 1.unity
  artifactKey: Guid(4cee3e0c6e5f7ed4f9e8cc62196c8e8f) Importer(815301076,1909f56bfc062723c751e8b465ee728b)
Start importing Assets/Scenes/VFX7 1.unity using Guid(4cee3e0c6e5f7ed4f9e8cc62196c8e8f) Importer(815301076,1909f56bfc062723c751e8b465ee728b)  -> (artifact id: '67151ed5238dfaa6d15b69cab768c936') in 0.001800 seconds
Number of updated asset objects reloaded before import = 0
Number of asset objects unloaded after import = 0
========================================================================
Received Import Request.
  Time since last request: 7.598367 seconds.
  path: Assets/Scenes/VFX8.unity
  artifactKey: Guid(4cee3e0c6e5f7ed4f9e8cc62196c8e8f) Importer(815301076,1909f56bfc062723c751e8b465ee728b)
Start importing Assets/Scenes/VFX8.unity using Guid(4cee3e0c6e5f7ed4f9e8cc62196c8e8f) Importer(815301076,1909f56bfc062723c751e8b465ee728b)  -> (artifact id: 'ed7e056d217ce64143c753c8f0f9f38e') in 0.001334 seconds
Number of updated asset objects reloaded before import = 0
Number of asset objects unloaded after import = 0
========================================================================
Received Import Request.
  Time since last request: 27.307007 seconds.
  path: Assets/Shader/MatCap.shadergraph
  artifactKey: Guid(9cd577035a2cb3740a5af8953dcebbcd) Importer(815301076,1909f56bfc062723c751e8b465ee728b)
Start importing Assets/Shader/MatCap.shadergraph using Guid(9cd577035a2cb3740a5af8953dcebbcd) Importer(815301076,1909f56bfc062723c751e8b465ee728b)  -> (artifact id: '4e91265463557d20af0e123b3fab00cb') in 1.702187 seconds
Number of updated asset objects reloaded before import = 0
Number of asset objects unloaded after import = 4
========================================================================
Received Import Request.
  Time since last request: 57.855927 seconds.
  path: Assets/Shader/MatCapMaterial.mat
  artifactKey: Guid(0e31d4020146a4040a38add5420eb2ec) Importer(815301076,1909f56bfc062723c751e8b465ee728b)
Start importing Assets/Shader/MatCapMaterial.mat using Guid(0e31d4020146a4040a38add5420eb2ec) Importer(815301076,1909f56bfc062723c751e8b465ee728b)  -> (artifact id: 'db50ef2f71846fc9d35d6bfca2025ae9') in 0.032882 seconds
Number of updated asset objects reloaded before import = 0
Number of asset objects unloaded after import = 3
========================================================================
Received Import Request.
  Time since last request: 10.985914 seconds.
  path: Assets/Material/MatCap
  artifactKey: Guid(34ac582aea67a694bb18e9e23ef1a10c) Importer(815301076,1909f56bfc062723c751e8b465ee728b)
Start importing Assets/Material/MatCap using Guid(34ac582aea67a694bb18e9e23ef1a10c) Importer(815301076,1909f56bfc062723c751e8b465ee728b)  -> (artifact id: '717d239dca4276b8c76240e3096c4f13') in 0.001468 seconds
Number of updated asset objects reloaded before import = 0
Number of asset objects unloaded after import = 0
========================================================================
Received Import Request.
  Time since last request: 375.730052 seconds.
  path: Assets/Material/MatCap/MatCapMaterial.mat
  artifactKey: Guid(0e31d4020146a4040a38add5420eb2ec) Importer(815301076,1909f56bfc062723c751e8b465ee728b)
Start importing Assets/Material/MatCap/MatCapMaterial.mat using Guid(0e31d4020146a4040a38add5420eb2ec) Importer(815301076,1909f56bfc062723c751e8b465ee728b)  -> (artifact id: '41e7b233fae55658a9566180c8d3e629') in 0.573713 seconds
Number of updated asset objects reloaded before import = 0
Number of asset objects unloaded after import = 3
========================================================================
Received Import Request.
  Time since last request: 14.424785 seconds.
  path: Assets/Textures/MatCap
  artifactKey: Guid(db2018bef8804d240a479464443b8580) Importer(815301076,1909f56bfc062723c751e8b465ee728b)
Start importing Assets/Textures/MatCap using Guid(db2018bef8804d240a479464443b8580) Importer(815301076,1909f56bfc062723c751e8b465ee728b)  -> (artifact id: '947773952ace52b542bcd67d0512b82d') in 0.001033 seconds
Number of updated asset objects reloaded before import = 0
Number of asset objects unloaded after import = 0
========================================================================
Received Import Request.
  Time since last request: 9.735499 seconds.
  path: Assets/Textures/MatCap/MatcapAniso.jpg
  artifactKey: Guid(d2bb26ceab5ffc24fa353ad1aab0138b) Importer(815301076,1909f56bfc062723c751e8b465ee728b)
Start importing Assets/Textures/MatCap/MatcapAniso.jpg using Guid(d2bb26ceab5ffc24fa353ad1aab0138b) Importer(815301076,1909f56bfc062723c751e8b465ee728b)  -> (artifact id: 'c524ff6c2e5ae9316ebf6b8fab324730') in 0.187941 seconds
Number of updated asset objects reloaded before import = 0
Number of asset objects unloaded after import = 2
========================================================================
Received Import Request.
  Time since last request: 0.000025 seconds.
  path: Assets/Textures/MatCap/MatcapSkin.jpg
  artifactKey: Guid(8b7a95001ae9f71429fd2908a324d771) Importer(815301076,1909f56bfc062723c751e8b465ee728b)
Start importing Assets/Textures/MatCap/MatcapSkin.jpg using Guid(8b7a95001ae9f71429fd2908a324d771) Importer(815301076,1909f56bfc062723c751e8b465ee728b)  -> (artifact id: '6161573a13f0ded0137d6c5570556763') in 0.022812 seconds
Number of updated asset objects reloaded before import = 0
Number of asset objects unloaded after import = 2
========================================================================
Received Import Request.
  Time since last request: 18.785745 seconds.
  path: Assets/Material/MatCap/MatCapMaterial.mat
  artifactKey: Guid(0e31d4020146a4040a38add5420eb2ec) Importer(815301076,1909f56bfc062723c751e8b465ee728b)
Start importing Assets/Material/MatCap/MatCapMaterial.mat using Guid(0e31d4020146a4040a38add5420eb2ec) Importer(815301076,1909f56bfc062723c751e8b465ee728b)  -> (artifact id: '4117d3cd3a78248470d6c85dc0dedf6c') in 0.507662 seconds
Number of updated asset objects reloaded before import = 0
Number of asset objects unloaded after import = 3
========================================================================
Received Import Request.
  Time since last request: 19.599858 seconds.
  path: Assets/Material/MatCap/MatCapMaterial.mat
  artifactKey: Guid(0e31d4020146a4040a38add5420eb2ec) Importer(815301076,1909f56bfc062723c751e8b465ee728b)
Start importing Assets/Material/MatCap/MatCapMaterial.mat using Guid(0e31d4020146a4040a38add5420eb2ec) Importer(815301076,1909f56bfc062723c751e8b465ee728b)  -> (artifact id: 'a657b2967a9100f40e5cf07b224f28d7') in 0.024111 seconds
Number of updated asset objects reloaded before import = 0
Number of asset objects unloaded after import = 4
========================================================================
Received Import Request.
  Time since last request: 313.922368 seconds.
  path: Assets/Material/MatCap/MatCapMaterial.mat
  artifactKey: Guid(0e31d4020146a4040a38add5420eb2ec) Importer(815301076,1909f56bfc062723c751e8b465ee728b)
Start importing Assets/Material/MatCap/MatCapMaterial.mat using Guid(0e31d4020146a4040a38add5420eb2ec) Importer(815301076,1909f56bfc062723c751e8b465ee728b)  -> (artifact id: '8251a684da7f612c37fe374dd95efb7d') in 0.596856 seconds
Number of updated asset objects reloaded before import = 0
Number of asset objects unloaded after import = 4
========================================================================
Received Import Request.
  Time since last request: 98.813125 seconds.
  path: Assets/Material/MatCap/MatCapMaterial.mat
  artifactKey: Guid(0e31d4020146a4040a38add5420eb2ec) Importer(815301076,1909f56bfc062723c751e8b465ee728b)
Start importing Assets/Material/MatCap/MatCapMaterial.mat using Guid(0e31d4020146a4040a38add5420eb2ec) Importer(815301076,1909f56bfc062723c751e8b465ee728b)  -> (artifact id: 'ad000ea60e5aefc5147da855f0165870') in 0.631102 seconds
Number of updated asset objects reloaded before import = 0
Number of asset objects unloaded after import = 4
========================================================================
Received Import Request.
  Time since last request: 263.570349 seconds.
  path: Assets/Scenes/VFX8.unity
  artifactKey: Guid(4cee3e0c6e5f7ed4f9e8cc62196c8e8f) Importer(815301076,1909f56bfc062723c751e8b465ee728b)
Start importing Assets/Scenes/VFX8.unity using Guid(4cee3e0c6e5f7ed4f9e8cc62196c8e8f) Importer(815301076,1909f56bfc062723c751e8b465ee728b)  -> (artifact id: '57b0cf50101d13d3a47a362bdfa6c476') in 0.004198 seconds
Number of updated asset objects reloaded before import = 0
Number of asset objects unloaded after import = 0
========================================================================
Received Import Request.
  Time since last request: 1.586662 seconds.
  path: Assets/Scenes/VFX8 1.unity
  artifactKey: Guid(ec5b86c09c4a5744481ea6d75a5a31c7) Importer(815301076,1909f56bfc062723c751e8b465ee728b)
Start importing Assets/Scenes/VFX8 1.unity using Guid(ec5b86c09c4a5744481ea6d75a5a31c7) Importer(815301076,1909f56bfc062723c751e8b465ee728b)  -> (artifact id: 'a1bccf44afe29bbbcdf830f31bd461ee') in 0.001590 seconds
Number of updated asset objects reloaded before import = 0
Number of asset objects unloaded after import = 0
========================================================================
Received Import Request.
  Time since last request: 4.501214 seconds.
  path: Assets/Scenes/VFX9.unity
  artifactKey: Guid(ec5b86c09c4a5744481ea6d75a5a31c7) Importer(815301076,1909f56bfc062723c751e8b465ee728b)
Start importing Assets/Scenes/VFX9.unity using Guid(ec5b86c09c4a5744481ea6d75a5a31c7) Importer(815301076,1909f56bfc062723c751e8b465ee728b)  -> (artifact id: 'b1e43c82ee0412b96bc7e45fdff84517') in 0.000925 seconds
Number of updated asset objects reloaded before import = 0
Number of asset objects unloaded after import = 0
========================================================================
Received Import Request.
  Time since last request: 54.027663 seconds.
  path: Assets/Shader/ToonLit.shadergraph
  artifactKey: Guid(47717566afd0f7c4d88e4b589b05e8d2) Importer(815301076,1909f56bfc062723c751e8b465ee728b)
Start importing Assets/Shader/ToonLit.shadergraph using Guid(47717566afd0f7c4d88e4b589b05e8d2) Importer(815301076,1909f56bfc062723c751e8b465ee728b)  -> (artifact id: 'fd1584190ac5aec58e75799d62fadb6b') in 0.611167 seconds
Number of updated asset objects reloaded before import = 0
Number of asset objects unloaded after import = 3
========================================================================
Received Import Request.
  Time since last request: 545.797664 seconds.
  path: Assets/Shader/ToonLit.shadergraph
  artifactKey: Guid(47717566afd0f7c4d88e4b589b05e8d2) Importer(815301076,1909f56bfc062723c751e8b465ee728b)
Start importing Assets/Shader/ToonLit.shadergraph using Guid(47717566afd0f7c4d88e4b589b05e8d2) Importer(815301076,1909f56bfc062723c751e8b465ee728b)  -> (artifact id: 'c9ca9b58bfe2d44ff1f57dd2291e09b4') in 0.343501 seconds
Number of updated asset objects reloaded before import = 0
Number of asset objects unloaded after import = 3
========================================================================
Received Import Request.
  Time since last request: 5.009941 seconds.
  path: Assets/Textures/ToonGrading.png
  artifactKey: Guid(285ba94afb4518c439fb8c5a369def6d) Importer(815301076,1909f56bfc062723c751e8b465ee728b)
Start importing Assets/Textures/ToonGrading.png using Guid(285ba94afb4518c439fb8c5a369def6d) Importer(815301076,1909f56bfc062723c751e8b465ee728b)  -> (artifact id: 'df684cee2d9f74318b2f58b0f0a00837') in 0.070660 seconds
Number of updated asset objects reloaded before import = 0
Number of asset objects unloaded after import = 2
========================================================================
Received Import Request.
  Time since last request: 26.249467 seconds.
  path: Assets/Textures/ToonGrading.png
  artifactKey: Guid(285ba94afb4518c439fb8c5a369def6d) Importer(815301076,1909f56bfc062723c751e8b465ee728b)
Start importing Assets/Textures/ToonGrading.png using Guid(285ba94afb4518c439fb8c5a369def6d) Importer(815301076,1909f56bfc062723c751e8b465ee728b)  -> (artifact id: '9d2c3ac7a8378dbef5bedbed029937a7') in 0.012796 seconds
Number of updated asset objects reloaded before import = 0
Number of asset objects unloaded after import = 2
========================================================================
Received Import Request.
  Time since last request: 99.520417 seconds.
  path: Assets/Shader/ToonLit.shadergraph
  artifactKey: Guid(47717566afd0f7c4d88e4b589b05e8d2) Importer(815301076,1909f56bfc062723c751e8b465ee728b)
Start importing Assets/Shader/ToonLit.shadergraph using Guid(47717566afd0f7c4d88e4b589b05e8d2) Importer(815301076,1909f56bfc062723c751e8b465ee728b)  -> (artifact id: '2d6d8b4b8dba423f9eec973bc6efb451') in 0.418056 seconds
Number of updated asset objects reloaded before import = 0
Number of asset objects unloaded after import = 4
========================================================================
Received Import Request.
  Time since last request: 16.112886 seconds.
  path: Assets/Shader/ToonLit.mat
  artifactKey: Guid(0aca3bfc2a64da84ba71c25a2fe1f9cb) Importer(815301076,1909f56bfc062723c751e8b465ee728b)
Start importing Assets/Shader/ToonLit.mat using Guid(0aca3bfc2a64da84ba71c25a2fe1f9cb) Importer(815301076,1909f56bfc062723c751e8b465ee728b)  -> (artifact id: 'dbc9f3d990c860cf8dcbeac69ec3acee') in 0.017002 seconds
Number of updated asset objects reloaded before import = 0
Number of asset objects unloaded after import = 4
========================================================================
Received Import Request.
  Time since last request: 13.940100 seconds.
  path: Assets/Material/ToonLit
  artifactKey: Guid(d3b46df88e8d3234589272cd22a8bd7d) Importer(815301076,1909f56bfc062723c751e8b465ee728b)
Start importing Assets/Material/ToonLit using Guid(d3b46df88e8d3234589272cd22a8bd7d) Importer(815301076,1909f56bfc062723c751e8b465ee728b)  -> (artifact id: '7bafd923304b3bf48254caef31a38bb7') in 0.001146 seconds
Number of updated asset objects reloaded before import = 0
Number of asset objects unloaded after import = 0
========================================================================
Received Import Request.
  Time since last request: 162.584168 seconds.
  path: Assets/Material/ToonLit/ToonLit.mat
  artifactKey: Guid(0aca3bfc2a64da84ba71c25a2fe1f9cb) Importer(815301076,1909f56bfc062723c751e8b465ee728b)
Start importing Assets/Material/ToonLit/ToonLit.mat using Guid(0aca3bfc2a64da84ba71c25a2fe1f9cb) Importer(815301076,1909f56bfc062723c751e8b465ee728b)  -> (artifact id: 'f5602a5f89a5eec513abd5451dcb5276') in 0.520028 seconds
Number of updated asset objects reloaded before import = 0
Number of asset objects unloaded after import = 4
========================================================================
Received Import Request.
  Time since last request: 8.318828 seconds.
  path: Assets/Shader/ShaderLitSkin.shadergraph
  artifactKey: Guid(c5c8e14484a250c4e9f20cbe4a8538f7) Importer(815301076,1909f56bfc062723c751e8b465ee728b)
Start importing Assets/Shader/ShaderLitSkin.shadergraph using Guid(c5c8e14484a250c4e9f20cbe4a8538f7) Importer(815301076,1909f56bfc062723c751e8b465ee728b)  -> (artifact id: 'a9ce4166ee75f51a71280306dd4af345') in 0.555597 seconds
Number of updated asset objects reloaded before import = 0
Number of asset objects unloaded after import = 4
