Using pre-set license
Built from '2022.3/release' branch; Version is '2022.3.20f1 (61c2feb0970d) revision 6406910'; Using compiler version '192829333'; Build Type 'Release'
OS: 'Windows 11  (10.0.22631) 64bit CoreSingleLanguage' Language: 'es' Physical Memory: 7955 MB
BatchMode: 1, IsHumanControllingUs: 0, StartBugReporterOnCrash: 0, Is64bit: 1, IsPro: 1

COMMAND LINE ARGUMENTS:
C:\Program Files\Unity\Hub\Editor\2022.3.20f1\Editor\Unity.exe
-adb2
-batchMode
-noUpm
-name
AssetImportWorker0
-projectPath
C:/Users/Acer/Desktop/Computacion Grafica/VFX/VFX_ComputacionGrafica
-logFile
Logs/AssetImportWorker0.log
-srvPort
51416
Successfully changed project path to: C:/Users/Acer/Desktop/Computacion Grafica/VFX/VFX_ComputacionGrafica
C:/Users/Acer/Desktop/Computacion Grafica/VFX/VFX_ComputacionGrafica
[UnityMemory] Configuration Parameters - Can be set up in boot.config
    "memorysetup-bucket-allocator-granularity=16"
    "memorysetup-bucket-allocator-bucket-count=8"
    "memorysetup-bucket-allocator-block-size=33554432"
    "memorysetup-bucket-allocator-block-count=8"
    "memorysetup-main-allocator-block-size=16777216"
    "memorysetup-thread-allocator-block-size=16777216"
    "memorysetup-gfx-main-allocator-block-size=16777216"
    "memorysetup-gfx-thread-allocator-block-size=16777216"
    "memorysetup-cache-allocator-block-size=4194304"
    "memorysetup-typetree-allocator-block-size=2097152"
    "memorysetup-profiler-bucket-allocator-granularity=16"
    "memorysetup-profiler-bucket-allocator-bucket-count=8"
    "memorysetup-profiler-bucket-allocator-block-size=33554432"
    "memorysetup-profiler-bucket-allocator-block-count=8"
    "memorysetup-profiler-allocator-block-size=16777216"
    "memorysetup-profiler-editor-allocator-block-size=1048576"
    "memorysetup-temp-allocator-size-main=16777216"
    "memorysetup-job-temp-allocator-block-size=2097152"
    "memorysetup-job-temp-allocator-block-size-background=1048576"
    "memorysetup-job-temp-allocator-reduction-small-platforms=262144"
    "memorysetup-allocator-temp-initial-block-size-main=262144"
    "memorysetup-allocator-temp-initial-block-size-worker=262144"
    "memorysetup-temp-allocator-size-background-worker=32768"
    "memorysetup-temp-allocator-size-job-worker=262144"
    "memorysetup-temp-allocator-size-preload-manager=33554432"
    "memorysetup-temp-allocator-size-nav-mesh-worker=65536"
    "memorysetup-temp-allocator-size-audio-worker=65536"
    "memorysetup-temp-allocator-size-cloud-worker=32768"
    "memorysetup-temp-allocator-size-gi-baking-worker=262144"
    "memorysetup-temp-allocator-size-gfx=262144"
Player connection [19332] Host "[IP] 10.8.73.239 [Port] 0 [Flags] 2 [Guid] 3442783733 [EditorId] 3442783733 [Version] 1048832 [Id] WindowsEditor(7,LAPTOP-PM0FQCBJ) [Debug] 1 [PackageName] WindowsEditor [ProjectName] Editor" joined multi-casting on [225.0.0.222:54997]...

Player connection [19332] Host "[IP] 10.8.73.239 [Port] 0 [Flags] 2 [Guid] 3442783733 [EditorId] 3442783733 [Version] 1048832 [Id] WindowsEditor(7,LAPTOP-PM0FQCBJ) [Debug] 1 [PackageName] WindowsEditor [ProjectName] Editor" joined alternative multi-casting on [225.0.0.222:34997]...

[Physics::Module] Initialized MultithreadedJobDispatcher with 11 workers.
Refreshing native plugins compatible for Editor in 172.44 ms, found 3 plugins.
Preloading 0 native plugins for Editor in 0.00 ms.
Initialize engine version: 2022.3.20f1 (61c2feb0970d)
[Subsystems] Discovering subsystems at path C:/Program Files/Unity/Hub/Editor/2022.3.20f1/Editor/Data/Resources/UnitySubsystems
[Subsystems] Discovering subsystems at path C:/Users/Acer/Desktop/Computacion Grafica/VFX/VFX_ComputacionGrafica/Assets
GfxDevice: creating device client; threaded=0; jobified=0
Direct3D:
    Version:  Direct3D 11.0 [level 11.1]
    Renderer: NVIDIA GeForce GTX 1650 (ID=0x1f9d)
    Vendor:   NVIDIA
    VRAM:     3950 MB
    Driver:   31.0.15.4633
Initialize mono
Mono path[0] = 'C:/Program Files/Unity/Hub/Editor/2022.3.20f1/Editor/Data/Managed'
Mono path[1] = 'C:/Program Files/Unity/Hub/Editor/2022.3.20f1/Editor/Data/MonoBleedingEdge/lib/mono/unityjit-win32'
Mono config path = 'C:/Program Files/Unity/Hub/Editor/2022.3.20f1/Editor/Data/MonoBleedingEdge/etc'
Using monoOptions --debugger-agent=transport=dt_socket,embedding=1,server=y,suspend=n,address=127.0.0.1:56080
Begin MonoManager ReloadAssembly
Registering precompiled unity dll's ...
Register platform support module: C:/Program Files/Unity/Hub/Editor/2022.3.20f1/Editor/Data/PlaybackEngines/WindowsStandaloneSupport/UnityEditor.WindowsStandalone.Extensions.dll
Registered in 0.009936 seconds.
- Loaded All Assemblies, in  0.489 seconds
Native extension for WindowsStandalone target not found
Mono: successfully reloaded assembly
- Finished resetting the current domain, in  0.283 seconds
Domain Reload Profiling: 770ms
	BeginReloadAssembly (175ms)
		ExecutionOrderSort (0ms)
		DisableScriptedObjects (0ms)
		BackupInstance (0ms)
		ReleaseScriptingObjects (0ms)
		CreateAndSetChildDomain (2ms)
	RebuildCommonClasses (61ms)
	RebuildNativeTypeToScriptingClass (12ms)
	initialDomainReloadingComplete (72ms)
	LoadAllAssembliesAndSetupDomain (168ms)
		LoadAssemblies (170ms)
		RebuildTransferFunctionScriptingTraits (0ms)
		AnalyzeDomain (165ms)
			TypeCache.Refresh (162ms)
				TypeCache.ScanAssembly (146ms)
			ScanForSourceGeneratedMonoScriptInfo (1ms)
			ResolveRequiredComponents (1ms)
	FinalizeReload (283ms)
		ReleaseScriptCaches (0ms)
		RebuildScriptCaches (0ms)
		SetupLoadedEditorAssemblies (217ms)
			LogAssemblyErrors (0ms)
			InitializePlatformSupportModulesInManaged (9ms)
			SetLoadedEditorAssemblies (8ms)
			RefreshPlugins (0ms)
			BeforeProcessingInitializeOnLoad (3ms)
			ProcessInitializeOnLoadAttributes (153ms)
			ProcessInitializeOnLoadMethodAttributes (43ms)
			AfterProcessingInitializeOnLoad (0ms)
			EditorAssembliesLoaded (0ms)
		ExecutionOrderSort2 (0ms)
		AwakeInstancesAfterBackupRestoration (0ms)
========================================================================
Worker process is ready to serve import requests
Begin MonoManager ReloadAssembly
- Loaded All Assemblies, in  0.891 seconds
Refreshing native plugins compatible for Editor in 5.98 ms, found 3 plugins.
Native extension for WindowsStandalone target not found
Package Manager log level set to [2]
[Package Manager] Server::EnsureServerProcessIsRunning -- launch failed, reason: Unity was launched with the -noUpm command-line argument
[Package Manager] UpmClient::Send -- Unable to send message (not connected to UPM process).
[Package Manager] Cannot connect to Unity Package Manager local server
Mono: successfully reloaded assembly
- Finished resetting the current domain, in  0.790 seconds
Domain Reload Profiling: 1680ms
	BeginReloadAssembly (166ms)
		ExecutionOrderSort (0ms)
		DisableScriptedObjects (6ms)
		BackupInstance (0ms)
		ReleaseScriptingObjects (0ms)
		CreateAndSetChildDomain (27ms)
	RebuildCommonClasses (33ms)
	RebuildNativeTypeToScriptingClass (10ms)
	initialDomainReloadingComplete (47ms)
	LoadAllAssembliesAndSetupDomain (634ms)
		LoadAssemblies (489ms)
		RebuildTransferFunctionScriptingTraits (0ms)
		AnalyzeDomain (236ms)
			TypeCache.Refresh (198ms)
				TypeCache.ScanAssembly (174ms)
			ScanForSourceGeneratedMonoScriptInfo (24ms)
			ResolveRequiredComponents (12ms)
	FinalizeReload (791ms)
		ReleaseScriptCaches (0ms)
		RebuildScriptCaches (0ms)
		SetupLoadedEditorAssemblies (595ms)
			LogAssemblyErrors (0ms)
			InitializePlatformSupportModulesInManaged (6ms)
			SetLoadedEditorAssemblies (6ms)
			RefreshPlugins (0ms)
			BeforeProcessingInitializeOnLoad (85ms)
			ProcessInitializeOnLoadAttributes (403ms)
			ProcessInitializeOnLoadMethodAttributes (87ms)
			AfterProcessingInitializeOnLoad (7ms)
			EditorAssembliesLoaded (0ms)
		ExecutionOrderSort2 (0ms)
		AwakeInstancesAfterBackupRestoration (9ms)
Launched and connected shader compiler UnityShaderCompiler.exe after 0.06 seconds
Refreshing native plugins compatible for Editor in 4.57 ms, found 3 plugins.
Preloading 0 native plugins for Editor in 0.00 ms.
Unloading 4930 Unused Serialized files (Serialized files now loaded: 0)
Unloading 65 unused Assets / (351.7 KB). Loaded Objects now: 5389.
Memory consumption went from 275.1 MB to 274.8 MB.
Total: 6.916700 ms (FindLiveObjects: 0.506800 ms CreateObjectMapping: 0.350600 ms MarkObjects: 4.615300 ms  DeleteObjects: 1.442300 ms)

AssetImportParameters requested are different than current active one (requested -> active):
  custom:container-demuxer-ogg: 62fdf1f143b41e24485cea50d1cbac27 -> 
  custom:video-decoder-ogg-theora: a1e56fd34408186e4bbccfd4996cb3dc -> 
  custom:framework-win-MediaFoundation: 216162199b28c13a410421893ffa2e32 -> 
  custom:CustomObjectIndexerAttribute: 62b5816608c3102f162a1797e29626cf -> 
  custom:container-demuxer-webm: 4f35f7cbe854078d1ac9338744f61a02 -> 
  custom:container-muxer-webm: aa71ff27fc2769a1b78a27578f13a17b -> 
  custom:video-decoder-webm-vp8: 9c59270c3fd7afecdb556c50c9e8de78 -> 
  custom:SearchIndexIgnoredProperties: e643bd26f0fe6173181afceb89e7c659 -> 
  custom:AudioImporter_EditorPlatform: d09bf68614088b80899f8185d706f6e7 -> 
  custom:video-encoder-webm-vp8: eb34c28f22e8b96e1ab97ce403110664 -> 
  custom:audio-decoder-ogg-vorbis: bf7c407c2cedff20999df2af8eb42d56 -> 
  custom:audio-encoder-webm-vorbis: bf7c407c2cedff20999df2af8eb42d56 -> 
========================================================================
Received Import Request.
  Time since last request: 1561046.296523 seconds.
  path: Assets/Shader
  artifactKey: Guid(ba188dcb8a9cf9d4aa1de4e5b42335f3) Importer(815301076,1909f56bfc062723c751e8b465ee728b)
Start importing Assets/Shader using Guid(ba188dcb8a9cf9d4aa1de4e5b42335f3) Importer(815301076,1909f56bfc062723c751e8b465ee728b)  -> (artifact id: 'f32a1951f854d7bc731b8c1583ba088a') in 0.007705 seconds
Number of updated asset objects reloaded before import = 0
Number of asset objects unloaded after import = 0
========================================================================
Received Import Request.
  Time since last request: 134.510847 seconds.
  path: Assets/Shader/ParticlesAnimated.shadergraph
  artifactKey: Guid(069ec90441ee7154e82699eff63b25ad) Importer(815301076,1909f56bfc062723c751e8b465ee728b)
Start importing Assets/Shader/ParticlesAnimated.shadergraph using Guid(069ec90441ee7154e82699eff63b25ad) Importer(815301076,1909f56bfc062723c751e8b465ee728b)  -> (artifact id: '36797cb4d937a207e1e0e1305ffc2c1d') in 0.760405 seconds
Number of updated asset objects reloaded before import = 0
Number of asset objects unloaded after import = 4
========================================================================
Received Import Request.
  Time since last request: 221.738470 seconds.
  path: Assets/Shader/ParticlesAnimated.shadergraph
  artifactKey: Guid(069ec90441ee7154e82699eff63b25ad) Importer(815301076,1909f56bfc062723c751e8b465ee728b)
Start importing Assets/Shader/ParticlesAnimated.shadergraph using Guid(069ec90441ee7154e82699eff63b25ad) Importer(815301076,1909f56bfc062723c751e8b465ee728b)  -> (artifact id: '5be3d5912d9b3ecf0df94ead866036a1') in 0.427100 seconds
Number of updated asset objects reloaded before import = 0
Number of asset objects unloaded after import = 3
========================================================================
Received Import Request.
  Time since last request: 38.634819 seconds.
  path: Assets/Scenes/VFX2.unity
  artifactKey: Guid(f97da4d635cece24d8ed6e7f542f652c) Importer(815301076,1909f56bfc062723c751e8b465ee728b)
Start importing Assets/Scenes/VFX2.unity using Guid(f97da4d635cece24d8ed6e7f542f652c) Importer(815301076,1909f56bfc062723c751e8b465ee728b)  -> (artifact id: '9a896cb162590511d9d0378248d22a92') in 0.001608 seconds
Number of updated asset objects reloaded before import = 0
Number of asset objects unloaded after import = 0
========================================================================
Received Import Request.
  Time since last request: 931.898617 seconds.
  path: Assets/Shader/ParticlesAnimated.shadergraph
  artifactKey: Guid(069ec90441ee7154e82699eff63b25ad) Importer(815301076,1909f56bfc062723c751e8b465ee728b)
Start importing Assets/Shader/ParticlesAnimated.shadergraph using Guid(069ec90441ee7154e82699eff63b25ad) Importer(815301076,1909f56bfc062723c751e8b465ee728b)  -> (artifact id: '06f86459ac5571647f3afab6614dbcbc') in 0.473936 seconds
Number of updated asset objects reloaded before import = 0
Number of asset objects unloaded after import = 3
========================================================================
Received Import Request.
  Time since last request: 16.249289 seconds.
  path: Assets/Shader/ParticleAnimatedMat.mat
  artifactKey: Guid(779d249f99891f14eb68486d19bec283) Importer(815301076,1909f56bfc062723c751e8b465ee728b)
Start importing Assets/Shader/ParticleAnimatedMat.mat using Guid(779d249f99891f14eb68486d19bec283) Importer(815301076,1909f56bfc062723c751e8b465ee728b)  -> (artifact id: '504eeaf2772f905ea648570a6bed1ce9') in 0.025980 seconds
Number of updated asset objects reloaded before import = 0
Number of asset objects unloaded after import = 3
========================================================================
Received Import Request.
  Time since last request: 71.960046 seconds.
  path: Assets/Material/SlashMain.mat
  artifactKey: Guid(2b228312dd33eab4c995039d5769e4b7) Importer(815301076,1909f56bfc062723c751e8b465ee728b)
Start importing Assets/Material/SlashMain.mat using Guid(2b228312dd33eab4c995039d5769e4b7) Importer(815301076,1909f56bfc062723c751e8b465ee728b)  -> (artifact id: 'f297d412e93982d1d89cdb211b48e6a4') in 0.017312 seconds
Number of updated asset objects reloaded before import = 0
Number of asset objects unloaded after import = 5
========================================================================
Received Import Request.
  Time since last request: 60.970720 seconds.
  path: Assets/Material/ParticleAnimatedMat.mat
  artifactKey: Guid(779d249f99891f14eb68486d19bec283) Importer(815301076,1909f56bfc062723c751e8b465ee728b)
Start importing Assets/Material/ParticleAnimatedMat.mat using Guid(779d249f99891f14eb68486d19bec283) Importer(815301076,1909f56bfc062723c751e8b465ee728b)  -> (artifact id: '0b7049ebe1ba876ef4cc4e9bf6ab2e0e') in 0.354700 seconds
Number of updated asset objects reloaded before import = 0
Number of asset objects unloaded after import = 3
========================================================================
Received Import Request.
  Time since last request: 115.299873 seconds.
  path: Assets/Material/ParticleAnimatedMat.mat
  artifactKey: Guid(779d249f99891f14eb68486d19bec283) Importer(815301076,1909f56bfc062723c751e8b465ee728b)
Start importing Assets/Material/ParticleAnimatedMat.mat using Guid(779d249f99891f14eb68486d19bec283) Importer(815301076,1909f56bfc062723c751e8b465ee728b)  -> (artifact id: '2da75fa9508cfc59f73285433b5e43a4') in 0.388429 seconds
Number of updated asset objects reloaded before import = 0
Number of asset objects unloaded after import = 3
========================================================================
Received Import Request.
  Time since last request: 23.069325 seconds.
  path: Assets/Material/ParticleAnimatedMat.mat
  artifactKey: Guid(779d249f99891f14eb68486d19bec283) Importer(815301076,1909f56bfc062723c751e8b465ee728b)
Start importing Assets/Material/ParticleAnimatedMat.mat using Guid(779d249f99891f14eb68486d19bec283) Importer(815301076,1909f56bfc062723c751e8b465ee728b)  -> (artifact id: 'caf995f0fbb55793b354f3f8e69fce1f') in 0.023999 seconds
Number of updated asset objects reloaded before import = 0
Number of asset objects unloaded after import = 3
========================================================================
Received Import Request.
  Time since last request: 290.385604 seconds.
  path: Assets/Material/ParticleAnimatedMat.mat
  artifactKey: Guid(779d249f99891f14eb68486d19bec283) Importer(815301076,1909f56bfc062723c751e8b465ee728b)
Start importing Assets/Material/ParticleAnimatedMat.mat using Guid(779d249f99891f14eb68486d19bec283) Importer(815301076,1909f56bfc062723c751e8b465ee728b)  -> (artifact id: '72322a0aba8f789d4457aed2e7b6cf68') in 0.402376 seconds
Number of updated asset objects reloaded before import = 0
Number of asset objects unloaded after import = 3
========================================================================
Received Import Request.
  Time since last request: 237.944959 seconds.
  path: Assets/Material/ParticleAnimatedMat.mat
  artifactKey: Guid(779d249f99891f14eb68486d19bec283) Importer(815301076,1909f56bfc062723c751e8b465ee728b)
Start importing Assets/Material/ParticleAnimatedMat.mat using Guid(779d249f99891f14eb68486d19bec283) Importer(815301076,1909f56bfc062723c751e8b465ee728b)  -> (artifact id: '30bde958c8e38ac8d90e85c3a24d3f15') in 0.434600 seconds
Number of updated asset objects reloaded before import = 0
Number of asset objects unloaded after import = 3
========================================================================
Received Import Request.
  Time since last request: 17.125896 seconds.
  path: Assets/Material/SlashMain.mat
  artifactKey: Guid(2b228312dd33eab4c995039d5769e4b7) Importer(815301076,1909f56bfc062723c751e8b465ee728b)
Start importing Assets/Material/SlashMain.mat using Guid(2b228312dd33eab4c995039d5769e4b7) Importer(815301076,1909f56bfc062723c751e8b465ee728b)  -> (artifact id: 'd88ca68a0a843720436beed6f3340a5c') in 0.026267 seconds
Number of updated asset objects reloaded before import = 0
Number of asset objects unloaded after import = 5
========================================================================
Received Import Request.
  Time since last request: 520.466696 seconds.
  path: Assets/Material/ParticleAnimatedMat.mat
  artifactKey: Guid(779d249f99891f14eb68486d19bec283) Importer(815301076,1909f56bfc062723c751e8b465ee728b)
Start importing Assets/Material/ParticleAnimatedMat.mat using Guid(779d249f99891f14eb68486d19bec283) Importer(815301076,1909f56bfc062723c751e8b465ee728b)  -> (artifact id: 'f7e7046b1241c1bd3e1e84147f138285') in 0.394637 seconds
Number of updated asset objects reloaded before import = 0
Number of asset objects unloaded after import = 3
========================================================================
Received Import Request.
  Time since last request: 45.666771 seconds.
  path: Assets/Material/SlashBG.mat
  artifactKey: Guid(652b744aa71603d4995631c5e5d0f482) Importer(815301076,1909f56bfc062723c751e8b465ee728b)
Start importing Assets/Material/SlashBG.mat using Guid(652b744aa71603d4995631c5e5d0f482) Importer(815301076,1909f56bfc062723c751e8b465ee728b)  -> (artifact id: 'ae7d2c09b581abfa4a57ab468a50416d') in 0.041272 seconds
Number of updated asset objects reloaded before import = 0
Number of asset objects unloaded after import = 4
========================================================================
Received Import Request.
  Time since last request: 9.289966 seconds.
  path: Assets/Material/SlashBG.mat
  artifactKey: Guid(652b744aa71603d4995631c5e5d0f482) Importer(815301076,1909f56bfc062723c751e8b465ee728b)
Start importing Assets/Material/SlashBG.mat using Guid(652b744aa71603d4995631c5e5d0f482) Importer(815301076,1909f56bfc062723c751e8b465ee728b)  -> (artifact id: '48b28576b56fbc214b49b31036f779ac') in 0.027387 seconds
Number of updated asset objects reloaded before import = 0
Number of asset objects unloaded after import = 4
========================================================================
Received Import Request.
  Time since last request: 162.394310 seconds.
  path: Assets/Material/SlashBG.mat
  artifactKey: Guid(652b744aa71603d4995631c5e5d0f482) Importer(815301076,1909f56bfc062723c751e8b465ee728b)
Start importing Assets/Material/SlashBG.mat using Guid(652b744aa71603d4995631c5e5d0f482) Importer(815301076,1909f56bfc062723c751e8b465ee728b)  -> (artifact id: 'eb83c826699dfcf1c546a44e6cdb1a15') in 0.024622 seconds
Number of updated asset objects reloaded before import = 0
Number of asset objects unloaded after import = 4
========================================================================
Received Import Request.
  Time since last request: 0.000023 seconds.
  path: Assets/Material/SlashMain.mat
  artifactKey: Guid(2b228312dd33eab4c995039d5769e4b7) Importer(815301076,1909f56bfc062723c751e8b465ee728b)
Start importing Assets/Material/SlashMain.mat using Guid(2b228312dd33eab4c995039d5769e4b7) Importer(815301076,1909f56bfc062723c751e8b465ee728b)  -> (artifact id: '2e13790667a1b491662dfec9b0d75391') in 0.026330 seconds
Number of updated asset objects reloaded before import = 0
Number of asset objects unloaded after import = 5
========================================================================
Received Import Request.
  Time since last request: 568.381856 seconds.
  path: Assets/Material/SlashBG.mat
  artifactKey: Guid(652b744aa71603d4995631c5e5d0f482) Importer(815301076,1909f56bfc062723c751e8b465ee728b)
Start importing Assets/Material/SlashBG.mat using Guid(652b744aa71603d4995631c5e5d0f482) Importer(815301076,1909f56bfc062723c751e8b465ee728b)  -> (artifact id: 'ba6f3408cc8b0b9bc22faa1b174d8c43') in 0.465391 seconds
Number of updated asset objects reloaded before import = 0
Number of asset objects unloaded after import = 4
========================================================================
Received Prepare
Begin MonoManager ReloadAssembly
- Loaded All Assemblies, in  3.764 seconds
Refreshing native plugins compatible for Editor in 5.34 ms, found 3 plugins.
Native extension for WindowsStandalone target not found
[Package Manager] Server::EnsureServerProcessIsRunning -- launch failed, reason: Unity was launched with the -noUpm command-line argument
[Package Manager] UpmClient::Send -- Unable to send message (not connected to UPM process).
[Package Manager] Cannot connect to Unity Package Manager local server
Mono: successfully reloaded assembly
- Finished resetting the current domain, in 17.760 seconds
Domain Reload Profiling: 21522ms
	BeginReloadAssembly (640ms)
		ExecutionOrderSort (0ms)
		DisableScriptedObjects (92ms)
		BackupInstance (0ms)
		ReleaseScriptingObjects (0ms)
		CreateAndSetChildDomain (296ms)
	RebuildCommonClasses (153ms)
	RebuildNativeTypeToScriptingClass (11ms)
	initialDomainReloadingComplete (44ms)
	LoadAllAssembliesAndSetupDomain (2914ms)
		LoadAssemblies (3029ms)
		RebuildTransferFunctionScriptingTraits (0ms)
		AnalyzeDomain (33ms)
			TypeCache.Refresh (16ms)
				TypeCache.ScanAssembly (0ms)
			ScanForSourceGeneratedMonoScriptInfo (1ms)
			ResolveRequiredComponents (14ms)
	FinalizeReload (17761ms)
		ReleaseScriptCaches (0ms)
		RebuildScriptCaches (0ms)
		SetupLoadedEditorAssemblies (684ms)
			LogAssemblyErrors (0ms)
			InitializePlatformSupportModulesInManaged (18ms)
			SetLoadedEditorAssemblies (8ms)
			RefreshPlugins (0ms)
			BeforeProcessingInitializeOnLoad (100ms)
			ProcessInitializeOnLoadAttributes (473ms)
			ProcessInitializeOnLoadMethodAttributes (76ms)
			AfterProcessingInitializeOnLoad (9ms)
			EditorAssembliesLoaded (0ms)
		ExecutionOrderSort2 (0ms)
		AwakeInstancesAfterBackupRestoration (26ms)
Refreshing native plugins compatible for Editor in 3.30 ms, found 3 plugins.
Preloading 0 native plugins for Editor in 0.00 ms.
Unloading 4779 Unused Serialized files (Serialized files now loaded: 0)
Unloading 41 unused Assets / (318.6 KB). Loaded Objects now: 5473.
Memory consumption went from 256.7 MB to 256.4 MB.
Total: 5.593700 ms (FindLiveObjects: 0.549800 ms CreateObjectMapping: 0.245200 ms MarkObjects: 4.640900 ms  DeleteObjects: 0.156400 ms)

Prepare: number of updated asset objects reloaded= 0
AssetImportParameters requested are different than current active one (requested -> active):
  custom:container-demuxer-ogg: 62fdf1f143b41e24485cea50d1cbac27 -> 
  custom:video-decoder-ogg-theora: a1e56fd34408186e4bbccfd4996cb3dc -> 
  custom:framework-win-MediaFoundation: 216162199b28c13a410421893ffa2e32 -> 
  custom:CustomObjectIndexerAttribute: 62b5816608c3102f162a1797e29626cf -> 
  custom:container-demuxer-webm: 4f35f7cbe854078d1ac9338744f61a02 -> 
  custom:container-muxer-webm: aa71ff27fc2769a1b78a27578f13a17b -> 
  custom:video-decoder-webm-vp8: 9c59270c3fd7afecdb556c50c9e8de78 -> 
  custom:SearchIndexIgnoredProperties: e643bd26f0fe6173181afceb89e7c659 -> 
  custom:AudioImporter_EditorPlatform: d09bf68614088b80899f8185d706f6e7 -> 
  custom:video-encoder-webm-vp8: eb34c28f22e8b96e1ab97ce403110664 -> 
  custom:audio-decoder-ogg-vorbis: bf7c407c2cedff20999df2af8eb42d56 -> 
  custom:audio-encoder-webm-vorbis: bf7c407c2cedff20999df2af8eb42d56 -> 
========================================================================
Received Import Request.
  Time since last request: 63.584240 seconds.
  path: Assets/Material/SlashMain.mat
  artifactKey: Guid(2b228312dd33eab4c995039d5769e4b7) Importer(815301076,1909f56bfc062723c751e8b465ee728b)
Start importing Assets/Material/SlashMain.mat using Guid(2b228312dd33eab4c995039d5769e4b7) Importer(815301076,1909f56bfc062723c751e8b465ee728b)  -> (artifact id: '28f207f323d8b593571a53e283e12fc5') in 0.323508 seconds
Number of updated asset objects reloaded before import = 0
Number of asset objects unloaded after import = 23
========================================================================
Received Import Request.
  Time since last request: 16.583089 seconds.
  path: Assets/Textures/Slash_Main 1.png
  artifactKey: Guid(4f94fd316b2c86c4e99555d7d86ea64f) Importer(815301076,1909f56bfc062723c751e8b465ee728b)
Start importing Assets/Textures/Slash_Main 1.png using Guid(4f94fd316b2c86c4e99555d7d86ea64f) Importer(815301076,1909f56bfc062723c751e8b465ee728b)  -> (artifact id: 'b11d81805a1f695b982eaeb195260980') in 0.029222 seconds
Number of updated asset objects reloaded before import = 0
Number of asset objects unloaded after import = 2
========================================================================
Received Import Request.
  Time since last request: 10.032444 seconds.
  path: Assets/Textures/Slash_FG 1.png
  artifactKey: Guid(9a92b9632fd74794685a906bc1e67ce0) Importer(815301076,1909f56bfc062723c751e8b465ee728b)
Start importing Assets/Textures/Slash_FG 1.png using Guid(9a92b9632fd74794685a906bc1e67ce0) Importer(815301076,1909f56bfc062723c751e8b465ee728b)  -> (artifact id: '32b43142dfbf8c965b153c6b2e7b9a8f') in 0.016167 seconds
Number of updated asset objects reloaded before import = 0
Number of asset objects unloaded after import = 2
========================================================================
Received Import Request.
  Time since last request: 7.206615 seconds.
  path: Assets/Textures/Slash_BG 1.png
  artifactKey: Guid(9fb74ca67de5cad4d836b37ab999878d) Importer(815301076,1909f56bfc062723c751e8b465ee728b)
Start importing Assets/Textures/Slash_BG 1.png using Guid(9fb74ca67de5cad4d836b37ab999878d) Importer(815301076,1909f56bfc062723c751e8b465ee728b)  -> (artifact id: 'df3abc21b28bec9ddb32c2817143f881') in 0.017310 seconds
Number of updated asset objects reloaded before import = 0
Number of asset objects unloaded after import = 2
========================================================================
Received Import Request.
  Time since last request: 11.815606 seconds.
  path: Assets/Shader/ParticlesAnimated.shadergraph
  artifactKey: Guid(069ec90441ee7154e82699eff63b25ad) Importer(815301076,1909f56bfc062723c751e8b465ee728b)
Start importing Assets/Shader/ParticlesAnimated.shadergraph using Guid(069ec90441ee7154e82699eff63b25ad) Importer(815301076,1909f56bfc062723c751e8b465ee728b)  -> (artifact id: 'f8ab2ebd9d7ada327201a4b0240ce895') in 0.015486 seconds
Number of updated asset objects reloaded before import = 0
Number of asset objects unloaded after import = 2
